Using pre-set license
Built from '2021.3/staging' branch; Version is '2021.3.18f1 (3129e69bc0c7) revision 3221990'; Using compiler version '192829333'; Build Type 'Release'
OS: 'Windows 11  (10.0.22621) 64bit Core' Language: 'en' Physical Memory: 16303 MB
BatchMode: 1, IsHumanControllingUs: 0, StartBugReporterOnCrash: 0, Is64bit: 1, IsPro: 1

COMMAND LINE ARGUMENTS:
C:\Program Files\Unity\Hub\Editor\2021.3.18f1\Editor\Unity.exe
-adb2
-batchMode
-noUpm
-name
AssetImportWorker2
-projectPath
C:/Users/ryker/Documents/GitHub/UnityProjfects/Particle Project
-logFile
Logs/AssetImportWorker2.log
-srvPort
63225
Successfully changed project path to: C:/Users/ryker/Documents/GitHub/UnityProjfects/Particle Project
C:/Users/ryker/Documents/GitHub/UnityProjfects/Particle Project
[UnityMemory] Configuration Parameters - Can be set up in boot.config
    "memorysetup-bucket-allocator-granularity=16"
    "memorysetup-bucket-allocator-bucket-count=8"
    "memorysetup-bucket-allocator-block-size=33554432"
    "memorysetup-bucket-allocator-block-count=8"
    "memorysetup-main-allocator-block-size=16777216"
    "memorysetup-thread-allocator-block-size=16777216"
    "memorysetup-gfx-main-allocator-block-size=16777216"
    "memorysetup-gfx-thread-allocator-block-size=16777216"
    "memorysetup-cache-allocator-block-size=4194304"
    "memorysetup-typetree-allocator-block-size=2097152"
    "memorysetup-profiler-bucket-allocator-granularity=16"
    "memorysetup-profiler-bucket-allocator-bucket-count=8"
    "memorysetup-profiler-bucket-allocator-block-size=33554432"
    "memorysetup-profiler-bucket-allocator-block-count=8"
    "memorysetup-profiler-allocator-block-size=16777216"
    "memorysetup-profiler-editor-allocator-block-size=1048576"
    "memorysetup-temp-allocator-size-main=16777216"
    "memorysetup-job-temp-allocator-block-size=2097152"
    "memorysetup-job-temp-allocator-block-size-background=1048576"
    "memorysetup-job-temp-allocator-reduction-small-platforms=262144"
    "memorysetup-temp-allocator-size-background-worker=32768"
    "memorysetup-temp-allocator-size-job-worker=262144"
    "memorysetup-temp-allocator-size-preload-manager=33554432"
    "memorysetup-temp-allocator-size-nav-mesh-worker=65536"
    "memorysetup-temp-allocator-size-audio-worker=65536"
    "memorysetup-temp-allocator-size-cloud-worker=32768"
    "memorysetup-temp-allocator-size-gi-baking-worker=262144"
    "memorysetup-temp-allocator-size-gfx=262144"
Player connection [8104] Host "[IP] 10.255.165.184 [Port] 0 [Flags] 2 [Guid] 3545017783 [EditorId] 3545017783 [Version] 1048832 [Id] WindowsEditor(7,LAPTOP-P1G4P1MK) [Debug] 1 [PackageName] WindowsEditor [ProjectName] Editor" joined multi-casting on [225.0.0.222:54997]...

Player connection [8104] Host "[IP] 10.255.165.184 [Port] 0 [Flags] 2 [Guid] 3545017783 [EditorId] 3545017783 [Version] 1048832 [Id] WindowsEditor(7,LAPTOP-P1G4P1MK) [Debug] 1 [PackageName] WindowsEditor [ProjectName] Editor" joined alternative multi-casting on [225.0.0.222:34997]...

Refreshing native plugins compatible for Editor in 154.64 ms, found 3 plugins.
Preloading 0 native plugins for Editor in 0.00 ms.
Initialize engine version: 2021.3.18f1 (3129e69bc0c7)
[Subsystems] Discovering subsystems at path C:/Program Files/Unity/Hub/Editor/2021.3.18f1/Editor/Data/Resources/UnitySubsystems
[Subsystems] Discovering subsystems at path C:/Users/ryker/Documents/GitHub/UnityProjfects/Particle Project/Assets
GfxDevice: creating device client; threaded=0; jobified=0
Direct3D:
    Version:  Direct3D 11.0 [level 11.1]
    Renderer: NVIDIA GeForce RTX 2070 with Max-Q Design (ID=0x1f50)
    Vendor:   NVIDIA
    VRAM:     8019 MB
    Driver:   31.0.15.2756
Initialize mono
Mono path[0] = 'C:/Program Files/Unity/Hub/Editor/2021.3.18f1/Editor/Data/Managed'
Mono path[1] = 'C:/Program Files/Unity/Hub/Editor/2021.3.18f1/Editor/Data/MonoBleedingEdge/lib/mono/unityjit-win32'
Mono config path = 'C:/Program Files/Unity/Hub/Editor/2021.3.18f1/Editor/Data/MonoBleedingEdge/etc'
Using monoOptions --debugger-agent=transport=dt_socket,embedding=1,server=y,suspend=n,address=127.0.0.1:56220
Begin MonoManager ReloadAssembly
Registering precompiled unity dll's ...
Register platform support module: C:/Program Files/Unity/Hub/Editor/2021.3.18f1/Editor/Data/PlaybackEngines/AndroidPlayer/UnityEditor.Android.Extensions.dll
Register platform support module: C:/Program Files/Unity/Hub/Editor/2021.3.18f1/Editor/Data/PlaybackEngines/iOSSupport/UnityEditor.iOS.Extensions.dll
Register platform support module: C:/Program Files/Unity/Hub/Editor/2021.3.18f1/Editor/Data/PlaybackEngines/WindowsStandaloneSupport/UnityEditor.WindowsStandalone.Extensions.dll
Registered in 0.008371 seconds.
Native extension for WindowsStandalone target not found
[usbmuxd] Start listen thread
[usbmuxd] Listen thread started
Native extension for iOS target not found
Native extension for Android target not found
Android Extension - Scanning For ADB Devices 364 ms
Refreshing native plugins compatible for Editor in 162.14 ms, found 3 plugins.
Preloading 0 native plugins for Editor in 0.00 ms.
Mono: successfully reloaded assembly
- Completed reload, in  1.244 seconds
Domain Reload Profiling:
	ReloadAssembly (1245ms)
		BeginReloadAssembly (89ms)
			ExecutionOrderSort (0ms)
			DisableScriptedObjects (0ms)
			BackupInstance (0ms)
			ReleaseScriptingObjects (0ms)
			CreateAndSetChildDomain (1ms)
		EndReloadAssembly (997ms)
			LoadAssemblies (86ms)
			RebuildTransferFunctionScriptingTraits (0ms)
			SetupTypeCache (148ms)
			ReleaseScriptCaches (0ms)
			RebuildScriptCaches (32ms)
			SetupLoadedEditorAssemblies (760ms)
				LogAssemblyErrors (0ms)
				InitializePlatformSupportModulesInManaged (456ms)
				SetLoadedEditorAssemblies (0ms)
				RefreshPlugins (162ms)
				BeforeProcessingInitializeOnLoad (1ms)
				ProcessInitializeOnLoadAttributes (97ms)
				ProcessInitializeOnLoadMethodAttributes (43ms)
				AfterProcessingInitializeOnLoad (0ms)
				EditorAssembliesLoaded (0ms)
			ExecutionOrderSort2 (0ms)
			AwakeInstancesAfterBackupRestoration (0ms)
Platform modules already initialized, skipping
Registering precompiled user dll's ...
Registered in 0.008285 seconds.
Begin MonoManager ReloadAssembly
Symbol file LoadedFromMemory doesn't match image C:\Users\ryker\Documents\GitHub\UnityProjfects\Particle Project\Library\PackageCache\com.unity.visualscripting@1.8.0\Editor\VisualScripting.Core\Dependencies\YamlDotNet\Unity.VisualScripting.YamlDotNet.dll
Symbol file LoadedFromMemory doesn't match image C:\Users\ryker\Documents\GitHub\UnityProjfects\Particle Project\Library\PackageCache\com.unity.visualscripting@1.8.0\Editor\VisualScripting.Core\Dependencies\DotNetZip\Unity.VisualScripting.IonicZip.dll
Native extension for WindowsStandalone target not found
Native extension for iOS target not found
Native extension for Android target not found
Refreshing native plugins compatible for Editor in 122.34 ms, found 3 plugins.
Preloading 0 native plugins for Editor in 0.00 ms.
Mono: successfully reloaded assembly
- Completed reload, in  2.083 seconds
Domain Reload Profiling:
	ReloadAssembly (2085ms)
		BeginReloadAssembly (195ms)
			ExecutionOrderSort (0ms)
			DisableScriptedObjects (10ms)
			BackupInstance (0ms)
			ReleaseScriptingObjects (0ms)
			CreateAndSetChildDomain (37ms)
		EndReloadAssembly (1656ms)
			LoadAssemblies (177ms)
			RebuildTransferFunctionScriptingTraits (0ms)
			SetupTypeCache (490ms)
			ReleaseScriptCaches (1ms)
			RebuildScriptCaches (81ms)
			SetupLoadedEditorAssemblies (868ms)
				LogAssemblyErrors (0ms)
				InitializePlatformSupportModulesInManaged (22ms)
				SetLoadedEditorAssemblies (0ms)
				RefreshPlugins (122ms)
				BeforeProcessingInitializeOnLoad (129ms)
				ProcessInitializeOnLoadAttributes (303ms)
				ProcessInitializeOnLoadMethodAttributes (276ms)
				AfterProcessingInitializeOnLoad (16ms)
				EditorAssembliesLoaded (0ms)
			ExecutionOrderSort2 (0ms)
			AwakeInstancesAfterBackupRestoration (8ms)
Platform modules already initialized, skipping
========================================================================
Worker process is ready to serve import requests
Launched and connected shader compiler UnityShaderCompiler.exe after 0.11 seconds
Refreshing native plugins compatible for Editor in 2.42 ms, found 3 plugins.
Preloading 0 native plugins for Editor in 0.00 ms.
Unloading 6305 Unused Serialized files (Serialized files now loaded: 0)
Unloading 52 unused Assets / (3.9 MB). Loaded Objects now: 6757.
Memory consumption went from 288.1 MB to 284.2 MB.
Total: 10.248400 ms (FindLiveObjects: 0.921500 ms CreateObjectMapping: 1.051100 ms MarkObjects: 5.872600 ms  DeleteObjects: 2.401300 ms)

AssetImportParameters requested are different than current active one (requested -> active):
  custom:video-decoder-ogg-theora: a1e56fd34408186e4bbccfd4996cb3dc -> 
  custom:container-muxer-webm: aa71ff27fc2769a1b78a27578f13a17b -> 
  custom:container-demuxer-webm: 4f35f7cbe854078d1ac9338744f61a02 -> 
  custom:video-encoder-webm-vp8: eb34c28f22e8b96e1ab97ce403110664 -> 
  custom:video-codec-MediaFoundation-h265: 746d11721c4dcdbdad8f713fa42b33f4 -> 
  custom:audio-encoder-webm-vorbis: bf7c407c2cedff20999df2af8eb42d56 -> 
  custom:framework-win-MediaFoundation: 216162199b28c13a410421893ffa2e32 -> 
  custom:container-demuxer-ogg: 62fdf1f143b41e24485cea50d1cbac27 -> 
  custom:video-decoder-webm-vp8: 9c59270c3fd7afecdb556c50c9e8de78 -> 
  custom:audio-decoder-ogg-vorbis: bf7c407c2cedff20999df2af8eb42d56 -> 
========================================================================
Received Import Request.
  Time since last request: 82140.376004 seconds.
  path: Assets/Scenes/Main Scene.unity
  artifactKey: Guid(9fc0d4010bbf28b4594072e72b8655ab) Importer(815301076,1909f56bfc062723c751e8b465ee728b)
Start importing Assets/Scenes/Main Scene.unity using Guid(9fc0d4010bbf28b4594072e72b8655ab) Importer(815301076,1909f56bfc062723c751e8b465ee728b)  -> (artifact id: '4ba6f729b11e1c3a53361079b371ea3e') in 0.012296 seconds 
========================================================================
Received Prepare
Registering precompiled user dll's ...
Registered in 0.008340 seconds.
Begin MonoManager ReloadAssembly
Symbol file LoadedFromMemory doesn't match image C:\Users\ryker\Documents\GitHub\UnityProjfects\Particle Project\Library\PackageCache\com.unity.visualscripting@1.8.0\Editor\VisualScripting.Core\Dependencies\YamlDotNet\Unity.VisualScripting.YamlDotNet.dll
Symbol file LoadedFromMemory doesn't match image C:\Users\ryker\Documents\GitHub\UnityProjfects\Particle Project\Library\PackageCache\com.unity.visualscripting@1.8.0\Editor\VisualScripting.Core\Dependencies\DotNetZip\Unity.VisualScripting.IonicZip.dll
Native extension for WindowsStandalone target not found
Native extension for iOS target not found
Native extension for Android target not found
Refreshing native plugins compatible for Editor in 1.16 ms, found 3 plugins.
Preloading 0 native plugins for Editor in 0.00 ms.
Mono: successfully reloaded assembly
- Completed reload, in  1.833 seconds
Domain Reload Profiling:
	ReloadAssembly (1834ms)
		BeginReloadAssembly (162ms)
			ExecutionOrderSort (0ms)
			DisableScriptedObjects (11ms)
			BackupInstance (0ms)
			ReleaseScriptingObjects (0ms)
			CreateAndSetChildDomain (50ms)
		EndReloadAssembly (1565ms)
			LoadAssemblies (103ms)
			RebuildTransferFunctionScriptingTraits (0ms)
			SetupTypeCache (465ms)
			ReleaseScriptCaches (2ms)
			RebuildScriptCaches (87ms)
			SetupLoadedEditorAssemblies (692ms)
				LogAssemblyErrors (0ms)
				InitializePlatformSupportModulesInManaged (40ms)
				SetLoadedEditorAssemblies (0ms)
				RefreshPlugins (1ms)
				BeforeProcessingInitializeOnLoad (119ms)
				ProcessInitializeOnLoadAttributes (471ms)
				ProcessInitializeOnLoadMethodAttributes (47ms)
				AfterProcessingInitializeOnLoad (13ms)
				EditorAssembliesLoaded (0ms)
			ExecutionOrderSort2 (0ms)
			AwakeInstancesAfterBackupRestoration (67ms)
Platform modules already initialized, skipping
Refreshing native plugins compatible for Editor in 3.53 ms, found 3 plugins.
Preloading 0 native plugins for Editor in 0.00 ms.
Unloading 5978 Unused Serialized files (Serialized files now loaded: 0)
Unloading 45 unused Assets / (3.9 MB). Loaded Objects now: 6760.
Memory consumption went from 269.7 MB to 265.9 MB.
Total: 5.878900 ms (FindLiveObjects: 0.548000 ms CreateObjectMapping: 0.645700 ms MarkObjects: 3.824700 ms  DeleteObjects: 0.859300 ms)

AssetImportParameters requested are different than current active one (requested -> active):
  custom:video-decoder-ogg-theora: a1e56fd34408186e4bbccfd4996cb3dc -> 
  custom:container-muxer-webm: aa71ff27fc2769a1b78a27578f13a17b -> 
  custom:container-demuxer-webm: 4f35f7cbe854078d1ac9338744f61a02 -> 
  custom:video-encoder-webm-vp8: eb34c28f22e8b96e1ab97ce403110664 -> 
  custom:video-codec-MediaFoundation-h265: 746d11721c4dcdbdad8f713fa42b33f4 -> 
  custom:audio-encoder-webm-vorbis: bf7c407c2cedff20999df2af8eb42d56 -> 
  custom:framework-win-MediaFoundation: 216162199b28c13a410421893ffa2e32 -> 
  custom:container-demuxer-ogg: 62fdf1f143b41e24485cea50d1cbac27 -> 
  custom:video-decoder-webm-vp8: 9c59270c3fd7afecdb556c50c9e8de78 -> 
  custom:audio-decoder-ogg-vorbis: bf7c407c2cedff20999df2af8eb42d56 -> 
========================================================================
Received Prepare
Registering precompiled user dll's ...
Registered in 0.007272 seconds.
Begin MonoManager ReloadAssembly
Symbol file LoadedFromMemory doesn't match image C:\Users\ryker\Documents\GitHub\UnityProjfects\Particle Project\Library\PackageCache\com.unity.visualscripting@1.8.0\Editor\VisualScripting.Core\Dependencies\YamlDotNet\Unity.VisualScripting.YamlDotNet.dll
Symbol file LoadedFromMemory doesn't match image C:\Users\ryker\Documents\GitHub\UnityProjfects\Particle Project\Library\PackageCache\com.unity.visualscripting@1.8.0\Editor\VisualScripting.Core\Dependencies\DotNetZip\Unity.VisualScripting.IonicZip.dll
Native extension for WindowsStandalone target not found
Native extension for iOS target not found
Native extension for Android target not found
Refreshing native plugins compatible for Editor in 1.05 ms, found 3 plugins.
Preloading 0 native plugins for Editor in 0.00 ms.
Mono: successfully reloaded assembly
- Completed reload, in  1.518 seconds
Domain Reload Profiling:
	ReloadAssembly (1519ms)
		BeginReloadAssembly (150ms)
			ExecutionOrderSort (0ms)
			DisableScriptedObjects (6ms)
			BackupInstance (0ms)
			ReleaseScriptingObjects (0ms)
			CreateAndSetChildDomain (43ms)
		EndReloadAssembly (1249ms)
			LoadAssemblies (104ms)
			RebuildTransferFunctionScriptingTraits (0ms)
			SetupTypeCache (379ms)
			ReleaseScriptCaches (2ms)
			RebuildScriptCaches (94ms)
			SetupLoadedEditorAssemblies (509ms)
				LogAssemblyErrors (0ms)
				InitializePlatformSupportModulesInManaged (38ms)
				SetLoadedEditorAssemblies (0ms)
				RefreshPlugins (1ms)
				BeforeProcessingInitializeOnLoad (105ms)
				ProcessInitializeOnLoadAttributes (323ms)
				ProcessInitializeOnLoadMethodAttributes (31ms)
				AfterProcessingInitializeOnLoad (10ms)
				EditorAssembliesLoaded (0ms)
			ExecutionOrderSort2 (0ms)
			AwakeInstancesAfterBackupRestoration (46ms)
Platform modules already initialized, skipping
Refreshing native plugins compatible for Editor in 2.54 ms, found 3 plugins.
Preloading 0 native plugins for Editor in 0.00 ms.
Unloading 5978 Unused Serialized files (Serialized files now loaded: 0)
Unloading 45 unused Assets / (3.9 MB). Loaded Objects now: 6763.
Memory consumption went from 269.7 MB to 265.9 MB.
Total: 4.913300 ms (FindLiveObjects: 0.525500 ms CreateObjectMapping: 0.445000 ms MarkObjects: 3.025400 ms  DeleteObjects: 0.916100 ms)

AssetImportParameters requested are different than current active one (requested -> active):
  custom:video-decoder-ogg-theora: a1e56fd34408186e4bbccfd4996cb3dc -> 
  custom:container-muxer-webm: aa71ff27fc2769a1b78a27578f13a17b -> 
  custom:container-demuxer-webm: 4f35f7cbe854078d1ac9338744f61a02 -> 
  custom:video-encoder-webm-vp8: eb34c28f22e8b96e1ab97ce403110664 -> 
  custom:video-codec-MediaFoundation-h265: 746d11721c4dcdbdad8f713fa42b33f4 -> 
  custom:audio-encoder-webm-vorbis: bf7c407c2cedff20999df2af8eb42d56 -> 
  custom:framework-win-MediaFoundation: 216162199b28c13a410421893ffa2e32 -> 
  custom:container-demuxer-ogg: 62fdf1f143b41e24485cea50d1cbac27 -> 
  custom:video-decoder-webm-vp8: 9c59270c3fd7afecdb556c50c9e8de78 -> 
  custom:audio-decoder-ogg-vorbis: bf7c407c2cedff20999df2af8eb42d56 -> 
========================================================================
Received Import Request.
  Time since last request: 116.612621 seconds.
  path: Packages/com.unity.render-pipelines.high-definition/Runtime/RenderPipelineResources/Material/DefaultHDParticleMaterial.mat
  artifactKey: Guid(b739a3f02ff77bf48b7636e64c3e3b4c) Importer(815301076,1909f56bfc062723c751e8b465ee728b)
Start importing Packages/com.unity.render-pipelines.high-definition/Runtime/RenderPipelineResources/Material/DefaultHDParticleMaterial.mat using Guid(b739a3f02ff77bf48b7636e64c3e3b4c) Importer(815301076,1909f56bfc062723c751e8b465ee728b)  -> (artifact id: '8aa29bb05c99b5ba30281326a1831833') in 2.087025 seconds 
========================================================================
Received Import Request.
  Time since last request: 114.944788 seconds.
  path: Assets
  artifactKey: Guid(00000000000000001000000000000000) Importer(815301076,1909f56bfc062723c751e8b465ee728b)
Start importing Assets using Guid(00000000000000001000000000000000) Importer(815301076,1909f56bfc062723c751e8b465ee728b)  -> (artifact id: '79842766b460edbeab6a34051e857a80') in 0.003532 seconds 
========================================================================
Received Import Request.
  Time since last request: 4.735721 seconds.
  path: Assets/Effects
  artifactKey: Guid(68bb6508feae2144c8b3ee2f39456b59) Importer(815301076,1909f56bfc062723c751e8b465ee728b)
Start importing Assets/Effects using Guid(68bb6508feae2144c8b3ee2f39456b59) Importer(815301076,1909f56bfc062723c751e8b465ee728b)  -> (artifact id: '85359f27d55121992fb86a062a3dface') in 0.002988 seconds 
========================================================================
Received Import Request.
  Time since last request: 5.060549 seconds.
  path: Assets/Effects/Fireflies.prefab
  artifactKey: Guid(86f79f0a350a83d4ab7d28c46e802c66) Importer(815301076,1909f56bfc062723c751e8b465ee728b)
Start importing Assets/Effects/Fireflies.prefab using Guid(86f79f0a350a83d4ab7d28c46e802c66) Importer(815301076,1909f56bfc062723c751e8b465ee728b)  -> (artifact id: '8e8194b51d87b37751f6fe92a1835b7e') in 0.126113 seconds 
========================================================================
Received Prepare
Registering precompiled user dll's ...
Registered in 0.007197 seconds.
Begin MonoManager ReloadAssembly
Symbol file LoadedFromMemory doesn't match image C:\Users\ryker\Documents\GitHub\UnityProjfects\Particle Project\Library\PackageCache\com.unity.visualscripting@1.8.0\Editor\VisualScripting.Core\Dependencies\YamlDotNet\Unity.VisualScripting.YamlDotNet.dll
Symbol file LoadedFromMemory doesn't match image C:\Users\ryker\Documents\GitHub\UnityProjfects\Particle Project\Library\PackageCache\com.unity.visualscripting@1.8.0\Editor\VisualScripting.Core\Dependencies\DotNetZip\Unity.VisualScripting.IonicZip.dll
Native extension for WindowsStandalone target not found
Native extension for iOS target not found
Native extension for Android target not found
Refreshing native plugins compatible for Editor in 1.46 ms, found 3 plugins.
Preloading 0 native plugins for Editor in 0.00 ms.
Mono: successfully reloaded assembly
- Completed reload, in  1.668 seconds
Domain Reload Profiling:
	ReloadAssembly (1669ms)
		BeginReloadAssembly (249ms)
			ExecutionOrderSort (0ms)
			DisableScriptedObjects (31ms)
			BackupInstance (0ms)
			ReleaseScriptingObjects (0ms)
			CreateAndSetChildDomain (59ms)
		EndReloadAssembly (1313ms)
			LoadAssemblies (95ms)
			RebuildTransferFunctionScriptingTraits (0ms)
			SetupTypeCache (392ms)
			ReleaseScriptCaches (2ms)
			RebuildScriptCaches (90ms)
			SetupLoadedEditorAssemblies (522ms)
				LogAssemblyErrors (0ms)
				InitializePlatformSupportModulesInManaged (35ms)
				SetLoadedEditorAssemblies (0ms)
				RefreshPlugins (2ms)
				BeforeProcessingInitializeOnLoad (118ms)
				ProcessInitializeOnLoadAttributes (324ms)
				ProcessInitializeOnLoadMethodAttributes (33ms)
				AfterProcessingInitializeOnLoad (9ms)
				EditorAssembliesLoaded (0ms)
			ExecutionOrderSort2 (0ms)
			AwakeInstancesAfterBackupRestoration (47ms)
Platform modules already initialized, skipping
Refreshing native plugins compatible for Editor in 2.60 ms, found 3 plugins.
Preloading 0 native plugins for Editor in 0.00 ms.
Unloading 5978 Unused Serialized files (Serialized files now loaded: 0)
Unloading 47 unused Assets / (3.9 MB). Loaded Objects now: 6916.
Memory consumption went from 277.1 MB to 273.2 MB.
Total: 5.176700 ms (FindLiveObjects: 0.433300 ms CreateObjectMapping: 0.492000 ms MarkObjects: 3.369500 ms  DeleteObjects: 0.880800 ms)

AssetImportParameters requested are different than current active one (requested -> active):
  custom:video-decoder-ogg-theora: a1e56fd34408186e4bbccfd4996cb3dc -> 
  custom:container-muxer-webm: aa71ff27fc2769a1b78a27578f13a17b -> 
  custom:container-demuxer-webm: 4f35f7cbe854078d1ac9338744f61a02 -> 
  custom:video-encoder-webm-vp8: eb34c28f22e8b96e1ab97ce403110664 -> 
  custom:video-codec-MediaFoundation-h265: 746d11721c4dcdbdad8f713fa42b33f4 -> 
  custom:audio-encoder-webm-vorbis: bf7c407c2cedff20999df2af8eb42d56 -> 
  custom:framework-win-MediaFoundation: 216162199b28c13a410421893ffa2e32 -> 
  custom:container-demuxer-ogg: 62fdf1f143b41e24485cea50d1cbac27 -> 
  custom:video-decoder-webm-vp8: 9c59270c3fd7afecdb556c50c9e8de78 -> 
  custom:audio-decoder-ogg-vorbis: bf7c407c2cedff20999df2af8eb42d56 -> 
========================================================================
Received Import Request.
  Time since last request: 85.570174 seconds.
  path: Assets/Effects/Fire.vfx
  artifactKey: Guid(9fb095f58f3bae345a1455faf1e6e7e5) Importer(815301076,1909f56bfc062723c751e8b465ee728b)
Start importing Assets/Effects/Fire.vfx using Guid(9fb095f58f3bae345a1455faf1e6e7e5) Importer(815301076,1909f56bfc062723c751e8b465ee728b)  -> (artifact id: '9b6bc8a419e4c8b79d2fd8ba9bf84dbd') in 0.988807 seconds 
========================================================================
Received Import Request.
  Time since last request: 5.161057 seconds.
  path: Assets/Effects/Fire.vfx
  artifactKey: Guid(9fb095f58f3bae345a1455faf1e6e7e5) Importer(815301076,1909f56bfc062723c751e8b465ee728b)
Start importing Assets/Effects/Fire.vfx using Guid(9fb095f58f3bae345a1455faf1e6e7e5) Importer(815301076,1909f56bfc062723c751e8b465ee728b)  -> (artifact id: '3e02ceda368a8464d67b275918e349a3') in 0.248658 seconds 
========================================================================
Received Import Request.
  Time since last request: 252.289194 seconds.
  path: Assets/Effects/Fire.vfx
  artifactKey: Guid(9fb095f58f3bae345a1455faf1e6e7e5) Importer(815301076,1909f56bfc062723c751e8b465ee728b)
Start importing Assets/Effects/Fire.vfx using Guid(9fb095f58f3bae345a1455faf1e6e7e5) Importer(815301076,1909f56bfc062723c751e8b465ee728b)  -> (artifact id: '519a73328443252c73c95fa8c035620d') in 0.273857 seconds 
========================================================================
Received Import Request.
  Time since last request: 1626.214952 seconds.
  path: Assets/Effects/Fire.vfx
  artifactKey: Guid(9fb095f58f3bae345a1455faf1e6e7e5) Importer(815301076,1909f56bfc062723c751e8b465ee728b)
Start importing Assets/Effects/Fire.vfx using Guid(9fb095f58f3bae345a1455faf1e6e7e5) Importer(815301076,1909f56bfc062723c751e8b465ee728b)  -> (artifact id: 'c264bb56d296e988483271355e8d7b97') in 0.004248 seconds 
========================================================================
Received Import Request.
  Time since last request: 8.732704 seconds.
  path: Assets/Effects/Fire.vfx
  artifactKey: Guid(9fb095f58f3bae345a1455faf1e6e7e5) Importer(815301076,1909f56bfc062723c751e8b465ee728b)
Start importing Assets/Effects/Fire.vfx using Guid(9fb095f58f3bae345a1455faf1e6e7e5) Importer(815301076,1909f56bfc062723c751e8b465ee728b)  -> (artifact id: 'c5994f302e9edf22b5131c8aa8182979') in 0.308599 seconds 
========================================================================
Received Import Request.
  Time since last request: 50.862934 seconds.
  path: Assets/Effects/Fire.vfx
  artifactKey: Guid(9fb095f58f3bae345a1455faf1e6e7e5) Importer(815301076,1909f56bfc062723c751e8b465ee728b)
Start importing Assets/Effects/Fire.vfx using Guid(9fb095f58f3bae345a1455faf1e6e7e5) Importer(815301076,1909f56bfc062723c751e8b465ee728b)  -> (artifact id: '6cbe2f645c89b338e11296c083422434') in 0.301173 seconds 
========================================================================
Received Import Request.
  Time since last request: 12.197151 seconds.
  path: Assets/Effects/Fire.vfx
  artifactKey: Guid(9fb095f58f3bae345a1455faf1e6e7e5) Importer(815301076,1909f56bfc062723c751e8b465ee728b)
Start importing Assets/Effects/Fire.vfx using Guid(9fb095f58f3bae345a1455faf1e6e7e5) Importer(815301076,1909f56bfc062723c751e8b465ee728b)  -> (artifact id: 'af802439caf751339874045f82b847bd') in 0.312467 seconds 
========================================================================
Received Import Request.
  Time since last request: 10.564356 seconds.
  path: Assets/Effects/Fire.vfx
  artifactKey: Guid(9fb095f58f3bae345a1455faf1e6e7e5) Importer(815301076,1909f56bfc062723c751e8b465ee728b)
Start importing Assets/Effects/Fire.vfx using Guid(9fb095f58f3bae345a1455faf1e6e7e5) Importer(815301076,1909f56bfc062723c751e8b465ee728b)  -> (artifact id: '54fad79ab017a6d5fa2a500fae06d5d0') in 0.309096 seconds 
========================================================================
Received Import Request.
  Time since last request: 49.876190 seconds.
  path: Assets/Effects/Fire.vfx
  artifactKey: Guid(9fb095f58f3bae345a1455faf1e6e7e5) Importer(815301076,1909f56bfc062723c751e8b465ee728b)
Start importing Assets/Effects/Fire.vfx using Guid(9fb095f58f3bae345a1455faf1e6e7e5) Importer(815301076,1909f56bfc062723c751e8b465ee728b)  -> (artifact id: 'fbec1eefefbac728644f8c01a850081d') in 0.020349 seconds 
========================================================================
Received Import Request.
  Time since last request: 8.543396 seconds.
  path: Assets/Effects/Fire.vfx
  artifactKey: Guid(9fb095f58f3bae345a1455faf1e6e7e5) Importer(815301076,1909f56bfc062723c751e8b465ee728b)
Start importing Assets/Effects/Fire.vfx using Guid(9fb095f58f3bae345a1455faf1e6e7e5) Importer(815301076,1909f56bfc062723c751e8b465ee728b)  -> (artifact id: '83bab921cb34b896e31b9c559b24a97b') in 0.014268 seconds 
========================================================================
Received Import Request.
  Time since last request: 65.346510 seconds.
  path: Assets/Effects/Fire.vfx
  artifactKey: Guid(9fb095f58f3bae345a1455faf1e6e7e5) Importer(815301076,1909f56bfc062723c751e8b465ee728b)
Start importing Assets/Effects/Fire.vfx using Guid(9fb095f58f3bae345a1455faf1e6e7e5) Importer(815301076,1909f56bfc062723c751e8b465ee728b)  -> (artifact id: '5f065020b37a7153e66fa47594ef28ac') in 0.159266 seconds 
========================================================================
Received Import Request.
  Time since last request: 21.199496 seconds.
  path: Assets/Effects/Fire.vfx
  artifactKey: Guid(9fb095f58f3bae345a1455faf1e6e7e5) Importer(815301076,1909f56bfc062723c751e8b465ee728b)
Start importing Assets/Effects/Fire.vfx using Guid(9fb095f58f3bae345a1455faf1e6e7e5) Importer(815301076,1909f56bfc062723c751e8b465ee728b)  -> (artifact id: 'd745879d94bf7c10bf583642800c67b6') in 0.149960 seconds 
========================================================================
Received Import Request.
  Time since last request: 2.536179 seconds.
  path: Assets/Effects/Fire.vfx
  artifactKey: Guid(9fb095f58f3bae345a1455faf1e6e7e5) Importer(815301076,1909f56bfc062723c751e8b465ee728b)
Start importing Assets/Effects/Fire.vfx using Guid(9fb095f58f3bae345a1455faf1e6e7e5) Importer(815301076,1909f56bfc062723c751e8b465ee728b)  -> (artifact id: 'f1a9a725d7e7bff93e6268fc56f312f6') in 0.151305 seconds 
========================================================================
Received Import Request.
  Time since last request: 3.605046 seconds.
  path: Assets/Effects/Fire.vfx
  artifactKey: Guid(9fb095f58f3bae345a1455faf1e6e7e5) Importer(815301076,1909f56bfc062723c751e8b465ee728b)
Start importing Assets/Effects/Fire.vfx using Guid(9fb095f58f3bae345a1455faf1e6e7e5) Importer(815301076,1909f56bfc062723c751e8b465ee728b)  -> (artifact id: 'ed19d82ed4eb7a2917cbdb44b20910fc') in 0.151167 seconds 
========================================================================
Received Import Request.
  Time since last request: 24.231796 seconds.
  path: Assets/Effects/Fire.vfx
  artifactKey: Guid(9fb095f58f3bae345a1455faf1e6e7e5) Importer(815301076,1909f56bfc062723c751e8b465ee728b)
Start importing Assets/Effects/Fire.vfx using Guid(9fb095f58f3bae345a1455faf1e6e7e5) Importer(815301076,1909f56bfc062723c751e8b465ee728b)  -> (artifact id: 'a3c2d986e2e715b3ea3c803c854cfd95') in 0.002604 seconds 
========================================================================
Received Import Request.
  Time since last request: 12.313050 seconds.
  path: Assets/Effects/Fire.vfx
  artifactKey: Guid(9fb095f58f3bae345a1455faf1e6e7e5) Importer(815301076,1909f56bfc062723c751e8b465ee728b)
Start importing Assets/Effects/Fire.vfx using Guid(9fb095f58f3bae345a1455faf1e6e7e5) Importer(815301076,1909f56bfc062723c751e8b465ee728b)  -> (artifact id: 'b5f8d28b438692dce0a57aecc1f4c347') in 0.340461 seconds 
========================================================================
Received Import Request.
  Time since last request: 21.349567 seconds.
  path: Assets/Effects/Fire.vfx
  artifactKey: Guid(9fb095f58f3bae345a1455faf1e6e7e5) Importer(815301076,1909f56bfc062723c751e8b465ee728b)
Start importing Assets/Effects/Fire.vfx using Guid(9fb095f58f3bae345a1455faf1e6e7e5) Importer(815301076,1909f56bfc062723c751e8b465ee728b)  -> (artifact id: '26a3ab94d0b6fa3977949aa12a950a82') in 0.162105 seconds 
========================================================================
Received Import Request.
  Time since last request: 136.389706 seconds.
  path: Assets/Effects/Fire.vfx
  artifactKey: Guid(9fb095f58f3bae345a1455faf1e6e7e5) Importer(815301076,1909f56bfc062723c751e8b465ee728b)
Start importing Assets/Effects/Fire.vfx using Guid(9fb095f58f3bae345a1455faf1e6e7e5) Importer(815301076,1909f56bfc062723c751e8b465ee728b)  -> (artifact id: '00e89340f64b5568625b3ff2f833e484') in 0.296006 seconds 
========================================================================
Received Import Request.
  Time since last request: 9.771513 seconds.
  path: Assets/Effects/Fire.vfx
  artifactKey: Guid(9fb095f58f3bae345a1455faf1e6e7e5) Importer(815301076,1909f56bfc062723c751e8b465ee728b)
Start importing Assets/Effects/Fire.vfx using Guid(9fb095f58f3bae345a1455faf1e6e7e5) Importer(815301076,1909f56bfc062723c751e8b465ee728b)  -> (artifact id: '1196351bf9bc7a260d5e91e0bf0c69e6') in 0.281451 seconds 
========================================================================
Received Import Request.
  Time since last request: 222.158295 seconds.
  path: Assets/Effects/Fire.vfx
  artifactKey: Guid(9fb095f58f3bae345a1455faf1e6e7e5) Importer(815301076,1909f56bfc062723c751e8b465ee728b)
Start importing Assets/Effects/Fire.vfx using Guid(9fb095f58f3bae345a1455faf1e6e7e5) Importer(815301076,1909f56bfc062723c751e8b465ee728b)  -> (artifact id: '128729063111c81f709929d8c36c1ed4') in 0.186337 seconds 
========================================================================
Received Import Request.
  Time since last request: 23.866466 seconds.
  path: Assets/Effects/Fire.vfx
  artifactKey: Guid(9fb095f58f3bae345a1455faf1e6e7e5) Importer(815301076,1909f56bfc062723c751e8b465ee728b)
Start importing Assets/Effects/Fire.vfx using Guid(9fb095f58f3bae345a1455faf1e6e7e5) Importer(815301076,1909f56bfc062723c751e8b465ee728b)  -> (artifact id: 'fca63af25307fe14425f004202a658e0') in 0.002502 seconds 
========================================================================
Received Import Request.
  Time since last request: 559.590149 seconds.
  path: Assets/Effects/Fire.vfx
  artifactKey: Guid(9fb095f58f3bae345a1455faf1e6e7e5) Importer(815301076,1909f56bfc062723c751e8b465ee728b)
Start importing Assets/Effects/Fire.vfx using Guid(9fb095f58f3bae345a1455faf1e6e7e5) Importer(815301076,1909f56bfc062723c751e8b465ee728b)  -> (artifact id: 'f21168d9ee97043dd0ce96106642c6b2') in 0.277773 seconds 
========================================================================
Received Import Request.
  Time since last request: 163.885295 seconds.
  path: Assets/Effects/Fire.vfx
  artifactKey: Guid(9fb095f58f3bae345a1455faf1e6e7e5) Importer(815301076,1909f56bfc062723c751e8b465ee728b)
Start importing Assets/Effects/Fire.vfx using Guid(9fb095f58f3bae345a1455faf1e6e7e5) Importer(815301076,1909f56bfc062723c751e8b465ee728b)  -> (artifact id: '581ccb7d5298678cdce80bea60e82b45') in 0.261210 seconds 
========================================================================
Received Import Request.
  Time since last request: 33.728677 seconds.
  path: Assets/Effects/Fire.vfx
  artifactKey: Guid(9fb095f58f3bae345a1455faf1e6e7e5) Importer(815301076,1909f56bfc062723c751e8b465ee728b)
Start importing Assets/Effects/Fire.vfx using Guid(9fb095f58f3bae345a1455faf1e6e7e5) Importer(815301076,1909f56bfc062723c751e8b465ee728b)  -> (artifact id: 'bb884003b1cb2274730629b9d292f7df') in 0.274354 seconds 
========================================================================
Received Import Request.
  Time since last request: 10.037259 seconds.
  path: Assets/Effects/Fire.vfx
  artifactKey: Guid(9fb095f58f3bae345a1455faf1e6e7e5) Importer(815301076,1909f56bfc062723c751e8b465ee728b)
Start importing Assets/Effects/Fire.vfx using Guid(9fb095f58f3bae345a1455faf1e6e7e5) Importer(815301076,1909f56bfc062723c751e8b465ee728b)  -> (artifact id: 'f6de298216e21ef5a38c1b3757f6d0bb') in 0.263186 seconds 
========================================================================
Received Import Request.
  Time since last request: 36.550558 seconds.
  path: Assets/Effects/Fire.vfx
  artifactKey: Guid(9fb095f58f3bae345a1455faf1e6e7e5) Importer(815301076,1909f56bfc062723c751e8b465ee728b)
Start importing Assets/Effects/Fire.vfx using Guid(9fb095f58f3bae345a1455faf1e6e7e5) Importer(815301076,1909f56bfc062723c751e8b465ee728b)  -> (artifact id: 'f65aed12c33f6f550b23c8c98c1695d9') in 0.252891 seconds 
========================================================================
Received Import Request.
  Time since last request: 188.348493 seconds.
  path: Assets/Effects/Fire.vfx
  artifactKey: Guid(9fb095f58f3bae345a1455faf1e6e7e5) Importer(815301076,1909f56bfc062723c751e8b465ee728b)
Start importing Assets/Effects/Fire.vfx using Guid(9fb095f58f3bae345a1455faf1e6e7e5) Importer(815301076,1909f56bfc062723c751e8b465ee728b)  -> (artifact id: '9ba9ce89728c400ec04e371c8eb73c3f') in 0.015874 seconds 
========================================================================
Received Import Request.
  Time since last request: 13.623039 seconds.
  path: Assets/Effects/Fire.vfx
  artifactKey: Guid(9fb095f58f3bae345a1455faf1e6e7e5) Importer(815301076,1909f56bfc062723c751e8b465ee728b)
Start importing Assets/Effects/Fire.vfx using Guid(9fb095f58f3bae345a1455faf1e6e7e5) Importer(815301076,1909f56bfc062723c751e8b465ee728b)  -> (artifact id: 'ae6093260e1d8dd6b7c32ddecf2cc9f0') in 0.344223 seconds 
========================================================================
Received Import Request.
  Time since last request: 119.794845 seconds.
  path: Assets/Effects/Fire.vfx
  artifactKey: Guid(9fb095f58f3bae345a1455faf1e6e7e5) Importer(815301076,1909f56bfc062723c751e8b465ee728b)
Start importing Assets/Effects/Fire.vfx using Guid(9fb095f58f3bae345a1455faf1e6e7e5) Importer(815301076,1909f56bfc062723c751e8b465ee728b)  -> (artifact id: '092aacdde1e032bccfac930d410d7f1d') in 0.245099 seconds 
========================================================================
Received Import Request.
  Time since last request: 17.829632 seconds.
  path: Assets/Effects/Fire.vfx
  artifactKey: Guid(9fb095f58f3bae345a1455faf1e6e7e5) Importer(815301076,1909f56bfc062723c751e8b465ee728b)
Start importing Assets/Effects/Fire.vfx using Guid(9fb095f58f3bae345a1455faf1e6e7e5) Importer(815301076,1909f56bfc062723c751e8b465ee728b)  -> (artifact id: '92849af290cf532f457c0b4ac191c604') in 0.282479 seconds 
========================================================================
Received Import Request.
  Time since last request: 102.196955 seconds.
  path: Assets/Effects/Fire.vfx
  artifactKey: Guid(9fb095f58f3bae345a1455faf1e6e7e5) Importer(815301076,1909f56bfc062723c751e8b465ee728b)
Start importing Assets/Effects/Fire.vfx using Guid(9fb095f58f3bae345a1455faf1e6e7e5) Importer(815301076,1909f56bfc062723c751e8b465ee728b)  -> (artifact id: '091f204c632dbc6841053526ff104f6a') in 0.252274 seconds 
========================================================================
Received Import Request.
  Time since last request: 3.209285 seconds.
  path: Assets/Effects/Fire.vfx
  artifactKey: Guid(9fb095f58f3bae345a1455faf1e6e7e5) Importer(815301076,1909f56bfc062723c751e8b465ee728b)
Start importing Assets/Effects/Fire.vfx using Guid(9fb095f58f3bae345a1455faf1e6e7e5) Importer(815301076,1909f56bfc062723c751e8b465ee728b)  -> (artifact id: 'cdc35f023424c17fbd180df8cfbc13d9') in 0.257132 seconds 
========================================================================
Received Import Request.
  Time since last request: 8.826904 seconds.
  path: Assets/SUPER Character Controller/Demo Assets/Textures/Skyboxes/DaySky - toon/Back.png
  artifactKey: Guid(4956ac4d37ac8484d8b975e2291c3b0a) Importer(815301076,1909f56bfc062723c751e8b465ee728b)
Start importing Assets/SUPER Character Controller/Demo Assets/Textures/Skyboxes/DaySky - toon/Back.png using Guid(4956ac4d37ac8484d8b975e2291c3b0a) Importer(815301076,1909f56bfc062723c751e8b465ee728b)  -> (artifact id: '9ffdeed88e60180e156af9cf209113e3') in 0.062903 seconds 
========================================================================
Received Import Request.
  Time since last request: 0.000043 seconds.
  path: Assets/SUPER Character Controller/Demo Assets/Textures/Skyboxes/DaySky - toon/Bottom.png
  artifactKey: Guid(adabcea5c918a10498e02cb57aee623f) Importer(815301076,1909f56bfc062723c751e8b465ee728b)
Start importing Assets/SUPER Character Controller/Demo Assets/Textures/Skyboxes/DaySky - toon/Bottom.png using Guid(adabcea5c918a10498e02cb57aee623f) Importer(815301076,1909f56bfc062723c751e8b465ee728b)  -> (artifact id: '6ed2589341e7f8a9fa9ff2fe35133b4f') in 0.016622 seconds 
========================================================================
Received Import Request.
  Time since last request: 0.000045 seconds.
  path: Assets/Starfield Skybox/Demo/Textures/Back_Tex.png
  artifactKey: Guid(b692a498a0379a341872703d288b04af) Importer(815301076,1909f56bfc062723c751e8b465ee728b)
Start importing Assets/Starfield Skybox/Demo/Textures/Back_Tex.png using Guid(b692a498a0379a341872703d288b04af) Importer(815301076,1909f56bfc062723c751e8b465ee728b)  -> (artifact id: 'e9da62f38e9f91614c80e201d6e943ed') in 0.066109 seconds 
========================================================================
Received Import Request.
  Time since last request: 0.000035 seconds.
  path: Assets/SUPER Character Controller/Demo Assets/Textures/Skyboxes/DaySky/Back.png
  artifactKey: Guid(8de32711a8f4df5448e14b373ffe990b) Importer(815301076,1909f56bfc062723c751e8b465ee728b)
Start importing Assets/SUPER Character Controller/Demo Assets/Textures/Skyboxes/DaySky/Back.png using Guid(8de32711a8f4df5448e14b373ffe990b) Importer(815301076,1909f56bfc062723c751e8b465ee728b)  -> (artifact id: 'db8a06e78ae253f973b9c1dc86b624b7') in 0.013094 seconds 
========================================================================
Received Import Request.
  Time since last request: 0.000045 seconds.
  path: Assets/SUPER Character Controller/Demo Assets/Textures/Skyboxes/DaySky/Bottom.png
  artifactKey: Guid(ad326431ca40b2642b5db196b9d39a88) Importer(815301076,1909f56bfc062723c751e8b465ee728b)
Start importing Assets/SUPER Character Controller/Demo Assets/Textures/Skyboxes/DaySky/Bottom.png using Guid(ad326431ca40b2642b5db196b9d39a88) Importer(815301076,1909f56bfc062723c751e8b465ee728b)  -> (artifact id: '4456e767f2bbe12db77ddb8e68632e3d') in 0.011228 seconds 
========================================================================
Received Import Request.
  Time since last request: 0.000031 seconds.
  path: Assets/SUPER Character Controller/Demo Assets/Textures/Wood Flooring/Bamboo.png
  artifactKey: Guid(de8ba67790621484bae46dabb526ce0c) Importer(815301076,1909f56bfc062723c751e8b465ee728b)
Start importing Assets/SUPER Character Controller/Demo Assets/Textures/Wood Flooring/Bamboo.png using Guid(de8ba67790621484bae46dabb526ce0c) Importer(815301076,1909f56bfc062723c751e8b465ee728b)  -> (artifact id: '41cdefde8b1062343ff5459b985d5528') in 0.010436 seconds 
========================================================================
Received Import Request.
  Time since last request: 1.487660 seconds.
  path: Assets/SUPER Character Controller/Demo Assets/Textures/Skyboxes/NightSky/Bottom.png
  artifactKey: Guid(8cab0f22a5a3c3541a13984620cdf16c) Importer(815301076,1909f56bfc062723c751e8b465ee728b)
Start importing Assets/SUPER Character Controller/Demo Assets/Textures/Skyboxes/NightSky/Bottom.png using Guid(8cab0f22a5a3c3541a13984620cdf16c) Importer(815301076,1909f56bfc062723c751e8b465ee728b)  -> (artifact id: '0d9cf33760db2dd8894133edf756214f') in 0.012124 seconds 
========================================================================
Received Import Request.
  Time since last request: 4.681027 seconds.
  path: Assets/SUPER Character Controller/Demo Assets/Textures/Brick/BrownBrick_Normal.png
  artifactKey: Guid(c2119feee3723194b9d8ced0a2ecbc2a) Importer(815301076,1909f56bfc062723c751e8b465ee728b)
Start importing Assets/SUPER Character Controller/Demo Assets/Textures/Brick/BrownBrick_Normal.png using Guid(c2119feee3723194b9d8ced0a2ecbc2a) Importer(815301076,1909f56bfc062723c751e8b465ee728b)  -> (artifact id: '7f11143e05252b13b44a017306a02408') in 0.026355 seconds 
========================================================================
Received Import Request.
  Time since last request: 1.468708 seconds.
  path: Assets/SUPER Character Controller/Demo Assets/Textures/Carpet/Carpet_Normal.png
  artifactKey: Guid(932b9d9c66188e24a9f773c714432938) Importer(815301076,1909f56bfc062723c751e8b465ee728b)
Start importing Assets/SUPER Character Controller/Demo Assets/Textures/Carpet/Carpet_Normal.png using Guid(932b9d9c66188e24a9f773c714432938) Importer(815301076,1909f56bfc062723c751e8b465ee728b)  -> (artifact id: '040be42a8812e5fdfa83e1335cdf608d') in 0.013878 seconds 
========================================================================
Received Import Request.
  Time since last request: 0.039524 seconds.
  path: Assets/SUPER Character Controller/Demo Assets/Textures/Cement/Fabricated/Cement_Fabricated_Normal_2.png
  artifactKey: Guid(57133d38538eef44ab09fcf947e48702) Importer(815301076,1909f56bfc062723c751e8b465ee728b)
Start importing Assets/SUPER Character Controller/Demo Assets/Textures/Cement/Fabricated/Cement_Fabricated_Normal_2.png using Guid(57133d38538eef44ab09fcf947e48702) Importer(815301076,1909f56bfc062723c751e8b465ee728b)  -> (artifact id: '77652f92da2e2d17eab93ef5fcff9e60') in 0.012200 seconds 
========================================================================
Received Import Request.
  Time since last request: 0.013953 seconds.
  path: Assets/SUPER Character Controller/Demo Assets/Textures/Cement/Moulded/Cement_Moulded.png
  artifactKey: Guid(340a0b1dc12a66d4cad81ba559aee718) Importer(815301076,1909f56bfc062723c751e8b465ee728b)
Start importing Assets/SUPER Character Controller/Demo Assets/Textures/Cement/Moulded/Cement_Moulded.png using Guid(340a0b1dc12a66d4cad81ba559aee718) Importer(815301076,1909f56bfc062723c751e8b465ee728b)  -> (artifact id: '08e8fbd9898655ba56c6299fb7eb18fb') in 0.012214 seconds 
========================================================================
Received Import Request.
  Time since last request: 0.063668 seconds.
  path: Assets/SUPER Character Controller/Demo Assets/Textures/Cement/Moulded/Cement_Moulded_Normal_Color.png
  artifactKey: Guid(4cbbd99c5dd9ec2468e9e9cedf24ae7d) Importer(815301076,1909f56bfc062723c751e8b465ee728b)
Start importing Assets/SUPER Character Controller/Demo Assets/Textures/Cement/Moulded/Cement_Moulded_Normal_Color.png using Guid(4cbbd99c5dd9ec2468e9e9cedf24ae7d) Importer(815301076,1909f56bfc062723c751e8b465ee728b)  -> (artifact id: 'ccd5c6838fa6220ee2e2f69d69632528') in 0.012884 seconds 
========================================================================
Received Import Request.
  Time since last request: 13.817710 seconds.
  path: Packages/com.unity.testtools.codecoverage/Editor/Icons/CodeCoverage@2x.png
  artifactKey: Guid(37164f8d49df70f448b593fa86e488f5) Importer(815301076,1909f56bfc062723c751e8b465ee728b)
Start importing Packages/com.unity.testtools.codecoverage/Editor/Icons/CodeCoverage@2x.png using Guid(37164f8d49df70f448b593fa86e488f5) Importer(815301076,1909f56bfc062723c751e8b465ee728b)  -> (artifact id: 'bab2c4283409ead058afc430643230f1') in 0.010757 seconds 
Editor requested this worker to shutdown with reason: Scaling down because of idle timeout
AssetImportWorker is now disconnected from the server
Process exiting
Exiting without the bug reporter. Application will terminate with return code 0