Using pre-set license
Built from '2021.3/staging' branch; Version is '2021.3.18f1 (3129e69bc0c7) revision 3221990'; Using compiler version '192829333'; Build Type 'Release'
OS: 'Windows 11  (10.0.22621) 64bit Core' Language: 'en' Physical Memory: 16303 MB
BatchMode: 1, IsHumanControllingUs: 0, StartBugReporterOnCrash: 0, Is64bit: 1, IsPro: 1

COMMAND LINE ARGUMENTS:
C:\Program Files\Unity\Hub\Editor\2021.3.18f1\Editor\Unity.exe
-adb2
-batchMode
-noUpm
-name
AssetImportWorker2
-projectPath
C:/Users/ryker/Documents/GitHub/UnityProjfects/Destructive Desserts Current
-logFile
Logs/AssetImportWorker2.log
-srvPort
52633
Successfully changed project path to: C:/Users/ryker/Documents/GitHub/UnityProjfects/Destructive Desserts Current
C:/Users/ryker/Documents/GitHub/UnityProjfects/Destructive Desserts Current
[UnityMemory] Configuration Parameters - Can be set up in boot.config
    "memorysetup-bucket-allocator-granularity=16"
    "memorysetup-bucket-allocator-bucket-count=8"
    "memorysetup-bucket-allocator-block-size=33554432"
    "memorysetup-bucket-allocator-block-count=8"
    "memorysetup-main-allocator-block-size=16777216"
    "memorysetup-thread-allocator-block-size=16777216"
    "memorysetup-gfx-main-allocator-block-size=16777216"
    "memorysetup-gfx-thread-allocator-block-size=16777216"
    "memorysetup-cache-allocator-block-size=4194304"
    "memorysetup-typetree-allocator-block-size=2097152"
    "memorysetup-profiler-bucket-allocator-granularity=16"
    "memorysetup-profiler-bucket-allocator-bucket-count=8"
    "memorysetup-profiler-bucket-allocator-block-size=33554432"
    "memorysetup-profiler-bucket-allocator-block-count=8"
    "memorysetup-profiler-allocator-block-size=16777216"
    "memorysetup-profiler-editor-allocator-block-size=1048576"
    "memorysetup-temp-allocator-size-main=16777216"
    "memorysetup-job-temp-allocator-block-size=2097152"
    "memorysetup-job-temp-allocator-block-size-background=1048576"
    "memorysetup-job-temp-allocator-reduction-small-platforms=262144"
    "memorysetup-temp-allocator-size-background-worker=32768"
    "memorysetup-temp-allocator-size-job-worker=262144"
    "memorysetup-temp-allocator-size-preload-manager=33554432"
    "memorysetup-temp-allocator-size-nav-mesh-worker=65536"
    "memorysetup-temp-allocator-size-audio-worker=65536"
    "memorysetup-temp-allocator-size-cloud-worker=32768"
    "memorysetup-temp-allocator-size-gi-baking-worker=262144"
    "memorysetup-temp-allocator-size-gfx=262144"
Player connection [32596] Host "[IP] 10.255.168.106 [Port] 0 [Flags] 2 [Guid] 3236517392 [EditorId] 3236517392 [Version] 1048832 [Id] WindowsEditor(7,LAPTOP-P1G4P1MK) [Debug] 1 [PackageName] WindowsEditor [ProjectName] Editor" joined multi-casting on [225.0.0.222:54997]...

Player connection [32596] Host "[IP] 10.255.168.106 [Port] 0 [Flags] 2 [Guid] 3236517392 [EditorId] 3236517392 [Version] 1048832 [Id] WindowsEditor(7,LAPTOP-P1G4P1MK) [Debug] 1 [PackageName] WindowsEditor [ProjectName] Editor" joined alternative multi-casting on [225.0.0.222:34997]...

Refreshing native plugins compatible for Editor in 137.02 ms, found 9 plugins.
Preloading 0 native plugins for Editor in 0.00 ms.
Initialize engine version: 2021.3.18f1 (3129e69bc0c7)
[Subsystems] Discovering subsystems at path C:/Program Files/Unity/Hub/Editor/2021.3.18f1/Editor/Data/Resources/UnitySubsystems
[Subsystems] Discovering subsystems at path C:/Users/ryker/Documents/GitHub/UnityProjfects/Destructive Desserts Current/Assets
GfxDevice: creating device client; threaded=0; jobified=0
Direct3D:
    Version:  Direct3D 11.0 [level 11.1]
    Renderer: NVIDIA GeForce RTX 2070 with Max-Q Design (ID=0x1f50)
    Vendor:   NVIDIA
    VRAM:     8019 MB
    Driver:   31.0.15.3141
Initialize mono
Mono path[0] = 'C:/Program Files/Unity/Hub/Editor/2021.3.18f1/Editor/Data/Managed'
Mono path[1] = 'C:/Program Files/Unity/Hub/Editor/2021.3.18f1/Editor/Data/MonoBleedingEdge/lib/mono/unityjit-win32'
Mono config path = 'C:/Program Files/Unity/Hub/Editor/2021.3.18f1/Editor/Data/MonoBleedingEdge/etc'
Using monoOptions --debugger-agent=transport=dt_socket,embedding=1,server=y,suspend=n,address=127.0.0.1:56208
Begin MonoManager ReloadAssembly
Registering precompiled unity dll's ...
Register platform support module: C:/Program Files/Unity/Hub/Editor/2021.3.18f1/Editor/Data/PlaybackEngines/AndroidPlayer/UnityEditor.Android.Extensions.dll
Register platform support module: C:/Program Files/Unity/Hub/Editor/2021.3.18f1/Editor/Data/PlaybackEngines/iOSSupport/UnityEditor.iOS.Extensions.dll
Register platform support module: C:/Program Files/Unity/Hub/Editor/2021.3.18f1/Editor/Data/PlaybackEngines/WindowsStandaloneSupport/UnityEditor.WindowsStandalone.Extensions.dll
Registered in 0.007378 seconds.
Native extension for WindowsStandalone target not found
[usbmuxd] Start listen thread
[usbmuxd] Listen thread started
Native extension for iOS target not found
Native extension for Android target not found
Android Extension - Scanning For ADB Devices 344 ms
Refreshing native plugins compatible for Editor in 137.99 ms, found 9 plugins.
Preloading 0 native plugins for Editor in 0.00 ms.
Mono: successfully reloaded assembly
- Completed reload, in  1.158 seconds
Domain Reload Profiling:
	ReloadAssembly (1158ms)
		BeginReloadAssembly (78ms)
			ExecutionOrderSort (0ms)
			DisableScriptedObjects (0ms)
			BackupInstance (0ms)
			ReleaseScriptingObjects (0ms)
			CreateAndSetChildDomain (1ms)
		EndReloadAssembly (957ms)
			LoadAssemblies (76ms)
			RebuildTransferFunctionScriptingTraits (0ms)
			SetupTypeCache (128ms)
			ReleaseScriptCaches (0ms)
			RebuildScriptCaches (35ms)
			SetupLoadedEditorAssemblies (727ms)
				LogAssemblyErrors (0ms)
				InitializePlatformSupportModulesInManaged (444ms)
				SetLoadedEditorAssemblies (0ms)
				RefreshPlugins (138ms)
				BeforeProcessingInitializeOnLoad (2ms)
				ProcessInitializeOnLoadAttributes (102ms)
				ProcessInitializeOnLoadMethodAttributes (41ms)
				AfterProcessingInitializeOnLoad (0ms)
				EditorAssembliesLoaded (0ms)
			ExecutionOrderSort2 (0ms)
			AwakeInstancesAfterBackupRestoration (0ms)
Platform modules already initialized, skipping
Registering precompiled user dll's ...
Registered in 0.011409 seconds.
Begin MonoManager ReloadAssembly
Symbol file LoadedFromMemory doesn't match image C:\Users\ryker\Documents\GitHub\UnityProjfects\Destructive Desserts Current\Library\PackageCache\com.unity.visualscripting@1.8.0\Editor\VisualScripting.Core\Dependencies\DotNetZip\Unity.VisualScripting.IonicZip.dll
Symbol file LoadedFromMemory doesn't match image C:\Users\ryker\Documents\GitHub\UnityProjfects\Destructive Desserts Current\Library\PackageCache\com.unity.visualscripting@1.8.0\Editor\VisualScripting.Core\Dependencies\YamlDotNet\Unity.VisualScripting.YamlDotNet.dll
Native extension for WindowsStandalone target not found
Native extension for iOS target not found
Native extension for Android target not found
Refreshing native plugins compatible for Editor in 123.25 ms, found 9 plugins.
Preloading 0 native plugins for Editor in 0.00 ms.
Package Manager log level set to [2]
Mono: successfully reloaded assembly
- Completed reload, in  1.604 seconds
Domain Reload Profiling:
	ReloadAssembly (1605ms)
		BeginReloadAssembly (111ms)
			ExecutionOrderSort (0ms)
			DisableScriptedObjects (6ms)
			BackupInstance (0ms)
			ReleaseScriptingObjects (0ms)
			CreateAndSetChildDomain (20ms)
		EndReloadAssembly (1375ms)
			LoadAssemblies (104ms)
			RebuildTransferFunctionScriptingTraits (0ms)
			SetupTypeCache (398ms)
			ReleaseScriptCaches (1ms)
			RebuildScriptCaches (78ms)
			SetupLoadedEditorAssemblies (713ms)
				LogAssemblyErrors (0ms)
				InitializePlatformSupportModulesInManaged (24ms)
				SetLoadedEditorAssemblies (0ms)
				RefreshPlugins (123ms)
				BeforeProcessingInitializeOnLoad (136ms)
				ProcessInitializeOnLoadAttributes (338ms)
				ProcessInitializeOnLoadMethodAttributes (81ms)
				AfterProcessingInitializeOnLoad (8ms)
				EditorAssembliesLoaded (0ms)
			ExecutionOrderSort2 (0ms)
			AwakeInstancesAfterBackupRestoration (6ms)
Platform modules already initialized, skipping
========================================================================
Worker process is ready to serve import requests
Launched and connected shader compiler UnityShaderCompiler.exe after 0.06 seconds
Refreshing native plugins compatible for Editor in 1.87 ms, found 9 plugins.
Preloading 0 native plugins for Editor in 0.00 ms.
Unloading 6071 Unused Serialized files (Serialized files now loaded: 0)
Unloading 60 unused Assets / (0.8 MB). Loaded Objects now: 6506.
Memory consumption went from 240.6 MB to 239.9 MB.
Total: 7.044100 ms (FindLiveObjects: 0.591900 ms CreateObjectMapping: 0.503300 ms MarkObjects: 5.514800 ms  DeleteObjects: 0.432700 ms)

AssetImportParameters requested are different than current active one (requested -> active):
  custom:video-decoder-ogg-theora: a1e56fd34408186e4bbccfd4996cb3dc -> 
  custom:container-muxer-webm: aa71ff27fc2769a1b78a27578f13a17b -> 
  custom:container-demuxer-webm: 4f35f7cbe854078d1ac9338744f61a02 -> 
  custom:video-encoder-webm-vp8: eb34c28f22e8b96e1ab97ce403110664 -> 
  custom:video-codec-MediaFoundation-h265: 746d11721c4dcdbdad8f713fa42b33f4 -> 
  custom:audio-encoder-webm-vorbis: bf7c407c2cedff20999df2af8eb42d56 -> 
  custom:framework-win-MediaFoundation: 216162199b28c13a410421893ffa2e32 -> 
  custom:container-demuxer-ogg: 62fdf1f143b41e24485cea50d1cbac27 -> 
  custom:video-decoder-webm-vp8: 9c59270c3fd7afecdb556c50c9e8de78 -> 
  custom:audio-decoder-ogg-vorbis: bf7c407c2cedff20999df2af8eb42d56 -> 
========================================================================
Received Import Request.
  Time since last request: 218999.128852 seconds.
  path: Packages/com.unity.render-pipelines.core/package.json
  artifactKey: Guid(753d1ac2429a21a44ac5f937cbbb409f) Importer(815301076,1909f56bfc062723c751e8b465ee728b)
Start importing Packages/com.unity.render-pipelines.core/package.json using Guid(753d1ac2429a21a44ac5f937cbbb409f) Importer(815301076,1909f56bfc062723c751e8b465ee728b)  -> (artifact id: 'f51be3e54ca2bfcd1f67f8d95701c79b') in 0.071739 seconds 
========================================================================
Received Import Request.
  Time since last request: 3.086193 seconds.
  path: Packages/com.unity.render-pipelines.core/Editor
  artifactKey: Guid(74ae8146f4a01491ba1306f3db78139d) Importer(815301076,1909f56bfc062723c751e8b465ee728b)
Start importing Packages/com.unity.render-pipelines.core/Editor using Guid(74ae8146f4a01491ba1306f3db78139d) Importer(815301076,1909f56bfc062723c751e8b465ee728b)  -> (artifact id: '02d9c586600b7d292284d849c9d2a4f7') in 0.003586 seconds 
========================================================================
Received Import Request.
  Time since last request: 0.046557 seconds.
  path: Packages/com.unity.render-pipelines.core/Editor/Unity.RenderPipelines.Core.Editor.asmdef
  artifactKey: Guid(3eae0364be2026648bf74846acb8a731) Importer(815301076,1909f56bfc062723c751e8b465ee728b)
Start importing Packages/com.unity.render-pipelines.core/Editor/Unity.RenderPipelines.Core.Editor.asmdef using Guid(3eae0364be2026648bf74846acb8a731) Importer(815301076,1909f56bfc062723c751e8b465ee728b)  -> (artifact id: 'd6e51dc784c1f4468cc1ac50f24e673a') in 0.005791 seconds 
========================================================================
Received Import Request.
  Time since last request: 65.791898 seconds.
  path: Assets/NewSurfaceShader.shader
  artifactKey: Guid(25c2bd023b787bd4eb47a6229a14d620) Importer(815301076,1909f56bfc062723c751e8b465ee728b)
Start importing Assets/NewSurfaceShader.shader using Guid(25c2bd023b787bd4eb47a6229a14d620) Importer(815301076,1909f56bfc062723c751e8b465ee728b)  -> (artifact id: 'c7b079fe49352cfe79eac33fba8e0088') in 0.009175 seconds 
========================================================================
Received Import Request.
  Time since last request: 108.354618 seconds.
  path: Assets/New Universal Render Pipeline Asset.asset
  artifactKey: Guid(a6b9beeb21525524082f958f51f23348) Importer(815301076,1909f56bfc062723c751e8b465ee728b)
Start importing Assets/New Universal Render Pipeline Asset.asset using Guid(a6b9beeb21525524082f958f51f23348) Importer(815301076,1909f56bfc062723c751e8b465ee728b)  -> (artifact id: '2b9e51f21d259be39b6bad7a67e37a91') in 0.042187 seconds 
========================================================================
Received Import Request.
  Time since last request: 42.614363 seconds.
  path: Packages/com.unity.probuilder/Content/Resources/Textures/GridBox_Default.png
  artifactKey: Guid(6344bf96fbda94141a525046d088fb23) Importer(815301076,1909f56bfc062723c751e8b465ee728b)
Start importing Packages/com.unity.probuilder/Content/Resources/Textures/GridBox_Default.png using Guid(6344bf96fbda94141a525046d088fb23) Importer(815301076,1909f56bfc062723c751e8b465ee728b)  -> (artifact id: 'f8146bfcf9391795e3bd282aab553def') in 0.066200 seconds 
========================================================================
Received Prepare
Registering precompiled user dll's ...
Registered in 0.012405 seconds.
Begin MonoManager ReloadAssembly
Symbol file LoadedFromMemory doesn't match image C:\Users\ryker\Documents\GitHub\UnityProjfects\Destructive Desserts Current\Library\PackageCache\com.unity.visualscripting@1.8.0\Editor\VisualScripting.Core\Dependencies\DotNetZip\Unity.VisualScripting.IonicZip.dll
Symbol file LoadedFromMemory doesn't match image C:\Users\ryker\Documents\GitHub\UnityProjfects\Destructive Desserts Current\Library\PackageCache\com.unity.visualscripting@1.8.0\Editor\VisualScripting.Core\Dependencies\YamlDotNet\Unity.VisualScripting.YamlDotNet.dll
Native extension for WindowsStandalone target not found
Native extension for iOS target not found
Native extension for Android target not found
Refreshing native plugins compatible for Editor in 1.27 ms, found 9 plugins.
Preloading 0 native plugins for Editor in 0.00 ms.
Mono: successfully reloaded assembly
- Completed reload, in  1.528 seconds
Domain Reload Profiling:
	ReloadAssembly (1528ms)
		BeginReloadAssembly (176ms)
			ExecutionOrderSort (0ms)
			DisableScriptedObjects (7ms)
			BackupInstance (0ms)
			ReleaseScriptingObjects (0ms)
			CreateAndSetChildDomain (46ms)
		EndReloadAssembly (1212ms)
			LoadAssemblies (148ms)
			RebuildTransferFunctionScriptingTraits (0ms)
			SetupTypeCache (399ms)
			ReleaseScriptCaches (2ms)
			RebuildScriptCaches (53ms)
			SetupLoadedEditorAssemblies (555ms)
				LogAssemblyErrors (0ms)
				InitializePlatformSupportModulesInManaged (35ms)
				SetLoadedEditorAssemblies (0ms)
				RefreshPlugins (1ms)
				BeforeProcessingInitializeOnLoad (113ms)
				ProcessInitializeOnLoadAttributes (307ms)
				ProcessInitializeOnLoadMethodAttributes (91ms)
				AfterProcessingInitializeOnLoad (8ms)
				EditorAssembliesLoaded (0ms)
			ExecutionOrderSort2 (0ms)
			AwakeInstancesAfterBackupRestoration (7ms)
Platform modules already initialized, skipping
Switching render pipeline 00000000000000000000000000000000 -> a6b9beeb21525524082f958f51f23348
Refreshing native plugins compatible for Editor in 6.55 ms, found 9 plugins.
Preloading 0 native plugins for Editor in 0.00 ms.
Unloading 6002 Unused Serialized files (Serialized files now loaded: 0)
Unloading 50 unused Assets / (0.8 MB). Loaded Objects now: 6561.
Memory consumption went from 243.7 MB to 242.9 MB.
Total: 4.181500 ms (FindLiveObjects: 0.582800 ms CreateObjectMapping: 0.398100 ms MarkObjects: 2.869800 ms  DeleteObjects: 0.329200 ms)

AssetImportParameters requested are different than current active one (requested -> active):
  custom:video-decoder-ogg-theora: a1e56fd34408186e4bbccfd4996cb3dc -> 
  custom:container-muxer-webm: aa71ff27fc2769a1b78a27578f13a17b -> 
  custom:container-demuxer-webm: 4f35f7cbe854078d1ac9338744f61a02 -> 
  custom:video-encoder-webm-vp8: eb34c28f22e8b96e1ab97ce403110664 -> 
  custom:video-codec-MediaFoundation-h265: 746d11721c4dcdbdad8f713fa42b33f4 -> 
  custom:audio-encoder-webm-vorbis: bf7c407c2cedff20999df2af8eb42d56 -> 
  custom:framework-win-MediaFoundation: 216162199b28c13a410421893ffa2e32 -> 
  custom:container-demuxer-ogg: 62fdf1f143b41e24485cea50d1cbac27 -> 
  custom:video-decoder-webm-vp8: 9c59270c3fd7afecdb556c50c9e8de78 -> 
  custom:audio-decoder-ogg-vorbis: bf7c407c2cedff20999df2af8eb42d56 -> 
========================================================================
Received Import Request.
  Time since last request: 259.395306 seconds.
  path: Packages/com.unity.probuilder/package.json
  artifactKey: Guid(7958ca6fdf895ca498c5fab155f0b0f1) Importer(815301076,1909f56bfc062723c751e8b465ee728b)
Start importing Packages/com.unity.probuilder/package.json using Guid(7958ca6fdf895ca498c5fab155f0b0f1) Importer(815301076,1909f56bfc062723c751e8b465ee728b)  -> (artifact id: 'c7188545ce66226ca2cb26f888e50435') in 0.022014 seconds 
========================================================================
Received Import Request.
  Time since last request: 8.365904 seconds.
  path: Packages/com.unity.probuilder/AssetIdRemapUtility
  artifactKey: Guid(9e50e13f5457645a89d6c209eac9242a) Importer(815301076,1909f56bfc062723c751e8b465ee728b)
Start importing Packages/com.unity.probuilder/AssetIdRemapUtility using Guid(9e50e13f5457645a89d6c209eac9242a) Importer(815301076,1909f56bfc062723c751e8b465ee728b)  -> (artifact id: '2c4fc18b47de091a994817a32d2aac46') in 0.003201 seconds 
========================================================================
Received Import Request.
  Time since last request: 2.437332 seconds.
  path: Packages/com.unity.probuilder/AssetIdRemapUtility/Editor
  artifactKey: Guid(274744740648f42a19d3e77602101b06) Importer(815301076,1909f56bfc062723c751e8b465ee728b)
Start importing Packages/com.unity.probuilder/AssetIdRemapUtility/Editor using Guid(274744740648f42a19d3e77602101b06) Importer(815301076,1909f56bfc062723c751e8b465ee728b)  -> (artifact id: '5d5bbd4e780e410d7c7a5600b76e87f2') in 0.002196 seconds 
========================================================================
Received Import Request.
  Time since last request: 0.059178 seconds.
  path: Packages/com.unity.probuilder/AssetIdRemapUtility/Editor/Unity.ProBuilder.AssetIdRemapUtility.asmdef
  artifactKey: Guid(9caa7e155cb0648da84dca829b17620f) Importer(815301076,1909f56bfc062723c751e8b465ee728b)
Start importing Packages/com.unity.probuilder/AssetIdRemapUtility/Editor/Unity.ProBuilder.AssetIdRemapUtility.asmdef using Guid(9caa7e155cb0648da84dca829b17620f) Importer(815301076,1909f56bfc062723c751e8b465ee728b)  -> (artifact id: 'f1a10e3623d0c62aa5a192ba576bebb8') in 0.002757 seconds 
========================================================================
Received Import Request.
  Time since last request: 5.731984 seconds.
  path: Packages/com.unity.probuilder/Editor
  artifactKey: Guid(d35e819b342bb4d369b4f35599aae75f) Importer(815301076,1909f56bfc062723c751e8b465ee728b)
Start importing Packages/com.unity.probuilder/Editor using Guid(d35e819b342bb4d369b4f35599aae75f) Importer(815301076,1909f56bfc062723c751e8b465ee728b)  -> (artifact id: '2a20dd9f75532c889fad8c7f6a09f57a') in 0.002176 seconds 
========================================================================
Received Import Request.
  Time since last request: 0.076996 seconds.
  path: Packages/com.unity.probuilder/Editor/Unity.ProBuilder.Editor.asmdef
  artifactKey: Guid(03ca3ee4acaf74592bc6d299ca86aa27) Importer(815301076,1909f56bfc062723c751e8b465ee728b)
Start importing Packages/com.unity.probuilder/Editor/Unity.ProBuilder.Editor.asmdef using Guid(03ca3ee4acaf74592bc6d299ca86aa27) Importer(815301076,1909f56bfc062723c751e8b465ee728b)  -> (artifact id: '7f0d7cdf02884fb9ff924f0d70c72ac8') in 0.003317 seconds 
========================================================================
Received Import Request.
  Time since last request: 6.273168 seconds.
  path: Assets/Samples/Universal RP/12.1.10/URP Package Samples/Shaders/Lit/Prefabs/2Podium.prefab
  artifactKey: Guid(b350d0ee6adff493c954545853ab9922) Importer(815301076,1909f56bfc062723c751e8b465ee728b)
Start importing Assets/Samples/Universal RP/12.1.10/URP Package Samples/Shaders/Lit/Prefabs/2Podium.prefab using Guid(b350d0ee6adff493c954545853ab9922) Importer(815301076,1909f56bfc062723c751e8b465ee728b)  -> (artifact id: '109a6c9227bc1ac721da2a8cb22abe18') in 1.422850 seconds 
========================================================================
Received Import Request.
  Time since last request: 0.000050 seconds.
  path: Assets/Models/Arenas/Materials/Material.mat
  artifactKey: Guid(36f2f2aaf4d1ae043841c0a077b5d198) Importer(815301076,1909f56bfc062723c751e8b465ee728b)
Start importing Assets/Models/Arenas/Materials/Material.mat using Guid(36f2f2aaf4d1ae043841c0a077b5d198) Importer(815301076,1909f56bfc062723c751e8b465ee728b)  -> (artifact id: '191200d04e73c76587aa24cd84b43376') in 0.037911 seconds 
========================================================================
Received Import Request.
  Time since last request: 0.000064 seconds.
  path: Assets/Samples/Universal RP/12.1.10/URP Package Samples/Shaders/Lit/Prefabs/6Podium.prefab
  artifactKey: Guid(a62ae87b83afd45458e3e92c3f072830) Importer(815301076,1909f56bfc062723c751e8b465ee728b)
Start importing Assets/Samples/Universal RP/12.1.10/URP Package Samples/Shaders/Lit/Prefabs/6Podium.prefab using Guid(a62ae87b83afd45458e3e92c3f072830) Importer(815301076,1909f56bfc062723c751e8b465ee728b)  -> (artifact id: '395609be79b49cfc9bd821849e5b92f5') in 0.015910 seconds 
========================================================================
Received Import Request.
  Time since last request: 0.000023 seconds.
  path: Assets/Samples/Universal RP/12.1.10/URP Package Samples/Shaders/Lit/Textures/Coins_Metallic.png
  artifactKey: Guid(99788167ab72747b18d1af46e93de3d1) Importer(815301076,1909f56bfc062723c751e8b465ee728b)
Start importing Assets/Samples/Universal RP/12.1.10/URP Package Samples/Shaders/Lit/Textures/Coins_Metallic.png using Guid(99788167ab72747b18d1af46e93de3d1) Importer(815301076,1909f56bfc062723c751e8b465ee728b)  -> (artifact id: '9cad9cc9e5d101ca345d216259fdd967') in 0.021958 seconds 
========================================================================
Received Import Request.
  Time since last request: 0.000029 seconds.
  path: Assets/Samples/Universal RP/12.1.10/URP Package Samples/Shaders/Lit/Materials/EmissionOn.mat
  artifactKey: Guid(c2809691a61fc4a43b6483eee535d786) Importer(815301076,1909f56bfc062723c751e8b465ee728b)
Start importing Assets/Samples/Universal RP/12.1.10/URP Package Samples/Shaders/Lit/Materials/EmissionOn.mat using Guid(c2809691a61fc4a43b6483eee535d786) Importer(815301076,1909f56bfc062723c751e8b465ee728b)  -> (artifact id: '7a2009e17a2b07b42f0d6b8615b5df24') in 1.160471 seconds 
========================================================================
Received Import Request.
  Time since last request: 0.000036 seconds.
  path: Assets/Samples/Universal RP/12.1.10/URP Package Samples/RendererFeatures/TrailEffect/TrailMapDisplay.mat
  artifactKey: Guid(33464e10663c24965b706ce42c11f3e2) Importer(815301076,1909f56bfc062723c751e8b465ee728b)
Start importing Assets/Samples/Universal RP/12.1.10/URP Package Samples/RendererFeatures/TrailEffect/TrailMapDisplay.mat using Guid(33464e10663c24965b706ce42c11f3e2) Importer(815301076,1909f56bfc062723c751e8b465ee728b)  -> (artifact id: '3adf8da8d6e5e54431c297be2fe796c9') in 0.383885 seconds 
========================================================================
Received Import Request.
  Time since last request: 0.000040 seconds.
  path: Assets/Models/Hands/Hand_Normal.png
  artifactKey: Guid(284d3ea633d9de3448f0248d8c3b9c9d) Importer(815301076,1909f56bfc062723c751e8b465ee728b)
Start importing Assets/Models/Hands/Hand_Normal.png using Guid(284d3ea633d9de3448f0248d8c3b9c9d) Importer(815301076,1909f56bfc062723c751e8b465ee728b)  -> (artifact id: '9418de56cafa8eecb4a59d2d4f4bebab') in 0.016213 seconds 
========================================================================
Received Import Request.
  Time since last request: 0.000022 seconds.
  path: Assets/Samples/Universal RP/12.1.10/URP Package Samples/Shaders/Lit/Materials/MetallicMap.mat
  artifactKey: Guid(bfe840013b1e840cdbc00d83632179e8) Importer(815301076,1909f56bfc062723c751e8b465ee728b)
Start importing Assets/Samples/Universal RP/12.1.10/URP Package Samples/Shaders/Lit/Materials/MetallicMap.mat using Guid(bfe840013b1e840cdbc00d83632179e8) Importer(815301076,1909f56bfc062723c751e8b465ee728b)  -> (artifact id: '92c2bf852b7715285003603983119398') in 0.943256 seconds 
========================================================================
Received Import Request.
  Time since last request: 0.000040 seconds.
  path: Assets/Samples/Universal RP/12.1.10/URP Package Samples/Shaders/Lit/Textures/Coins_Normal.png
  artifactKey: Guid(024ea8a6f555f4b25916e47645944851) Importer(815301076,1909f56bfc062723c751e8b465ee728b)
Start importing Assets/Samples/Universal RP/12.1.10/URP Package Samples/Shaders/Lit/Textures/Coins_Normal.png using Guid(024ea8a6f555f4b25916e47645944851) Importer(815301076,1909f56bfc062723c751e8b465ee728b)  -> (artifact id: 'fc06dba0db3863320b4751a87e3e4de5') in 0.015887 seconds 
========================================================================
Received Import Request.
  Time since last request: 0.000044 seconds.
  path: Assets/Samples/Universal RP/12.1.10/URP Package Samples/RendererFeatures/TrailEffect/DepthHistory_Renderer.asset
  artifactKey: Guid(14605b2e4960a4f8f96920e850374e93) Importer(815301076,1909f56bfc062723c751e8b465ee728b)
Start importing Assets/Samples/Universal RP/12.1.10/URP Package Samples/RendererFeatures/TrailEffect/DepthHistory_Renderer.asset using Guid(14605b2e4960a4f8f96920e850374e93) Importer(815301076,1909f56bfc062723c751e8b465ee728b)  -> (artifact id: '457db76918358f9ae0438aee933e2d8c') in 0.012623 seconds 
========================================================================
Received Import Request.
  Time since last request: 0.000036 seconds.
  path: Assets/Samples/Universal RP/12.1.10/URP Package Samples/Decals/PaintSplat/PaintSplat_Mat.mat
  artifactKey: Guid(d77f7a4cdcb2643618b950c16172ddd2) Importer(815301076,1909f56bfc062723c751e8b465ee728b)
Start importing Assets/Samples/Universal RP/12.1.10/URP Package Samples/Decals/PaintSplat/PaintSplat_Mat.mat using Guid(d77f7a4cdcb2643618b950c16172ddd2) Importer(815301076,1909f56bfc062723c751e8b465ee728b)  -> (artifact id: '124298497792c5f99d9bf06918e843d9') in 0.013044 seconds 
========================================================================
Received Import Request.
  Time since last request: 0.000025 seconds.
  path: Assets/Samples/Universal RP/12.1.10/URP Package Samples/Shaders/Lit/Materials/WithoutNormalMap.mat
  artifactKey: Guid(92b3aa099ecb9483381c91aba9894aad) Importer(815301076,1909f56bfc062723c751e8b465ee728b)
Start importing Assets/Samples/Universal RP/12.1.10/URP Package Samples/Shaders/Lit/Materials/WithoutNormalMap.mat using Guid(92b3aa099ecb9483381c91aba9894aad) Importer(815301076,1909f56bfc062723c751e8b465ee728b)  -> (artifact id: 'f4f50f470403c4d8da4082cde62d7dc4') in 0.011681 seconds 
========================================================================
Received Import Request.
  Time since last request: 0.000023 seconds.
  path: Assets/Samples/Universal RP/12.1.10/URP Package Samples/Shaders/Lit/Materials/HeightMapOn.mat
  artifactKey: Guid(db2f9e1b0d51c4244972d007409c5d1a) Importer(815301076,1909f56bfc062723c751e8b465ee728b)
Start importing Assets/Samples/Universal RP/12.1.10/URP Package Samples/Shaders/Lit/Materials/HeightMapOn.mat using Guid(db2f9e1b0d51c4244972d007409c5d1a) Importer(815301076,1909f56bfc062723c751e8b465ee728b)  -> (artifact id: '52e5028c8c59c35ebaadb60e9a2cce93') in 0.989497 seconds 
========================================================================
Received Import Request.
  Time since last request: 0.000028 seconds.
  path: Assets/Samples/Universal RP/12.1.10/URP Package Samples/SharedAssets/Prefabs/MainPanel.prefab
  artifactKey: Guid(d5fa55a16b49d4da3a93a4958cdc3180) Importer(815301076,1909f56bfc062723c751e8b465ee728b)
Start importing Assets/Samples/Universal RP/12.1.10/URP Package Samples/SharedAssets/Prefabs/MainPanel.prefab using Guid(d5fa55a16b49d4da3a93a4958cdc3180) Importer(815301076,1909f56bfc062723c751e8b465ee728b)  -> (artifact id: '379ab51fe22f050e809580023392ac95') in 0.013056 seconds 
========================================================================
Received Import Request.
  Time since last request: 0.000063 seconds.
  path: Assets/Samples/Universal RP/12.1.10/URP Package Samples/RendererFeatures/KeepFrame/KeepFramePipeline_Renderer.asset
  artifactKey: Guid(5a8b15ee94caf4277b2420cf19b4c451) Importer(815301076,1909f56bfc062723c751e8b465ee728b)
Start importing Assets/Samples/Universal RP/12.1.10/URP Package Samples/RendererFeatures/KeepFrame/KeepFramePipeline_Renderer.asset using Guid(5a8b15ee94caf4277b2420cf19b4c451) Importer(815301076,1909f56bfc062723c751e8b465ee728b)  -> (artifact id: '21663adf0a4a1183ccc9a8912b76aaed') in 0.006892 seconds 
========================================================================
Received Import Request.
  Time since last request: 0.000023 seconds.
  path: Assets/Samples/Universal RP/12.1.10/URP Package Samples/LensFlares/LensFlarePresets/Anamorphic_Streak.asset
  artifactKey: Guid(f8c53972784cf40f0b584875ae5f944b) Importer(815301076,1909f56bfc062723c751e8b465ee728b)
Start importing Assets/Samples/Universal RP/12.1.10/URP Package Samples/LensFlares/LensFlarePresets/Anamorphic_Streak.asset using Guid(f8c53972784cf40f0b584875ae5f944b) Importer(815301076,1909f56bfc062723c751e8b465ee728b)  -> (artifact id: 'b5d1a85d3697730b066a5affc85817ec') in 0.005719 seconds 
========================================================================
Received Import Request.
  Time since last request: 0.000040 seconds.
  path: Assets/Samples/Universal RP/12.1.10/URP Package Samples/Shaders/Lit/Prefabs/4Podium.prefab
  artifactKey: Guid(f6c633bbe2d20466fb1f016e0dd1f6cd) Importer(815301076,1909f56bfc062723c751e8b465ee728b)
Start importing Assets/Samples/Universal RP/12.1.10/URP Package Samples/Shaders/Lit/Prefabs/4Podium.prefab using Guid(f6c633bbe2d20466fb1f016e0dd1f6cd) Importer(815301076,1909f56bfc062723c751e8b465ee728b)  -> (artifact id: 'b0c5dfdbb08bde678b0076dae5b97b70') in 0.014484 seconds 
========================================================================
Received Import Request.
  Time since last request: 0.000018 seconds.
  path: Assets/Samples/Universal RP/12.1.10/URP Package Samples/Shaders/Lit/Materials/BlueEmission.mat
  artifactKey: Guid(0c32055e4135a484b913cc24d7fd1be5) Importer(815301076,1909f56bfc062723c751e8b465ee728b)
Start importing Assets/Samples/Universal RP/12.1.10/URP Package Samples/Shaders/Lit/Materials/BlueEmission.mat using Guid(0c32055e4135a484b913cc24d7fd1be5) Importer(815301076,1909f56bfc062723c751e8b465ee728b)  -> (artifact id: 'c508aaa087c4974ad7b6ed6ac5130f93') in 0.918900 seconds 
========================================================================
Received Import Request.
  Time since last request: 0.000029 seconds.
  path: Assets/Samples/Universal RP/12.1.10/URP Package Samples/LensFlares/LensFlarePresets/Anamorphic_Sci-Fi.asset
  artifactKey: Guid(cf0f5a43e97c04cc390b534001715eb2) Importer(815301076,1909f56bfc062723c751e8b465ee728b)
Start importing Assets/Samples/Universal RP/12.1.10/URP Package Samples/LensFlares/LensFlarePresets/Anamorphic_Sci-Fi.asset using Guid(cf0f5a43e97c04cc390b534001715eb2) Importer(815301076,1909f56bfc062723c751e8b465ee728b)  -> (artifact id: 'dbd87309ef9cd83c76950e8d656452a4') in 0.004367 seconds 
========================================================================
Received Import Request.
  Time since last request: 0.000035 seconds.
  path: Assets/TextMesh Pro/Sprites/EmojiOne.png
  artifactKey: Guid(dffef66376be4fa480fb02b19edbe903) Importer(815301076,1909f56bfc062723c751e8b465ee728b)
Start importing Assets/TextMesh Pro/Sprites/EmojiOne.png using Guid(dffef66376be4fa480fb02b19edbe903) Importer(815301076,1909f56bfc062723c751e8b465ee728b)  -> (artifact id: '8acfa63441f90bd8097b37003fa8daf0') in 0.011862 seconds 
========================================================================
Received Import Request.
  Time since last request: 0.000023 seconds.
  path: Assets/Models/Arenas/Materials/Material.006.mat
  artifactKey: Guid(647c3310ca95e0e4da2443b1fbc5a7fe) Importer(815301076,1909f56bfc062723c751e8b465ee728b)
Start importing Assets/Models/Arenas/Materials/Material.006.mat using Guid(647c3310ca95e0e4da2443b1fbc5a7fe) Importer(815301076,1909f56bfc062723c751e8b465ee728b)  -> (artifact id: '107f50315738ee868eae4120d189e2b4') in 0.011094 seconds 
========================================================================
Received Import Request.
  Time since last request: 0.000022 seconds.
  path: Assets/TextMesh Pro/Fonts/LiberationSans.ttf
  artifactKey: Guid(e3265ab4bf004d28a9537516768c1c75) Importer(815301076,1909f56bfc062723c751e8b465ee728b)
Start importing Assets/TextMesh Pro/Fonts/LiberationSans.ttf using Guid(e3265ab4bf004d28a9537516768c1c75) Importer(815301076,1909f56bfc062723c751e8b465ee728b)  -> (artifact id: '2d02f75fdf8500e723e588a0b75e3c5b') in 0.027524 seconds 
========================================================================
Received Import Request.
  Time since last request: 0.000032 seconds.
  path: Assets/Samples/Universal RP/12.1.10/URP Package Samples/SharedAssets/Settings/Global Volume Profile.asset
  artifactKey: Guid(ff8527d309d1d49598d1b259a43975d2) Importer(815301076,1909f56bfc062723c751e8b465ee728b)
Start importing Assets/Samples/Universal RP/12.1.10/URP Package Samples/SharedAssets/Settings/Global Volume Profile.asset using Guid(ff8527d309d1d49598d1b259a43975d2) Importer(815301076,1909f56bfc062723c751e8b465ee728b)  -> (artifact id: 'ae90040e6c534ec9f44331c6a1efb91b') in 0.005518 seconds 
========================================================================
Received Import Request.
  Time since last request: 0.000035 seconds.
  path: Assets/Models/Arenas/Materials/Material.003.mat
  artifactKey: Guid(196ff04b92bb42c429b5b9997962e861) Importer(815301076,1909f56bfc062723c751e8b465ee728b)
Start importing Assets/Models/Arenas/Materials/Material.003.mat using Guid(196ff04b92bb42c429b5b9997962e861) Importer(815301076,1909f56bfc062723c751e8b465ee728b)  -> (artifact id: '8ae360542069b738cf26a4365fab0045') in 0.009541 seconds 
========================================================================
Received Import Request.
  Time since last request: 0.000027 seconds.
  path: Assets/Samples/Universal RP/12.1.10/URP Package Samples/RendererFeatures/OcclusionEffect/Dither_Material.mat
  artifactKey: Guid(4831745bc8fc14e93a6d8b2a57d9bc6d) Importer(815301076,1909f56bfc062723c751e8b465ee728b)
Start importing Assets/Samples/Universal RP/12.1.10/URP Package Samples/RendererFeatures/OcclusionEffect/Dither_Material.mat using Guid(4831745bc8fc14e93a6d8b2a57d9bc6d) Importer(815301076,1909f56bfc062723c751e8b465ee728b)  -> (artifact id: '04e200598d190868868a9a3a578a7b77') in 0.505079 seconds 
========================================================================
Received Import Request.
  Time since last request: 0.000063 seconds.
  path: Assets/Samples/Universal RP/12.1.10/URP Package Samples/Shaders/Lit/Materials/EmissionMap.mat
  artifactKey: Guid(ba07f5ddfe8f94c61ac3c22a32d15fc4) Importer(815301076,1909f56bfc062723c751e8b465ee728b)
Start importing Assets/Samples/Universal RP/12.1.10/URP Package Samples/Shaders/Lit/Materials/EmissionMap.mat using Guid(ba07f5ddfe8f94c61ac3c22a32d15fc4) Importer(815301076,1909f56bfc062723c751e8b465ee728b)  -> (artifact id: 'ecd81331f5a985d6030db1fda74e4e08') in 0.016805 seconds 
========================================================================
Received Import Request.
  Time since last request: 3.314645 seconds.
  path: Assets/Samples/Universal RP/12.1.10/URP Package Samples/CameraStacking/SplitScreen/SplitScreen/PostProcessingVolume Profile.asset
  artifactKey: Guid(e10cacc3198ea43f08f0ecfaa0435918) Importer(815301076,1909f56bfc062723c751e8b465ee728b)
Start importing Assets/Samples/Universal RP/12.1.10/URP Package Samples/CameraStacking/SplitScreen/SplitScreen/PostProcessingVolume Profile.asset using Guid(e10cacc3198ea43f08f0ecfaa0435918) Importer(815301076,1909f56bfc062723c751e8b465ee728b)  -> (artifact id: '3bed606fa7146ec9ad15efb27c16d732') in 0.005471 seconds 
========================================================================
Received Import Request.
  Time since last request: 0.000022 seconds.
  path: Assets/XR/XRGeneralSettings.asset
  artifactKey: Guid(0f401aa8bd984374aa8062ac29d03366) Importer(815301076,1909f56bfc062723c751e8b465ee728b)
Start importing Assets/XR/XRGeneralSettings.asset using Guid(0f401aa8bd984374aa8062ac29d03366) Importer(815301076,1909f56bfc062723c751e8b465ee728b)  -> (artifact id: 'c89ebd0201c4e223b1208642dd558a06') in 0.017332 seconds 
========================================================================
Received Import Request.
  Time since last request: 0.000031 seconds.
  path: Assets/Samples/Universal RP/12.1.10/URP Package Samples/LensFlares/SunFlare/ReflectionProbe-0.exr
  artifactKey: Guid(54ca78d65de474c088273fe70c07c5a9) Importer(815301076,1909f56bfc062723c751e8b465ee728b)
Start importing Assets/Samples/Universal RP/12.1.10/URP Package Samples/LensFlares/SunFlare/ReflectionProbe-0.exr using Guid(54ca78d65de474c088273fe70c07c5a9) Importer(815301076,1909f56bfc062723c751e8b465ee728b)  -> (artifact id: '2c46750e06f9d46cf9437a979dee583d') in 0.032962 seconds 
========================================================================
Received Import Request.
  Time since last request: 0.000022 seconds.
  path: Assets/Samples/Universal RP/12.1.10/URP Package Samples/Shaders/Lit/Lit/ReflectionProbe-0.exr
  artifactKey: Guid(5bfc32a369b8e435abc4d4def24dbfd0) Importer(815301076,1909f56bfc062723c751e8b465ee728b)
Start importing Assets/Samples/Universal RP/12.1.10/URP Package Samples/Shaders/Lit/Lit/ReflectionProbe-0.exr using Guid(5bfc32a369b8e435abc4d4def24dbfd0) Importer(815301076,1909f56bfc062723c751e8b465ee728b)  -> (artifact id: '782e78278f5c6bb1aaa346ccf2a7ed37') in 0.015152 seconds 
========================================================================
Received Import Request.
  Time since last request: 0.000028 seconds.
  path: Assets/Samples/Universal RP/12.1.10/URP Package Samples/Decals/BlobShadow/BlobShadow/ReflectionProbe-0.exr
  artifactKey: Guid(8f2ff57d29a6c4acb8747eea5bd4c66c) Importer(815301076,1909f56bfc062723c751e8b465ee728b)
Start importing Assets/Samples/Universal RP/12.1.10/URP Package Samples/Decals/BlobShadow/BlobShadow/ReflectionProbe-0.exr using Guid(8f2ff57d29a6c4acb8747eea5bd4c66c) Importer(815301076,1909f56bfc062723c751e8b465ee728b)  -> (artifact id: 'dccd2f9ec528e17857f71ebd5ae10eb4') in 0.016384 seconds 
========================================================================
Received Import Request.
  Time since last request: 11.100374 seconds.
  path: Packages/com.unity.probuilder/Content/Resources/Materials/EdgePicker.mat
  artifactKey: Guid(4ff996e3a0a5743a3987ab6231160665) Importer(815301076,1909f56bfc062723c751e8b465ee728b)
Start importing Packages/com.unity.probuilder/Content/Resources/Materials/EdgePicker.mat using Guid(4ff996e3a0a5743a3987ab6231160665) Importer(815301076,1909f56bfc062723c751e8b465ee728b)  -> (artifact id: '4a302a9001595c9b588da8a5c9349110') in 0.021325 seconds 
========================================================================
Received Import Request.
  Time since last request: 0.000020 seconds.
  path: Packages/com.unity.probuilder/Content/Resources/Materials/ProBuilderDefault.mat
  artifactKey: Guid(c22777d6e868e4f2fb421913386b154e) Importer(815301076,1909f56bfc062723c751e8b465ee728b)
Start importing Packages/com.unity.probuilder/Content/Resources/Materials/ProBuilderDefault.mat using Guid(c22777d6e868e4f2fb421913386b154e) Importer(815301076,1909f56bfc062723c751e8b465ee728b)  -> (artifact id: '8d4bb746deb7e1998e75e68354821432') in 0.014577 seconds 
========================================================================
Received Import Request.
  Time since last request: 0.000025 seconds.
  path: Packages/com.unity.probuilder/Content/Resources/Materials/FacePickerHDRP.mat
  artifactKey: Guid(a53ef0dd76f2fe74eb5f43267d7c0195) Importer(815301076,1909f56bfc062723c751e8b465ee728b)
Start importing Packages/com.unity.probuilder/Content/Resources/Materials/FacePickerHDRP.mat using Guid(a53ef0dd76f2fe74eb5f43267d7c0195) Importer(815301076,1909f56bfc062723c751e8b465ee728b)  -> (artifact id: 'b0e0985f76433fe6f61b846049a7e71a') in 0.012341 seconds 
========================================================================
Received Import Request.
  Time since last request: 0.000020 seconds.
  path: Packages/com.unity.probuilder/Content/Resources/Materials/VertexPicker.mat
  artifactKey: Guid(30a8575e1d4cc4e01a88ffbf4f973d80) Importer(815301076,1909f56bfc062723c751e8b465ee728b)
Start importing Packages/com.unity.probuilder/Content/Resources/Materials/VertexPicker.mat using Guid(30a8575e1d4cc4e01a88ffbf4f973d80) Importer(815301076,1909f56bfc062723c751e8b465ee728b)  -> (artifact id: '2eeaf71447e0ed920b2cfc5a4e0e86a7') in 0.011745 seconds 
========================================================================
Received Import Request.
  Time since last request: 0.000034 seconds.
  path: Packages/com.unity.probuilder/Content/Resources/Materials/StandardVertexColorHDRP.mat
  artifactKey: Guid(c35693c079f3840f7938a4a323096e84) Importer(815301076,1909f56bfc062723c751e8b465ee728b)
Start importing Packages/com.unity.probuilder/Content/Resources/Materials/StandardVertexColorHDRP.mat using Guid(c35693c079f3840f7938a4a323096e84) Importer(815301076,1909f56bfc062723c751e8b465ee728b)  -> (artifact id: '214d2f0976a78985257ad57d55657e9d') in 0.030066 seconds 
========================================================================
Received Import Request.
  Time since last request: 35.784553 seconds.
  path: Assets/Samples/XR Interaction Toolkit/2.0.3/Starter Assets/XRI Default Continuous Move.preset
  artifactKey: Guid(91f9da00cfdac5d49955df2d2d820b9c) Importer(815301076,1909f56bfc062723c751e8b465ee728b)
Start importing Assets/Samples/XR Interaction Toolkit/2.0.3/Starter Assets/XRI Default Continuous Move.preset using Guid(91f9da00cfdac5d49955df2d2d820b9c) Importer(815301076,1909f56bfc062723c751e8b465ee728b)  -> (artifact id: 'ee4c5122f7fdd8599bbcef80da8e3f50') in 0.013778 seconds 
========================================================================
Received Import Request.
  Time since last request: 0.000059 seconds.
  path: Assets/Samples/XR Interaction Toolkit/2.0.3/Starter Assets/XRI Default Snap Turn.preset
  artifactKey: Guid(18697d253d848974aa7052cba872c9f0) Importer(815301076,1909f56bfc062723c751e8b465ee728b)
Start importing Assets/Samples/XR Interaction Toolkit/2.0.3/Starter Assets/XRI Default Snap Turn.preset using Guid(18697d253d848974aa7052cba872c9f0) Importer(815301076,1909f56bfc062723c751e8b465ee728b)  -> (artifact id: '84138d839c15a6fe03b1bac9361061d5') in 0.008245 seconds 
========================================================================
Received Import Request.
  Time since last request: 78.868659 seconds.
  path: Assets/Samples/ProBuilder/5.0.7/Universal Render Pipeline Support
  artifactKey: Guid(0e1b6daa99998a5498a6f62a9ea96c45) Importer(815301076,1909f56bfc062723c751e8b465ee728b)
Start importing Assets/Samples/ProBuilder/5.0.7/Universal Render Pipeline Support using Guid(0e1b6daa99998a5498a6f62a9ea96c45) Importer(815301076,1909f56bfc062723c751e8b465ee728b)  -> (artifact id: 'a72367161954d62276a7bbe71a76bf94') in 0.002277 seconds 
========================================================================
Received Import Request.
  Time since last request: 4.204431 seconds.
  path: Assets/Samples/ProBuilder/5.0.7/Universal Render Pipeline Support/Material
  artifactKey: Guid(a87ab085704cc400587af8e4ae0899db) Importer(815301076,1909f56bfc062723c751e8b465ee728b)
Start importing Assets/Samples/ProBuilder/5.0.7/Universal Render Pipeline Support/Material using Guid(a87ab085704cc400587af8e4ae0899db) Importer(815301076,1909f56bfc062723c751e8b465ee728b)  -> (artifact id: 'ba7b96107c63bcb0ad83fec9b45393a0') in 0.002524 seconds 
========================================================================
Received Import Request.
  Time since last request: 0.054825 seconds.
  path: Assets/Samples/ProBuilder/5.0.7/Universal Render Pipeline Support/Material/ProBuilder Default URP.mat
  artifactKey: Guid(25a9fb42d361f46ad89221f6d301e96e) Importer(815301076,1909f56bfc062723c751e8b465ee728b)
Start importing Assets/Samples/ProBuilder/5.0.7/Universal Render Pipeline Support/Material/ProBuilder Default URP.mat using Guid(25a9fb42d361f46ad89221f6d301e96e) Importer(815301076,1909f56bfc062723c751e8b465ee728b)  -> (artifact id: 'c1ae0a7cab7b7723c39a372892e3bf42') in 1.032304 seconds 
========================================================================
Received Import Request.
  Time since last request: 10.747717 seconds.
  path: Assets/New Universal Render Pipeline Asset.asset
  artifactKey: Guid(a6b9beeb21525524082f958f51f23348) Importer(815301076,1909f56bfc062723c751e8b465ee728b)
Start importing Assets/New Universal Render Pipeline Asset.asset using Guid(a6b9beeb21525524082f958f51f23348) Importer(815301076,1909f56bfc062723c751e8b465ee728b)  -> (artifact id: '8138731c87286b5b016643441233aa58') in 0.003174 seconds 
========================================================================
Received Import Request.
  Time since last request: 0.000028 seconds.
  path: Assets/UniversalRenderPipelineGlobalSettings.asset
  artifactKey: Guid(07c16b887ae12a046ad52a9605cb7592) Importer(815301076,1909f56bfc062723c751e8b465ee728b)
Start importing Assets/UniversalRenderPipelineGlobalSettings.asset using Guid(07c16b887ae12a046ad52a9605cb7592) Importer(815301076,1909f56bfc062723c751e8b465ee728b)  -> (artifact id: '2b4452aebabae71ab2bb7b4cb66b2fe6') in 0.002612 seconds 
========================================================================
Received Import Request.
  Time since last request: 57.224975 seconds.
  path: Assets/Samples/ProBuilder
  artifactKey: Guid(bd4f7be57670b264fbf21660a823e09a) Importer(815301076,1909f56bfc062723c751e8b465ee728b)
Start importing Assets/Samples/ProBuilder using Guid(bd4f7be57670b264fbf21660a823e09a) Importer(815301076,1909f56bfc062723c751e8b465ee728b)  -> (artifact id: 'c49dae8c0a9e02bbcddf53653216296c') in 0.002990 seconds 
========================================================================
Received Import Request.
  Time since last request: 78.590351 seconds.
  path: Assets/Models/Enemies/Tutorial Enemy
  artifactKey: Guid(6758eb1d01be1014bb4a31929f27c24a) Importer(815301076,1909f56bfc062723c751e8b465ee728b)
Start importing Assets/Models/Enemies/Tutorial Enemy using Guid(6758eb1d01be1014bb4a31929f27c24a) Importer(815301076,1909f56bfc062723c751e8b465ee728b)  -> (artifact id: '1e56cefbffdc4e434670508a10b03d4d') in 0.002607 seconds 
========================================================================
Received Import Request.
  Time since last request: 0.057300 seconds.
  path: Assets/Models/Enemies/Tutorial Enemy/finaltexture_Kuntz.jpg
  artifactKey: Guid(969c71dc28d5d904984f4801e0533bc1) Importer(815301076,1909f56bfc062723c751e8b465ee728b)
Start importing Assets/Models/Enemies/Tutorial Enemy/finaltexture_Kuntz.jpg using Guid(969c71dc28d5d904984f4801e0533bc1) Importer(815301076,1909f56bfc062723c751e8b465ee728b)  -> (artifact id: '6fd2802eb3e41fe751dbf9d7ea547eea') in 0.013199 seconds 
========================================================================
Received Import Request.
  Time since last request: 17.899321 seconds.
  path: Assets/Models/Enemies/Tutorial Enemy/Enemy Prefab.prefab
  artifactKey: Guid(b516be7baf26dac40a5155d4539af5ff) Importer(815301076,1909f56bfc062723c751e8b465ee728b)
Start importing Assets/Models/Enemies/Tutorial Enemy/Enemy Prefab.prefab using Guid(b516be7baf26dac40a5155d4539af5ff) Importer(815301076,1909f56bfc062723c751e8b465ee728b)  -> (artifact id: '9aec33a3ddecfa41b54ec2789cef79f3') in 0.021142 seconds 
========================================================================
Received Import Request.
  Time since last request: 5.554642 seconds.
  path: Assets/Scenes/LevelOne.unity
  artifactKey: Guid(1cadda1ea252a3c4abf883c4be822414) Importer(815301076,1909f56bfc062723c751e8b465ee728b)
Start importing Assets/Scenes/LevelOne.unity using Guid(1cadda1ea252a3c4abf883c4be822414) Importer(815301076,1909f56bfc062723c751e8b465ee728b)  -> (artifact id: '87b0ba6beb20156328ab2d346c18fe3a') in 0.002648 seconds 
========================================================================
Received Import Request.
  Time since last request: 20.873248 seconds.
  path: Assets/Models/Arenas
  artifactKey: Guid(f3e86dd90d551694596df748831eae9f) Importer(815301076,1909f56bfc062723c751e8b465ee728b)
Start importing Assets/Models/Arenas using Guid(f3e86dd90d551694596df748831eae9f) Importer(815301076,1909f56bfc062723c751e8b465ee728b)  -> (artifact id: '14c4261903d23ee5cf4625769c46ad2b') in 0.002570 seconds 
========================================================================
Received Import Request.
  Time since last request: 2.887318 seconds.
  path: Assets/Models/Arenas/Materials
  artifactKey: Guid(a32b506797ef82d43af26d7932453b22) Importer(815301076,1909f56bfc062723c751e8b465ee728b)
Start importing Assets/Models/Arenas/Materials using Guid(a32b506797ef82d43af26d7932453b22) Importer(815301076,1909f56bfc062723c751e8b465ee728b)  -> (artifact id: '82bdd2b11f8545647238548b361e737e') in 0.002115 seconds 
========================================================================
Received Import Request.
  Time since last request: 0.029676 seconds.
  path: Assets/Models/Arenas/Materials/metal.jpg
  artifactKey: Guid(570151a7272251f46a9e80f6e6334620) Importer(815301076,1909f56bfc062723c751e8b465ee728b)
Start importing Assets/Models/Arenas/Materials/metal.jpg using Guid(570151a7272251f46a9e80f6e6334620) Importer(815301076,1909f56bfc062723c751e8b465ee728b)  -> (artifact id: 'e0868ee11d4e2922d99ae92687627257') in 0.010565 seconds 
========================================================================
Received Import Request.
  Time since last request: 0.000044 seconds.
  path: Assets/Models/Arenas/Materials/tray.jpg
  artifactKey: Guid(469333e7c265aab4c9878823a56199d8) Importer(815301076,1909f56bfc062723c751e8b465ee728b)
Start importing Assets/Models/Arenas/Materials/tray.jpg using Guid(469333e7c265aab4c9878823a56199d8) Importer(815301076,1909f56bfc062723c751e8b465ee728b)  -> (artifact id: 'f475501a81301841a530d78da48894b5') in 0.012393 seconds 
========================================================================
Received Import Request.
  Time since last request: 384.450539 seconds.
  path: Assets/Models/Enemies/Full Enemy/Enemy Material.mat
  artifactKey: Guid(e7a59ce0ac12b2c489ae8ff3f1dac8f7) Importer(815301076,1909f56bfc062723c751e8b465ee728b)
Start importing Assets/Models/Enemies/Full Enemy/Enemy Material.mat using Guid(e7a59ce0ac12b2c489ae8ff3f1dac8f7) Importer(815301076,1909f56bfc062723c751e8b465ee728b)  -> (artifact id: 'f88ddfa774134e8eb22ae5ec5ff4b5d5') in 0.769786 seconds 
========================================================================
Received Import Request.
  Time since last request: 3.784573 seconds.
  path: Assets/Scenes/Main Scene.unity
  artifactKey: Guid(9fc0d4010bbf28b4594072e72b8655ab) Importer(815301076,1909f56bfc062723c751e8b465ee728b)
Start importing Assets/Scenes/Main Scene.unity using Guid(9fc0d4010bbf28b4594072e72b8655ab) Importer(815301076,1909f56bfc062723c751e8b465ee728b)  -> (artifact id: 'd0c9a32febf8b60a1178d543a90f8775') in 0.003035 seconds 
========================================================================
Received Import Request.
  Time since last request: 51.041767 seconds.
  path: Assets/Models/Materials/Crystal.mat
  artifactKey: Guid(27305ad43fb78e741a21aa745774aa95) Importer(815301076,1909f56bfc062723c751e8b465ee728b)
Start importing Assets/Models/Materials/Crystal.mat using Guid(27305ad43fb78e741a21aa745774aa95) Importer(815301076,1909f56bfc062723c751e8b465ee728b)  -> (artifact id: '0aa00d92f34c73201a62e92f551fb2cf') in 0.012789 seconds 
========================================================================
Received Import Request.
  Time since last request: 0.000056 seconds.
  path: Assets/Models/Materials/Knife.mat
  artifactKey: Guid(0e13f4fa7a755c549affc2db3c6bdb1a) Importer(815301076,1909f56bfc062723c751e8b465ee728b)
Start importing Assets/Models/Materials/Knife.mat using Guid(0e13f4fa7a755c549affc2db3c6bdb1a) Importer(815301076,1909f56bfc062723c751e8b465ee728b)  -> (artifact id: '10c29ae4dbbbd29d7ca30d9fd769f45c') in 0.015798 seconds 
========================================================================
Received Import Request.
  Time since last request: 0.000023 seconds.
  path: Assets/Models/Materials/Wood.mat
  artifactKey: Guid(f07dd9016c3aeac40b264934f5ed0b92) Importer(815301076,1909f56bfc062723c751e8b465ee728b)
Start importing Assets/Models/Materials/Wood.mat using Guid(f07dd9016c3aeac40b264934f5ed0b92) Importer(815301076,1909f56bfc062723c751e8b465ee728b)  -> (artifact id: '8e868848c4e3a40365877d2021552b9a') in 0.025453 seconds 
========================================================================
Received Import Request.
  Time since last request: 16.632480 seconds.
  path: Assets/Models/Materials/Default.mat
  artifactKey: Guid(4a43552b1a53db64eb492f768f02c3c2) Importer(815301076,1909f56bfc062723c751e8b465ee728b)
Start importing Assets/Models/Materials/Default.mat using Guid(4a43552b1a53db64eb492f768f02c3c2) Importer(815301076,1909f56bfc062723c751e8b465ee728b)  -> (artifact id: 'acb4b7d516f2f8cbcfb216b88d95bb0e') in 0.012392 seconds 
