Using pre-set license
Built from '2021.3/staging' branch; Version is '2021.3.18f1 (3129e69bc0c7) revision 3221990'; Using compiler version '192829333'; Build Type 'Release'
OS: 'Windows 11  (10.0.22621) 64bit Core' Language: 'en' Physical Memory: 16303 MB
BatchMode: 1, IsHumanControllingUs: 0, StartBugReporterOnCrash: 0, Is64bit: 1, IsPro: 1

COMMAND LINE ARGUMENTS:
C:\Program Files\Unity\Hub\Editor\2021.3.18f1\Editor\Unity.exe
-adb2
-batchMode
-noUpm
-name
AssetImportWorker4
-projectPath
C:/Users/ryker/Documents/GitHub/UnityProjfects/Destructive Desserts Current
-logFile
Logs/AssetImportWorker4.log
-srvPort
56959
Successfully changed project path to: C:/Users/ryker/Documents/GitHub/UnityProjfects/Destructive Desserts Current
C:/Users/ryker/Documents/GitHub/UnityProjfects/Destructive Desserts Current
[UnityMemory] Configuration Parameters - Can be set up in boot.config
    "memorysetup-bucket-allocator-granularity=16"
    "memorysetup-bucket-allocator-bucket-count=8"
    "memorysetup-bucket-allocator-block-size=33554432"
    "memorysetup-bucket-allocator-block-count=8"
    "memorysetup-main-allocator-block-size=16777216"
    "memorysetup-thread-allocator-block-size=16777216"
    "memorysetup-gfx-main-allocator-block-size=16777216"
    "memorysetup-gfx-thread-allocator-block-size=16777216"
    "memorysetup-cache-allocator-block-size=4194304"
    "memorysetup-typetree-allocator-block-size=2097152"
    "memorysetup-profiler-bucket-allocator-granularity=16"
    "memorysetup-profiler-bucket-allocator-bucket-count=8"
    "memorysetup-profiler-bucket-allocator-block-size=33554432"
    "memorysetup-profiler-bucket-allocator-block-count=8"
    "memorysetup-profiler-allocator-block-size=16777216"
    "memorysetup-profiler-editor-allocator-block-size=1048576"
    "memorysetup-temp-allocator-size-main=16777216"
    "memorysetup-job-temp-allocator-block-size=2097152"
    "memorysetup-job-temp-allocator-block-size-background=1048576"
    "memorysetup-job-temp-allocator-reduction-small-platforms=262144"
    "memorysetup-temp-allocator-size-background-worker=32768"
    "memorysetup-temp-allocator-size-job-worker=262144"
    "memorysetup-temp-allocator-size-preload-manager=33554432"
    "memorysetup-temp-allocator-size-nav-mesh-worker=65536"
    "memorysetup-temp-allocator-size-audio-worker=65536"
    "memorysetup-temp-allocator-size-cloud-worker=32768"
    "memorysetup-temp-allocator-size-gi-baking-worker=262144"
    "memorysetup-temp-allocator-size-gfx=262144"
Player connection [28576] Host "[IP] 10.255.45.133 [Port] 0 [Flags] 2 [Guid] 3040737690 [EditorId] 3040737690 [Version] 1048832 [Id] WindowsEditor(7,LAPTOP-P1G4P1MK) [Debug] 1 [PackageName] WindowsEditor [ProjectName] Editor" joined multi-casting on [225.0.0.222:54997]...

Player connection [28576] Host "[IP] 10.255.45.133 [Port] 0 [Flags] 2 [Guid] 3040737690 [EditorId] 3040737690 [Version] 1048832 [Id] WindowsEditor(7,LAPTOP-P1G4P1MK) [Debug] 1 [PackageName] WindowsEditor [ProjectName] Editor" joined alternative multi-casting on [225.0.0.222:34997]...

Refreshing native plugins compatible for Editor in 157.05 ms, found 9 plugins.
Preloading 0 native plugins for Editor in 0.00 ms.
Initialize engine version: 2021.3.18f1 (3129e69bc0c7)
[Subsystems] Discovering subsystems at path C:/Program Files/Unity/Hub/Editor/2021.3.18f1/Editor/Data/Resources/UnitySubsystems
[Subsystems] Discovering subsystems at path C:/Users/ryker/Documents/GitHub/UnityProjfects/Destructive Desserts Current/Assets
GfxDevice: creating device client; threaded=0; jobified=0
Direct3D:
    Version:  Direct3D 11.0 [level 11.1]
    Renderer: NVIDIA GeForce RTX 2070 with Max-Q Design (ID=0x1f50)
    Vendor:   NVIDIA
    VRAM:     8019 MB
    Driver:   31.0.15.2756
Initialize mono
Mono path[0] = 'C:/Program Files/Unity/Hub/Editor/2021.3.18f1/Editor/Data/Managed'
Mono path[1] = 'C:/Program Files/Unity/Hub/Editor/2021.3.18f1/Editor/Data/MonoBleedingEdge/lib/mono/unityjit-win32'
Mono config path = 'C:/Program Files/Unity/Hub/Editor/2021.3.18f1/Editor/Data/MonoBleedingEdge/etc'
Using monoOptions --debugger-agent=transport=dt_socket,embedding=1,server=y,suspend=n,address=127.0.0.1:56660
Begin MonoManager ReloadAssembly
Registering precompiled unity dll's ...
Register platform support module: C:/Program Files/Unity/Hub/Editor/2021.3.18f1/Editor/Data/PlaybackEngines/AndroidPlayer/UnityEditor.Android.Extensions.dll
Register platform support module: C:/Program Files/Unity/Hub/Editor/2021.3.18f1/Editor/Data/PlaybackEngines/iOSSupport/UnityEditor.iOS.Extensions.dll
Register platform support module: C:/Program Files/Unity/Hub/Editor/2021.3.18f1/Editor/Data/PlaybackEngines/WindowsStandaloneSupport/UnityEditor.WindowsStandalone.Extensions.dll
Registered in 0.008545 seconds.
Native extension for WindowsStandalone target not found
[usbmuxd] Start listen thread
[usbmuxd] Listen thread started
Native extension for iOS target not found
Native extension for Android target not found
Android Extension - Scanning For ADB Devices 391 ms
Refreshing native plugins compatible for Editor in 115.54 ms, found 9 plugins.
Preloading 0 native plugins for Editor in 0.00 ms.
Mono: successfully reloaded assembly
- Completed reload, in  1.148 seconds
Domain Reload Profiling:
	ReloadAssembly (1148ms)
		BeginReloadAssembly (86ms)
			ExecutionOrderSort (0ms)
			DisableScriptedObjects (0ms)
			BackupInstance (0ms)
			ReleaseScriptingObjects (0ms)
			CreateAndSetChildDomain (1ms)
		EndReloadAssembly (938ms)
			LoadAssemblies (85ms)
			RebuildTransferFunctionScriptingTraits (0ms)
			SetupTypeCache (112ms)
			ReleaseScriptCaches (0ms)
			RebuildScriptCaches (31ms)
			SetupLoadedEditorAssemblies (741ms)
				LogAssemblyErrors (0ms)
				InitializePlatformSupportModulesInManaged (487ms)
				SetLoadedEditorAssemblies (0ms)
				RefreshPlugins (116ms)
				BeforeProcessingInitializeOnLoad (1ms)
				ProcessInitializeOnLoadAttributes (89ms)
				ProcessInitializeOnLoadMethodAttributes (47ms)
				AfterProcessingInitializeOnLoad (0ms)
				EditorAssembliesLoaded (0ms)
			ExecutionOrderSort2 (0ms)
			AwakeInstancesAfterBackupRestoration (0ms)
Platform modules already initialized, skipping
Registering precompiled user dll's ...
Registered in 0.011664 seconds.
Begin MonoManager ReloadAssembly
Symbol file LoadedFromMemory doesn't match image C:\Users\ryker\Documents\GitHub\UnityProjfects\Destructive Desserts Current\Library\PackageCache\com.unity.visualscripting@1.8.0\Editor\VisualScripting.Core\Dependencies\DotNetZip\Unity.VisualScripting.IonicZip.dll
Symbol file LoadedFromMemory doesn't match image C:\Users\ryker\Documents\GitHub\UnityProjfects\Destructive Desserts Current\Library\PackageCache\com.unity.visualscripting@1.8.0\Editor\VisualScripting.Core\Dependencies\YamlDotNet\Unity.VisualScripting.YamlDotNet.dll
Native extension for WindowsStandalone target not found
Native extension for iOS target not found
Native extension for Android target not found
Refreshing native plugins compatible for Editor in 118.79 ms, found 9 plugins.
Preloading 0 native plugins for Editor in 0.00 ms.
Package Manager log level set to [2]
Mono: successfully reloaded assembly
- Completed reload, in  1.660 seconds
Domain Reload Profiling:
	ReloadAssembly (1661ms)
		BeginReloadAssembly (137ms)
			ExecutionOrderSort (0ms)
			DisableScriptedObjects (7ms)
			BackupInstance (0ms)
			ReleaseScriptingObjects (0ms)
			CreateAndSetChildDomain (24ms)
		EndReloadAssembly (1382ms)
			LoadAssemblies (119ms)
			RebuildTransferFunctionScriptingTraits (0ms)
			SetupTypeCache (387ms)
			ReleaseScriptCaches (1ms)
			RebuildScriptCaches (83ms)
			SetupLoadedEditorAssemblies (729ms)
				LogAssemblyErrors (0ms)
				InitializePlatformSupportModulesInManaged (27ms)
				SetLoadedEditorAssemblies (0ms)
				RefreshPlugins (119ms)
				BeforeProcessingInitializeOnLoad (147ms)
				ProcessInitializeOnLoadAttributes (330ms)
				ProcessInitializeOnLoadMethodAttributes (97ms)
				AfterProcessingInitializeOnLoad (8ms)
				EditorAssembliesLoaded (0ms)
			ExecutionOrderSort2 (0ms)
			AwakeInstancesAfterBackupRestoration (7ms)
Platform modules already initialized, skipping
========================================================================
Worker process is ready to serve import requests
Launched and connected shader compiler UnityShaderCompiler.exe after 0.06 seconds
Refreshing native plugins compatible for Editor in 2.26 ms, found 9 plugins.
Preloading 0 native plugins for Editor in 0.00 ms.
Unloading 6063 Unused Serialized files (Serialized files now loaded: 0)
Unloading 60 unused Assets / (0.8 MB). Loaded Objects now: 6498.
Memory consumption went from 240.0 MB to 239.2 MB.
Total: 7.629000 ms (FindLiveObjects: 0.710300 ms CreateObjectMapping: 0.824700 ms MarkObjects: 5.481100 ms  DeleteObjects: 0.609900 ms)

AssetImportParameters requested are different than current active one (requested -> active):
  custom:video-decoder-ogg-theora: a1e56fd34408186e4bbccfd4996cb3dc -> 
  custom:container-muxer-webm: aa71ff27fc2769a1b78a27578f13a17b -> 
  custom:container-demuxer-webm: 4f35f7cbe854078d1ac9338744f61a02 -> 
  custom:video-encoder-webm-vp8: eb34c28f22e8b96e1ab97ce403110664 -> 
  custom:video-codec-MediaFoundation-h265: 746d11721c4dcdbdad8f713fa42b33f4 -> 
  custom:audio-encoder-webm-vorbis: bf7c407c2cedff20999df2af8eb42d56 -> 
  custom:framework-win-MediaFoundation: 216162199b28c13a410421893ffa2e32 -> 
  custom:container-demuxer-ogg: 62fdf1f143b41e24485cea50d1cbac27 -> 
  custom:video-decoder-webm-vp8: 9c59270c3fd7afecdb556c50c9e8de78 -> 
  custom:audio-decoder-ogg-vorbis: bf7c407c2cedff20999df2af8eb42d56 -> 
========================================================================
Received Import Request.
  Time since last request: 1056520.560031 seconds.
  path: Assets/Models/Arenas/Materials/Material.001.mat
  artifactKey: Guid(86ec296e0060c194facb2a55dd6ecc27) Importer(815301076,1909f56bfc062723c751e8b465ee728b)
Start importing Assets/Models/Arenas/Materials/Material.001.mat using Guid(86ec296e0060c194facb2a55dd6ecc27) Importer(815301076,1909f56bfc062723c751e8b465ee728b)  -> (artifact id: '2cb21f506bf8c352c248ff0e9cf5b4c4') in 0.137999 seconds 
========================================================================
Received Import Request.
  Time since last request: 0.000027 seconds.
  path: Assets/Models/Arenas/Materials/Material.002.mat
  artifactKey: Guid(0028c6921d5648b45988b4657537d08f) Importer(815301076,1909f56bfc062723c751e8b465ee728b)
Start importing Assets/Models/Arenas/Materials/Material.002.mat using Guid(0028c6921d5648b45988b4657537d08f) Importer(815301076,1909f56bfc062723c751e8b465ee728b)  -> (artifact id: '0afcf6b5c07022787b2d1d4b87e4fe3f') in 0.240373 seconds 
========================================================================
Received Import Request.
  Time since last request: 9.615410 seconds.
  path: Assets/Models/Arenas/Materials/Material.001.mat
  artifactKey: Guid(86ec296e0060c194facb2a55dd6ecc27) Importer(815301076,1909f56bfc062723c751e8b465ee728b)
Start importing Assets/Models/Arenas/Materials/Material.001.mat using Guid(86ec296e0060c194facb2a55dd6ecc27) Importer(815301076,1909f56bfc062723c751e8b465ee728b)  -> (artifact id: '32e96d879d36fac59aa9139d9c7c580a') in 0.008244 seconds 
========================================================================
Received Import Request.
  Time since last request: 24.698893 seconds.
  path: Assets/Models/Arenas/Materials/Material Test.mat
  artifactKey: Guid(75fa96dd883599c4fb404b39dfb497b8) Importer(815301076,1909f56bfc062723c751e8b465ee728b)
Start importing Assets/Models/Arenas/Materials/Material Test.mat using Guid(75fa96dd883599c4fb404b39dfb497b8) Importer(815301076,1909f56bfc062723c751e8b465ee728b)  -> (artifact id: 'addfa66f4298ebdc00bdfe7e41ae0fc2') in 0.026304 seconds 
========================================================================
Received Import Request.
  Time since last request: 164.107661 seconds.
  path: Assets/Models/Arenas/Materials/tray.jpg
  artifactKey: Guid(469333e7c265aab4c9878823a56199d8) Importer(815301076,1909f56bfc062723c751e8b465ee728b)
Start importing Assets/Models/Arenas/Materials/tray.jpg using Guid(469333e7c265aab4c9878823a56199d8) Importer(815301076,1909f56bfc062723c751e8b465ee728b)  -> (artifact id: '445689e8d18f78c71f530c0d831ff414') in 0.043173 seconds 
========================================================================
Received Import Request.
  Time since last request: 12.598964 seconds.
  path: Assets/Models/Arenas/Materials/tray.jpg
  artifactKey: Guid(469333e7c265aab4c9878823a56199d8) Importer(815301076,1909f56bfc062723c751e8b465ee728b)
Start importing Assets/Models/Arenas/Materials/tray.jpg using Guid(469333e7c265aab4c9878823a56199d8) Importer(815301076,1909f56bfc062723c751e8b465ee728b)  -> (artifact id: '12304171eddcbe0c919308612d3056af') in 0.011551 seconds 
========================================================================
Received Import Request.
  Time since last request: 144.588666 seconds.
  path: Assets/Models/Arenas/Materials/Material Test.mat
  artifactKey: Guid(75fa96dd883599c4fb404b39dfb497b8) Importer(815301076,1909f56bfc062723c751e8b465ee728b)
Start importing Assets/Models/Arenas/Materials/Material Test.mat using Guid(75fa96dd883599c4fb404b39dfb497b8) Importer(815301076,1909f56bfc062723c751e8b465ee728b)  -> (artifact id: '62ad9d406218e10cea158494a6bceced') in 0.014220 seconds 
========================================================================
Received Import Request.
  Time since last request: 183.466364 seconds.
  path: Assets/Models/Arenas/Oven.blend
  artifactKey: Guid(387fe180eb4537d47bbeb3b56373221a) Importer(815301076,1909f56bfc062723c751e8b465ee728b)
Start importing Assets/Models/Arenas/Oven.blend using Guid(387fe180eb4537d47bbeb3b56373221a) Importer(815301076,1909f56bfc062723c751e8b465ee728b)  -> (artifact id: '8a84d79b7ebf039f121761b9c1f99b10') in 0.107209 seconds 
========================================================================
Received Import Request.
  Time since last request: 247.633612 seconds.
  path: Assets/Models/Arenas/Oven.blend
  artifactKey: Guid(387fe180eb4537d47bbeb3b56373221a) Importer(815301076,1909f56bfc062723c751e8b465ee728b)
Start importing Assets/Models/Arenas/Oven.blend using Guid(387fe180eb4537d47bbeb3b56373221a) Importer(815301076,1909f56bfc062723c751e8b465ee728b)  -> (artifact id: '63794bf5fbbd43e6b7c6dca854c2d2bb') in 0.120212 seconds 
========================================================================
Received Import Request.
  Time since last request: 151.765329 seconds.
  path: Assets/Models/Arenas/Oven.blend
  artifactKey: Guid(387fe180eb4537d47bbeb3b56373221a) Importer(815301076,1909f56bfc062723c751e8b465ee728b)
Start importing Assets/Models/Arenas/Oven.blend using Guid(387fe180eb4537d47bbeb3b56373221a) Importer(815301076,1909f56bfc062723c751e8b465ee728b)  -> (artifact id: '62f67a97c1cabfef7ff3c46826d33d9d') in 0.117119 seconds 
========================================================================
Received Import Request.
  Time since last request: 29.093945 seconds.
  path: Assets/Models/Arenas/Oven.blend
  artifactKey: Guid(387fe180eb4537d47bbeb3b56373221a) Importer(815301076,1909f56bfc062723c751e8b465ee728b)
Start importing Assets/Models/Arenas/Oven.blend using Guid(387fe180eb4537d47bbeb3b56373221a) Importer(815301076,1909f56bfc062723c751e8b465ee728b)  -> (artifact id: '4415ddc6a33179dec81b8337d2b3002f') in 0.117618 seconds 
========================================================================
Received Import Request.
  Time since last request: 91.569938 seconds.
  path: Assets/Models/Arenas/Oven.blend
  artifactKey: Guid(387fe180eb4537d47bbeb3b56373221a) Importer(815301076,1909f56bfc062723c751e8b465ee728b)
Start importing Assets/Models/Arenas/Oven.blend using Guid(387fe180eb4537d47bbeb3b56373221a) Importer(815301076,1909f56bfc062723c751e8b465ee728b)  -> (artifact id: '92c0e0eea6d225a0bc9604f365465afd') in 0.112346 seconds 
========================================================================
Received Import Request.
  Time since last request: 134.451500 seconds.
  path: Assets/Models/Arenas/Oven.blend
  artifactKey: Guid(387fe180eb4537d47bbeb3b56373221a) Importer(815301076,1909f56bfc062723c751e8b465ee728b)
Start importing Assets/Models/Arenas/Oven.blend using Guid(387fe180eb4537d47bbeb3b56373221a) Importer(815301076,1909f56bfc062723c751e8b465ee728b)  -> (artifact id: 'd5318d232f0ed5639a5005f6640477e9') in 0.109801 seconds 
========================================================================
Received Import Request.
  Time since last request: 105.398852 seconds.
  path: Assets/Models/Arenas/Oven.blend
  artifactKey: Guid(387fe180eb4537d47bbeb3b56373221a) Importer(815301076,1909f56bfc062723c751e8b465ee728b)
Start importing Assets/Models/Arenas/Oven.blend using Guid(387fe180eb4537d47bbeb3b56373221a) Importer(815301076,1909f56bfc062723c751e8b465ee728b)  -> (artifact id: 'd7bdd6192fbc4df3443fca60dd63d522') in 0.147212 seconds 
========================================================================
Received Import Request.
  Time since last request: 309.628223 seconds.
  path: Assets/Models/Arenas/Oven.blend
  artifactKey: Guid(387fe180eb4537d47bbeb3b56373221a) Importer(815301076,1909f56bfc062723c751e8b465ee728b)
Start importing Assets/Models/Arenas/Oven.blend using Guid(387fe180eb4537d47bbeb3b56373221a) Importer(815301076,1909f56bfc062723c751e8b465ee728b)  -> (artifact id: 'f316cfe11392d222c435a0548f8a539f') in 0.131678 seconds 
========================================================================
Received Import Request.
  Time since last request: 72.799341 seconds.
  path: Assets/Models/Arenas/Oven.blend
  artifactKey: Guid(387fe180eb4537d47bbeb3b56373221a) Importer(815301076,1909f56bfc062723c751e8b465ee728b)
Start importing Assets/Models/Arenas/Oven.blend using Guid(387fe180eb4537d47bbeb3b56373221a) Importer(815301076,1909f56bfc062723c751e8b465ee728b)  -> (artifact id: 'e3f6de4c7b6f3089ff566f1b7ba25226') in 0.159269 seconds 
========================================================================
Received Import Request.
  Time since last request: 564.100976 seconds.
  path: Assets/Models/Arenas/Oven.blend
  artifactKey: Guid(387fe180eb4537d47bbeb3b56373221a) Importer(815301076,1909f56bfc062723c751e8b465ee728b)
Start importing Assets/Models/Arenas/Oven.blend using Guid(387fe180eb4537d47bbeb3b56373221a) Importer(815301076,1909f56bfc062723c751e8b465ee728b)  -> (artifact id: '42f60dc98f6e63631fca6b048700164e') in 0.123941 seconds 
========================================================================
Received Import Request.
  Time since last request: 90.087585 seconds.
  path: Assets/Models/Arenas/Oven.blend
  artifactKey: Guid(387fe180eb4537d47bbeb3b56373221a) Importer(815301076,1909f56bfc062723c751e8b465ee728b)
Start importing Assets/Models/Arenas/Oven.blend using Guid(387fe180eb4537d47bbeb3b56373221a) Importer(815301076,1909f56bfc062723c751e8b465ee728b)  -> (artifact id: '919b720c17c5facc15354324b3245c00') in 0.123811 seconds 
========================================================================
Received Import Request.
  Time since last request: 15.613106 seconds.
  path: Assets/Models/Arenas/Oven.blend
  artifactKey: Guid(387fe180eb4537d47bbeb3b56373221a) Importer(815301076,1909f56bfc062723c751e8b465ee728b)
Start importing Assets/Models/Arenas/Oven.blend using Guid(387fe180eb4537d47bbeb3b56373221a) Importer(815301076,1909f56bfc062723c751e8b465ee728b)  -> (artifact id: '6079a592384d3eea79a1eed49b3999fc') in 0.078427 seconds 
========================================================================
Received Import Request.
  Time since last request: 86.740152 seconds.
  path: Assets/Models/Enemies/Tutorial Enemy/Enemy.fbx
  artifactKey: Guid(81a5589e61ff9bd4b9b5e93cf2dd0203) Importer(815301076,1909f56bfc062723c751e8b465ee728b)
Start importing Assets/Models/Enemies/Tutorial Enemy/Enemy.fbx using Guid(81a5589e61ff9bd4b9b5e93cf2dd0203) Importer(815301076,1909f56bfc062723c751e8b465ee728b)  -> (artifact id: '0b11092f835ee8dab81f247510fbdc20') in 0.063883 seconds 
========================================================================
Received Import Request.
  Time since last request: 13.845805 seconds.
  path: Assets/Models/Enemies/Tutorial Enemy/Enemy Prefab.prefab
  artifactKey: Guid(b516be7baf26dac40a5155d4539af5ff) Importer(815301076,1909f56bfc062723c751e8b465ee728b)
Start importing Assets/Models/Enemies/Tutorial Enemy/Enemy Prefab.prefab using Guid(b516be7baf26dac40a5155d4539af5ff) Importer(815301076,1909f56bfc062723c751e8b465ee728b)  -> (artifact id: 'f86f4db0d9292291c8e1e46d82beead9') in 0.025521 seconds 
========================================================================
Received Import Request.
  Time since last request: 164.954795 seconds.
  path: Assets/Models/Enemies/Full Enemy/Enemy 1.prefab
  artifactKey: Guid(52481f6a8dcb9c341af5cca6068a8481) Importer(815301076,1909f56bfc062723c751e8b465ee728b)
Start importing Assets/Models/Enemies/Full Enemy/Enemy 1.prefab using Guid(52481f6a8dcb9c341af5cca6068a8481) Importer(815301076,1909f56bfc062723c751e8b465ee728b)  -> (artifact id: 'db82af312c46bc2f2eae2fc1894424a4') in 0.035379 seconds 
========================================================================
Received Import Request.
  Time since last request: 14.205275 seconds.
  path: Assets/Models/Enemies/Full Enemy/Enemy.prefab
  artifactKey: Guid(52481f6a8dcb9c341af5cca6068a8481) Importer(815301076,1909f56bfc062723c751e8b465ee728b)
Start importing Assets/Models/Enemies/Full Enemy/Enemy.prefab using Guid(52481f6a8dcb9c341af5cca6068a8481) Importer(815301076,1909f56bfc062723c751e8b465ee728b)  -> (artifact id: '58bcdb1a1e710fd82ab097cffb374eb7') in 0.028886 seconds 
