Using pre-set license
Built from '2021.3/staging' branch; Version is '2021.3.18f1 (3129e69bc0c7) revision 3221990'; Using compiler version '192829333'; Build Type 'Release'
OS: 'Windows 11  (10.0.22621) 64bit Core' Language: 'en' Physical Memory: 16303 MB
BatchMode: 1, IsHumanControllingUs: 0, StartBugReporterOnCrash: 0, Is64bit: 1, IsPro: 1

COMMAND LINE ARGUMENTS:
C:\Program Files\Unity\Hub\Editor\2021.3.18f1\Editor\Unity.exe
-adb2
-batchMode
-noUpm
-name
AssetImportWorker4
-projectPath
C:/Users/ryker/Documents/GitHub/UnityProjfects/Particle Project
-logFile
Logs/AssetImportWorker4.log
-srvPort
63225
Successfully changed project path to: C:/Users/ryker/Documents/GitHub/UnityProjfects/Particle Project
C:/Users/ryker/Documents/GitHub/UnityProjfects/Particle Project
[UnityMemory] Configuration Parameters - Can be set up in boot.config
    "memorysetup-bucket-allocator-granularity=16"
    "memorysetup-bucket-allocator-bucket-count=8"
    "memorysetup-bucket-allocator-block-size=33554432"
    "memorysetup-bucket-allocator-block-count=8"
    "memorysetup-main-allocator-block-size=16777216"
    "memorysetup-thread-allocator-block-size=16777216"
    "memorysetup-gfx-main-allocator-block-size=16777216"
    "memorysetup-gfx-thread-allocator-block-size=16777216"
    "memorysetup-cache-allocator-block-size=4194304"
    "memorysetup-typetree-allocator-block-size=2097152"
    "memorysetup-profiler-bucket-allocator-granularity=16"
    "memorysetup-profiler-bucket-allocator-bucket-count=8"
    "memorysetup-profiler-bucket-allocator-block-size=33554432"
    "memorysetup-profiler-bucket-allocator-block-count=8"
    "memorysetup-profiler-allocator-block-size=16777216"
    "memorysetup-profiler-editor-allocator-block-size=1048576"
    "memorysetup-temp-allocator-size-main=16777216"
    "memorysetup-job-temp-allocator-block-size=2097152"
    "memorysetup-job-temp-allocator-block-size-background=1048576"
    "memorysetup-job-temp-allocator-reduction-small-platforms=262144"
    "memorysetup-temp-allocator-size-background-worker=32768"
    "memorysetup-temp-allocator-size-job-worker=262144"
    "memorysetup-temp-allocator-size-preload-manager=33554432"
    "memorysetup-temp-allocator-size-nav-mesh-worker=65536"
    "memorysetup-temp-allocator-size-audio-worker=65536"
    "memorysetup-temp-allocator-size-cloud-worker=32768"
    "memorysetup-temp-allocator-size-gi-baking-worker=262144"
    "memorysetup-temp-allocator-size-gfx=262144"
Player connection [14080] Host "[IP] 10.255.165.184 [Port] 0 [Flags] 2 [Guid] 2606257116 [EditorId] 2606257116 [Version] 1048832 [Id] WindowsEditor(7,LAPTOP-P1G4P1MK) [Debug] 1 [PackageName] WindowsEditor [ProjectName] Editor" joined multi-casting on [225.0.0.222:54997]...

Player connection [14080] Host "[IP] 10.255.165.184 [Port] 0 [Flags] 2 [Guid] 2606257116 [EditorId] 2606257116 [Version] 1048832 [Id] WindowsEditor(7,LAPTOP-P1G4P1MK) [Debug] 1 [PackageName] WindowsEditor [ProjectName] Editor" joined alternative multi-casting on [225.0.0.222:34997]...

Refreshing native plugins compatible for Editor in 160.63 ms, found 3 plugins.
Preloading 0 native plugins for Editor in 0.00 ms.
Initialize engine version: 2021.3.18f1 (3129e69bc0c7)
[Subsystems] Discovering subsystems at path C:/Program Files/Unity/Hub/Editor/2021.3.18f1/Editor/Data/Resources/UnitySubsystems
[Subsystems] Discovering subsystems at path C:/Users/ryker/Documents/GitHub/UnityProjfects/Particle Project/Assets
GfxDevice: creating device client; threaded=0; jobified=0
Direct3D:
    Version:  Direct3D 11.0 [level 11.1]
    Renderer: NVIDIA GeForce RTX 2070 with Max-Q Design (ID=0x1f50)
    Vendor:   NVIDIA
    VRAM:     8019 MB
    Driver:   31.0.15.2756
Initialize mono
Mono path[0] = 'C:/Program Files/Unity/Hub/Editor/2021.3.18f1/Editor/Data/Managed'
Mono path[1] = 'C:/Program Files/Unity/Hub/Editor/2021.3.18f1/Editor/Data/MonoBleedingEdge/lib/mono/unityjit-win32'
Mono config path = 'C:/Program Files/Unity/Hub/Editor/2021.3.18f1/Editor/Data/MonoBleedingEdge/etc'
Using monoOptions --debugger-agent=transport=dt_socket,embedding=1,server=y,suspend=n,address=127.0.0.1:56604
Begin MonoManager ReloadAssembly
Registering precompiled unity dll's ...
Register platform support module: C:/Program Files/Unity/Hub/Editor/2021.3.18f1/Editor/Data/PlaybackEngines/AndroidPlayer/UnityEditor.Android.Extensions.dll
Register platform support module: C:/Program Files/Unity/Hub/Editor/2021.3.18f1/Editor/Data/PlaybackEngines/iOSSupport/UnityEditor.iOS.Extensions.dll
Register platform support module: C:/Program Files/Unity/Hub/Editor/2021.3.18f1/Editor/Data/PlaybackEngines/WindowsStandaloneSupport/UnityEditor.WindowsStandalone.Extensions.dll
Registered in 0.012524 seconds.
Native extension for WindowsStandalone target not found
[usbmuxd] Start listen thread
[usbmuxd] Listen thread started
Native extension for iOS target not found
Native extension for Android target not found
Android Extension - Scanning For ADB Devices 399 ms
Refreshing native plugins compatible for Editor in 146.78 ms, found 3 plugins.
Preloading 0 native plugins for Editor in 0.00 ms.
Mono: successfully reloaded assembly
- Completed reload, in  1.295 seconds
Domain Reload Profiling:
	ReloadAssembly (1295ms)
		BeginReloadAssembly (136ms)
			ExecutionOrderSort (0ms)
			DisableScriptedObjects (0ms)
			BackupInstance (0ms)
			ReleaseScriptingObjects (0ms)
			CreateAndSetChildDomain (1ms)
		EndReloadAssembly (1019ms)
			LoadAssemblies (132ms)
			RebuildTransferFunctionScriptingTraits (0ms)
			SetupTypeCache (130ms)
			ReleaseScriptCaches (0ms)
			RebuildScriptCaches (31ms)
			SetupLoadedEditorAssemblies (796ms)
				LogAssemblyErrors (0ms)
				InitializePlatformSupportModulesInManaged (501ms)
				SetLoadedEditorAssemblies (0ms)
				RefreshPlugins (147ms)
				BeforeProcessingInitializeOnLoad (1ms)
				ProcessInitializeOnLoadAttributes (94ms)
				ProcessInitializeOnLoadMethodAttributes (53ms)
				AfterProcessingInitializeOnLoad (0ms)
				EditorAssembliesLoaded (0ms)
			ExecutionOrderSort2 (0ms)
			AwakeInstancesAfterBackupRestoration (0ms)
Platform modules already initialized, skipping
Registering precompiled user dll's ...
Registered in 0.010773 seconds.
Begin MonoManager ReloadAssembly
Symbol file LoadedFromMemory doesn't match image C:\Users\ryker\Documents\GitHub\UnityProjfects\Particle Project\Library\PackageCache\com.unity.visualscripting@1.8.0\Editor\VisualScripting.Core\Dependencies\YamlDotNet\Unity.VisualScripting.YamlDotNet.dll
Symbol file LoadedFromMemory doesn't match image C:\Users\ryker\Documents\GitHub\UnityProjfects\Particle Project\Library\PackageCache\com.unity.visualscripting@1.8.0\Editor\VisualScripting.Core\Dependencies\DotNetZip\Unity.VisualScripting.IonicZip.dll
Native extension for WindowsStandalone target not found
Native extension for iOS target not found
Native extension for Android target not found
Refreshing native plugins compatible for Editor in 169.03 ms, found 3 plugins.
Preloading 0 native plugins for Editor in 0.00 ms.
Mono: successfully reloaded assembly
- Completed reload, in  2.128 seconds
Domain Reload Profiling:
	ReloadAssembly (2129ms)
		BeginReloadAssembly (135ms)
			ExecutionOrderSort (0ms)
			DisableScriptedObjects (7ms)
			BackupInstance (0ms)
			ReleaseScriptingObjects (0ms)
			CreateAndSetChildDomain (26ms)
		EndReloadAssembly (1838ms)
			LoadAssemblies (186ms)
			RebuildTransferFunctionScriptingTraits (0ms)
			SetupTypeCache (466ms)
			ReleaseScriptCaches (1ms)
			RebuildScriptCaches (107ms)
			SetupLoadedEditorAssemblies (1005ms)
				LogAssemblyErrors (0ms)
				InitializePlatformSupportModulesInManaged (25ms)
				SetLoadedEditorAssemblies (0ms)
				RefreshPlugins (169ms)
				BeforeProcessingInitializeOnLoad (145ms)
				ProcessInitializeOnLoadAttributes (348ms)
				ProcessInitializeOnLoadMethodAttributes (309ms)
				AfterProcessingInitializeOnLoad (9ms)
				EditorAssembliesLoaded (0ms)
			ExecutionOrderSort2 (0ms)
			AwakeInstancesAfterBackupRestoration (7ms)
Platform modules already initialized, skipping
========================================================================
Worker process is ready to serve import requests
Launched and connected shader compiler UnityShaderCompiler.exe after 0.07 seconds
Refreshing native plugins compatible for Editor in 1.72 ms, found 3 plugins.
Preloading 0 native plugins for Editor in 0.00 ms.
Unloading 6306 Unused Serialized files (Serialized files now loaded: 0)
Unloading 52 unused Assets / (3.9 MB). Loaded Objects now: 6761.
Memory consumption went from 288.8 MB to 284.9 MB.
Total: 8.550400 ms (FindLiveObjects: 0.720800 ms CreateObjectMapping: 0.716200 ms MarkObjects: 5.696900 ms  DeleteObjects: 1.414900 ms)

AssetImportParameters requested are different than current active one (requested -> active):
  custom:video-decoder-ogg-theora: a1e56fd34408186e4bbccfd4996cb3dc -> 
  custom:container-muxer-webm: aa71ff27fc2769a1b78a27578f13a17b -> 
  custom:container-demuxer-webm: 4f35f7cbe854078d1ac9338744f61a02 -> 
  custom:video-encoder-webm-vp8: eb34c28f22e8b96e1ab97ce403110664 -> 
  custom:video-codec-MediaFoundation-h265: 746d11721c4dcdbdad8f713fa42b33f4 -> 
  custom:audio-encoder-webm-vorbis: bf7c407c2cedff20999df2af8eb42d56 -> 
  custom:framework-win-MediaFoundation: 216162199b28c13a410421893ffa2e32 -> 
  custom:container-demuxer-ogg: 62fdf1f143b41e24485cea50d1cbac27 -> 
  custom:video-decoder-webm-vp8: 9c59270c3fd7afecdb556c50c9e8de78 -> 
  custom:audio-decoder-ogg-vorbis: bf7c407c2cedff20999df2af8eb42d56 -> 
========================================================================
Received Import Request.
  Time since last request: 86324.094082 seconds.
  path: Packages/com.unity.testtools.codecoverage/Editor/Icons/CodeCoverage.png
  artifactKey: Guid(5e4d1277a09266944b3431a0a44d0862) Importer(815301076,1909f56bfc062723c751e8b465ee728b)
Start importing Packages/com.unity.testtools.codecoverage/Editor/Icons/CodeCoverage.png using Guid(5e4d1277a09266944b3431a0a44d0862) Importer(815301076,1909f56bfc062723c751e8b465ee728b)  -> (artifact id: 'dc203a90604bc8acd2f93b628d7063f7') in 0.103212 seconds 
========================================================================
Received Import Request.
  Time since last request: 68.332256 seconds.
  path: Assets/Effects/Fire.vfx
  artifactKey: Guid(9fb095f58f3bae345a1455faf1e6e7e5) Importer(815301076,1909f56bfc062723c751e8b465ee728b)
Start importing Assets/Effects/Fire.vfx using Guid(9fb095f58f3bae345a1455faf1e6e7e5) Importer(815301076,1909f56bfc062723c751e8b465ee728b)  -> (artifact id: '11154968c763287f1f5f092103bdfecd') in 2.466642 seconds 
========================================================================
Received Import Request.
  Time since last request: 34.425655 seconds.
  path: Assets/Effects/Fire.vfx
  artifactKey: Guid(9fb095f58f3bae345a1455faf1e6e7e5) Importer(815301076,1909f56bfc062723c751e8b465ee728b)
Start importing Assets/Effects/Fire.vfx using Guid(9fb095f58f3bae345a1455faf1e6e7e5) Importer(815301076,1909f56bfc062723c751e8b465ee728b)  -> (artifact id: 'ae23f918e65d786f942203300c9fd8ed') in 0.263392 seconds 
========================================================================
Received Import Request.
  Time since last request: 13.017795 seconds.
  path: Assets/Effects/Fire.vfx
  artifactKey: Guid(9fb095f58f3bae345a1455faf1e6e7e5) Importer(815301076,1909f56bfc062723c751e8b465ee728b)
Start importing Assets/Effects/Fire.vfx using Guid(9fb095f58f3bae345a1455faf1e6e7e5) Importer(815301076,1909f56bfc062723c751e8b465ee728b)  -> (artifact id: 'c63bfde4c0e01337a2f3a1970d3ac4cd') in 0.269367 seconds 
========================================================================
Received Import Request.
  Time since last request: 2.544966 seconds.
  path: Assets/Effects/Fire.vfx
  artifactKey: Guid(9fb095f58f3bae345a1455faf1e6e7e5) Importer(815301076,1909f56bfc062723c751e8b465ee728b)
Start importing Assets/Effects/Fire.vfx using Guid(9fb095f58f3bae345a1455faf1e6e7e5) Importer(815301076,1909f56bfc062723c751e8b465ee728b)  -> (artifact id: '24c49b5c90515c5c832ed9f5304d5cf2') in 0.129626 seconds 
========================================================================
Received Import Request.
  Time since last request: 33.743429 seconds.
  path: Assets/Effects/Fire.vfx
  artifactKey: Guid(9fb095f58f3bae345a1455faf1e6e7e5) Importer(815301076,1909f56bfc062723c751e8b465ee728b)
Start importing Assets/Effects/Fire.vfx using Guid(9fb095f58f3bae345a1455faf1e6e7e5) Importer(815301076,1909f56bfc062723c751e8b465ee728b)  -> (artifact id: 'f54dd79fe33f6c2c4b0804463cb5727d') in 0.239519 seconds 
========================================================================
Received Import Request.
  Time since last request: 27.706284 seconds.
  path: Assets/Effects/Fire.vfx
  artifactKey: Guid(9fb095f58f3bae345a1455faf1e6e7e5) Importer(815301076,1909f56bfc062723c751e8b465ee728b)
Start importing Assets/Effects/Fire.vfx using Guid(9fb095f58f3bae345a1455faf1e6e7e5) Importer(815301076,1909f56bfc062723c751e8b465ee728b)  -> (artifact id: '3106081c35ffc305b51457e56b0267fe') in 0.262629 seconds 
========================================================================
Received Import Request.
  Time since last request: 163.716753 seconds.
  path: Assets/Effects/Fire.vfx
  artifactKey: Guid(9fb095f58f3bae345a1455faf1e6e7e5) Importer(815301076,1909f56bfc062723c751e8b465ee728b)
Start importing Assets/Effects/Fire.vfx using Guid(9fb095f58f3bae345a1455faf1e6e7e5) Importer(815301076,1909f56bfc062723c751e8b465ee728b)  -> (artifact id: 'cbdd7d98431726455a3f84f921e434fb') in 0.268269 seconds 
========================================================================
Received Import Request.
  Time since last request: 92.276083 seconds.
  path: Assets/Effects/Fire.vfx
  artifactKey: Guid(9fb095f58f3bae345a1455faf1e6e7e5) Importer(815301076,1909f56bfc062723c751e8b465ee728b)
Start importing Assets/Effects/Fire.vfx using Guid(9fb095f58f3bae345a1455faf1e6e7e5) Importer(815301076,1909f56bfc062723c751e8b465ee728b)  -> (artifact id: 'b6299e071151f43ab66b2b1663b94841') in 0.274052 seconds 
========================================================================
Received Import Request.
  Time since last request: 38.065874 seconds.
  path: Assets/Effects/Fire.vfx
  artifactKey: Guid(9fb095f58f3bae345a1455faf1e6e7e5) Importer(815301076,1909f56bfc062723c751e8b465ee728b)
Start importing Assets/Effects/Fire.vfx using Guid(9fb095f58f3bae345a1455faf1e6e7e5) Importer(815301076,1909f56bfc062723c751e8b465ee728b)  -> (artifact id: 'f94c50519d49ac08da264b322c68cc6e') in 0.264559 seconds 
========================================================================
Received Import Request.
  Time since last request: 6.155849 seconds.
  path: Assets/Effects/Fire.vfx
  artifactKey: Guid(9fb095f58f3bae345a1455faf1e6e7e5) Importer(815301076,1909f56bfc062723c751e8b465ee728b)
Start importing Assets/Effects/Fire.vfx using Guid(9fb095f58f3bae345a1455faf1e6e7e5) Importer(815301076,1909f56bfc062723c751e8b465ee728b)  -> (artifact id: '41542f69862839e50c807874ca873fc9') in 0.270952 seconds 
========================================================================
Received Import Request.
  Time since last request: 123.771701 seconds.
  path: Assets/Effects/Fire.vfx
  artifactKey: Guid(9fb095f58f3bae345a1455faf1e6e7e5) Importer(815301076,1909f56bfc062723c751e8b465ee728b)
Start importing Assets/Effects/Fire.vfx using Guid(9fb095f58f3bae345a1455faf1e6e7e5) Importer(815301076,1909f56bfc062723c751e8b465ee728b)  -> (artifact id: 'c901e5d8feb6c38456289f5335e7e27b') in 0.190031 seconds 
========================================================================
Received Import Request.
  Time since last request: 20.375504 seconds.
  path: Assets/Effects/Fire.vfx
  artifactKey: Guid(9fb095f58f3bae345a1455faf1e6e7e5) Importer(815301076,1909f56bfc062723c751e8b465ee728b)
Start importing Assets/Effects/Fire.vfx using Guid(9fb095f58f3bae345a1455faf1e6e7e5) Importer(815301076,1909f56bfc062723c751e8b465ee728b)  -> (artifact id: 'dcb12920225d3bd5069c6adb4b24135d') in 0.139156 seconds 
========================================================================
Received Import Request.
  Time since last request: 110.202210 seconds.
  path: Assets/Effects/Fire.vfx
  artifactKey: Guid(9fb095f58f3bae345a1455faf1e6e7e5) Importer(815301076,1909f56bfc062723c751e8b465ee728b)
Start importing Assets/Effects/Fire.vfx using Guid(9fb095f58f3bae345a1455faf1e6e7e5) Importer(815301076,1909f56bfc062723c751e8b465ee728b)  -> (artifact id: '4603331f314e67c7cf97cef76a1a084b') in 0.153443 seconds 
========================================================================
Received Import Request.
  Time since last request: 22.983948 seconds.
  path: Assets/Effects/Fire.vfx
  artifactKey: Guid(9fb095f58f3bae345a1455faf1e6e7e5) Importer(815301076,1909f56bfc062723c751e8b465ee728b)
Start importing Assets/Effects/Fire.vfx using Guid(9fb095f58f3bae345a1455faf1e6e7e5) Importer(815301076,1909f56bfc062723c751e8b465ee728b)  -> (artifact id: '83e5fbb7ee72b0187856d49d15d1ea41') in 0.118491 seconds 
========================================================================
Received Import Request.
  Time since last request: 6.805585 seconds.
  path: Assets/Effects/Fire.vfx
  artifactKey: Guid(9fb095f58f3bae345a1455faf1e6e7e5) Importer(815301076,1909f56bfc062723c751e8b465ee728b)
Start importing Assets/Effects/Fire.vfx using Guid(9fb095f58f3bae345a1455faf1e6e7e5) Importer(815301076,1909f56bfc062723c751e8b465ee728b)  -> (artifact id: '6a310b8f5c583d34dc217aa5647e903f') in 0.324747 seconds 
========================================================================
Received Import Request.
  Time since last request: 19.969417 seconds.
  path: Assets/SUPER Character Controller/Demo Assets/Textures/Wood Flooring/Wood_Smoothness.png
  artifactKey: Guid(4a1a0e769a74779438757366530159d6) Importer(815301076,1909f56bfc062723c751e8b465ee728b)
Start importing Assets/SUPER Character Controller/Demo Assets/Textures/Wood Flooring/Wood_Smoothness.png using Guid(4a1a0e769a74779438757366530159d6) Importer(815301076,1909f56bfc062723c751e8b465ee728b)  -> (artifact id: 'ed592b7aef0f73505da1e0a887541800') in 0.010266 seconds 
========================================================================
Received Import Request.
  Time since last request: 22.266267 seconds.
  path: Assets/SUPER Character Controller/Demo Assets/Textures/Props/Universals/Universal_Emission.png
  artifactKey: Guid(70ff17655b8c53b4b81c979b919e9868) Importer(815301076,1909f56bfc062723c751e8b465ee728b)
Start importing Assets/SUPER Character Controller/Demo Assets/Textures/Props/Universals/Universal_Emission.png using Guid(70ff17655b8c53b4b81c979b919e9868) Importer(815301076,1909f56bfc062723c751e8b465ee728b)  -> (artifact id: 'ed472ef6bae96b8764578fcd9f72a0ac') in 0.011253 seconds 
========================================================================
Received Import Request.
  Time since last request: 0.000038 seconds.
  path: Assets/SUPER Character Controller/Demo Assets/Textures/Props/Universals/Universal_Roughness.png
  artifactKey: Guid(7a1af957b924fcb418a347446de0b761) Importer(815301076,1909f56bfc062723c751e8b465ee728b)
Start importing Assets/SUPER Character Controller/Demo Assets/Textures/Props/Universals/Universal_Roughness.png using Guid(7a1af957b924fcb418a347446de0b761) Importer(815301076,1909f56bfc062723c751e8b465ee728b)  -> (artifact id: 'dc8059440c5a2ee4990d4201b5409c07') in 0.009542 seconds 
========================================================================
Received Import Request.
  Time since last request: 0.000044 seconds.
  path: Assets/SUPER Character Controller/Demo Assets/Textures/Bark/Wood_Cut.png
  artifactKey: Guid(675a36e5827d64c46916183389b3360e) Importer(815301076,1909f56bfc062723c751e8b465ee728b)
Start importing Assets/SUPER Character Controller/Demo Assets/Textures/Bark/Wood_Cut.png using Guid(675a36e5827d64c46916183389b3360e) Importer(815301076,1909f56bfc062723c751e8b465ee728b)  -> (artifact id: '8494b6b23da0a6a30c1cf53c3180af81') in 0.010771 seconds 
========================================================================
Received Import Request.
  Time since last request: 0.000050 seconds.
  path: Assets/SUPER Character Controller/Demo Assets/Textures/Bark/Wood_Bark.png
  artifactKey: Guid(f878973159d079b42b987a0a7154e74e) Importer(815301076,1909f56bfc062723c751e8b465ee728b)
Start importing Assets/SUPER Character Controller/Demo Assets/Textures/Bark/Wood_Bark.png using Guid(f878973159d079b42b987a0a7154e74e) Importer(815301076,1909f56bfc062723c751e8b465ee728b)  -> (artifact id: '7bcb57cf57548612ca393165a1a5025d') in 0.016293 seconds 
========================================================================
Received Import Request.
  Time since last request: 0.000045 seconds.
  path: Assets/Starfield Skybox/Demo/Textures/Up_Tex.png
  artifactKey: Guid(8313f24c5bda59240aabef5e6c46f9a5) Importer(815301076,1909f56bfc062723c751e8b465ee728b)
Start importing Assets/Starfield Skybox/Demo/Textures/Up_Tex.png using Guid(8313f24c5bda59240aabef5e6c46f9a5) Importer(815301076,1909f56bfc062723c751e8b465ee728b)  -> (artifact id: '0ff3c9339febb4efb47f076fb9b33eca') in 0.042082 seconds 
========================================================================
Received Import Request.
  Time since last request: 13.175746 seconds.
  path: Assets/Effects/Fire.vfx
  artifactKey: Guid(9fb095f58f3bae345a1455faf1e6e7e5) Importer(815301076,1909f56bfc062723c751e8b465ee728b)
Start importing Assets/Effects/Fire.vfx using Guid(9fb095f58f3bae345a1455faf1e6e7e5) Importer(815301076,1909f56bfc062723c751e8b465ee728b)  -> (artifact id: 'f06145b26785c49761d29d45bdeafb77') in 0.028039 seconds 
========================================================================
Received Import Request.
  Time since last request: 16.080908 seconds.
  path: Packages/com.unity.probuilder/Content/Icons/Toolbar/ShowNextPage_Down.png
  artifactKey: Guid(79459c0d618c144a894f23f3264a460f) Importer(815301076,1909f56bfc062723c751e8b465ee728b)
Start importing Packages/com.unity.probuilder/Content/Icons/Toolbar/ShowNextPage_Down.png using Guid(79459c0d618c144a894f23f3264a460f) Importer(815301076,1909f56bfc062723c751e8b465ee728b)  -> (artifact id: 'aa573158be6834625f6bc4b8f7eb5d74') in 0.011379 seconds 
========================================================================
Received Import Request.
  Time since last request: 0.000035 seconds.
  path: Packages/com.unity.visualeffectgraph/Textures/SignedDistanceField.asset
  artifactKey: Guid(5c2949c31aafddd4e8011ffdebb8fdf7) Importer(815301076,1909f56bfc062723c751e8b465ee728b)
Start importing Packages/com.unity.visualeffectgraph/Textures/SignedDistanceField.asset using Guid(5c2949c31aafddd4e8011ffdebb8fdf7) Importer(815301076,1909f56bfc062723c751e8b465ee728b)  -> (artifact id: '623c2321d65c624705bcea35235e9b9e') in 0.048574 seconds 
========================================================================
Received Import Request.
  Time since last request: 0.000035 seconds.
  path: Assets/SUPER Character Controller/Demo Assets/Textures/Siding/Siding.png
  artifactKey: Guid(5d7a503cccb40524d96df2321e9847c9) Importer(815301076,1909f56bfc062723c751e8b465ee728b)
Start importing Assets/SUPER Character Controller/Demo Assets/Textures/Siding/Siding.png using Guid(5d7a503cccb40524d96df2321e9847c9) Importer(815301076,1909f56bfc062723c751e8b465ee728b)  -> (artifact id: 'f2c8dfb1e6c8d67211b3a068b6dc462b') in 0.012990 seconds 
========================================================================
Received Import Request.
  Time since last request: 0.000033 seconds.
  path: Packages/com.unity.visualeffectgraph/Editor/UIResources/VFX/spaceworld.png
  artifactKey: Guid(4a4e1ef9bae46664e9d4ceddf657236f) Importer(815301076,1909f56bfc062723c751e8b465ee728b)
Start importing Packages/com.unity.visualeffectgraph/Editor/UIResources/VFX/spaceworld.png using Guid(4a4e1ef9bae46664e9d4ceddf657236f) Importer(815301076,1909f56bfc062723c751e8b465ee728b)  -> (artifact id: 'f95c72e9b62a44ac99879794bf015504') in 0.010726 seconds 
========================================================================
Received Import Request.
  Time since last request: 0.000036 seconds.
  path: Packages/com.unity.visualeffectgraph/Textures/Sparkle.tga
  artifactKey: Guid(49cb5aa34272b034d8b754c65d9cdbfa) Importer(815301076,1909f56bfc062723c751e8b465ee728b)
Start importing Packages/com.unity.visualeffectgraph/Textures/Sparkle.tga using Guid(49cb5aa34272b034d8b754c65d9cdbfa) Importer(815301076,1909f56bfc062723c751e8b465ee728b)  -> (artifact id: 'e02ffa26f59d68b5d22d88c19e07f930') in 0.018744 seconds 
========================================================================
Received Import Request.
  Time since last request: 0.000044 seconds.
  path: Packages/com.unity.visualeffectgraph/Editor/UIResources/VFX/spacelocal.png
  artifactKey: Guid(1acd6ca26a40f3e49885afad7549c9db) Importer(815301076,1909f56bfc062723c751e8b465ee728b)
Start importing Packages/com.unity.visualeffectgraph/Editor/UIResources/VFX/spacelocal.png using Guid(1acd6ca26a40f3e49885afad7549c9db) Importer(815301076,1909f56bfc062723c751e8b465ee728b)  -> (artifact id: '471738acad2fc1c0beb00d51b35d77d6') in 0.012449 seconds 
========================================================================
Received Import Request.
  Time since last request: 0.000035 seconds.
  path: Packages/com.unity.probuilder/Content/Icons/Toolbar/ShowNextPage_Up.png
  artifactKey: Guid(9dd7b11c855634f44b23af830c6bbab1) Importer(815301076,1909f56bfc062723c751e8b465ee728b)
Start importing Packages/com.unity.probuilder/Content/Icons/Toolbar/ShowNextPage_Up.png using Guid(9dd7b11c855634f44b23af830c6bbab1) Importer(815301076,1909f56bfc062723c751e8b465ee728b)  -> (artifact id: 'a8def128a0bebb759335c0667f55af4f') in 0.009789 seconds 
========================================================================
Received Import Request.
  Time since last request: 0.000040 seconds.
  path: Packages/com.unity.probuilder/Content/Icons/Tools/ShapeTool/Stairs_Light.png
  artifactKey: Guid(e4b05266707f99b40a50fd3e83973928) Importer(815301076,1909f56bfc062723c751e8b465ee728b)
Start importing Packages/com.unity.probuilder/Content/Icons/Tools/ShapeTool/Stairs_Light.png using Guid(e4b05266707f99b40a50fd3e83973928) Importer(815301076,1909f56bfc062723c751e8b465ee728b)  -> (artifact id: '007e0cd416c5e8bd9906c677c7e25d0b') in 0.009869 seconds 
========================================================================
Received Import Request.
  Time since last request: 0.000041 seconds.
  path: Packages/com.unity.render-pipelines.core/Editor/Lighting/Icons/LightUnitIcons/SoftAreaLight@2x.png
  artifactKey: Guid(b14c34aa843e4a14e957505ae407e8c3) Importer(815301076,1909f56bfc062723c751e8b465ee728b)
Start importing Packages/com.unity.render-pipelines.core/Editor/Lighting/Icons/LightUnitIcons/SoftAreaLight@2x.png using Guid(b14c34aa843e4a14e957505ae407e8c3) Importer(815301076,1909f56bfc062723c751e8b465ee728b)  -> (artifact id: '0d3d47c46e6c6b05d2b1910bf80a073c') in 0.010332 seconds 
========================================================================
Received Import Request.
  Time since last request: 0.000039 seconds.
  path: Packages/com.unity.probuilder/Content/Icons/Tools/ShapeTool/Sphere_Light.png
  artifactKey: Guid(6fee26175b0206b41aec451c63d48989) Importer(815301076,1909f56bfc062723c751e8b465ee728b)
Start importing Packages/com.unity.probuilder/Content/Icons/Tools/ShapeTool/Sphere_Light.png using Guid(6fee26175b0206b41aec451c63d48989) Importer(815301076,1909f56bfc062723c751e8b465ee728b)  -> (artifact id: 'dcb3beb16e8fd1a1a89e76bbadc003c0') in 0.011445 seconds 
========================================================================
Received Import Request.
  Time since last request: 0.000035 seconds.
  path: Packages/com.unity.visualscripting/Editor/VisualScripting.Shared/EditorAssetResources/SplitButtonArrow.png
  artifactKey: Guid(52236e1d9300f4f718999db6c872a5d8) Importer(815301076,1909f56bfc062723c751e8b465ee728b)
Start importing Packages/com.unity.visualscripting/Editor/VisualScripting.Shared/EditorAssetResources/SplitButtonArrow.png using Guid(52236e1d9300f4f718999db6c872a5d8) Importer(815301076,1909f56bfc062723c751e8b465ee728b)  -> (artifact id: '0781e76a694d464fd91376270141bcf7') in 0.011994 seconds 
========================================================================
Received Import Request.
  Time since last request: 0.000035 seconds.
  path: Packages/com.unity.probuilder/Content/Icons/Tools/ShapeTool/Sprite.png
  artifactKey: Guid(9d971e1338f705046a6f346777dbf801) Importer(815301076,1909f56bfc062723c751e8b465ee728b)
Start importing Packages/com.unity.probuilder/Content/Icons/Tools/ShapeTool/Sprite.png using Guid(9d971e1338f705046a6f346777dbf801) Importer(815301076,1909f56bfc062723c751e8b465ee728b)  -> (artifact id: 'a9de9fc375b771bbed5d83d044042a8b') in 0.011074 seconds 
========================================================================
Received Import Request.
  Time since last request: 2.057724 seconds.
  path: Packages/com.unity.render-pipelines.core/Runtime/Debugging/Prefabs/Textures/UIFoldoutClosed.png
  artifactKey: Guid(7a0568d5e3330b84687e307992be3030) Importer(815301076,1909f56bfc062723c751e8b465ee728b)
Start importing Packages/com.unity.render-pipelines.core/Runtime/Debugging/Prefabs/Textures/UIFoldoutClosed.png using Guid(7a0568d5e3330b84687e307992be3030) Importer(815301076,1909f56bfc062723c751e8b465ee728b)  -> (artifact id: '8c31d6f4c62c0e052d25d5c93e915d50') in 0.027171 seconds 
========================================================================
Received Import Request.
  Time since last request: 0.000044 seconds.
  path: Packages/com.unity.visualscripting/Editor/VisualScripting.Core/IconMap/VariablesAsset@32.png
  artifactKey: Guid(562f2dd7647d95e499d958215476bbde) Importer(815301076,1909f56bfc062723c751e8b465ee728b)
Start importing Packages/com.unity.visualscripting/Editor/VisualScripting.Core/IconMap/VariablesAsset@32.png using Guid(562f2dd7647d95e499d958215476bbde) Importer(815301076,1909f56bfc062723c751e8b465ee728b)  -> (artifact id: '5a53ac606635e2a09742ff9a7d67bf74') in 0.009954 seconds 
========================================================================
Received Import Request.
  Time since last request: 0.000033 seconds.
  path: Packages/com.unity.visualscripting/Editor/VisualScripting.Core/IconMap/VariablesSaver@32x.png
  artifactKey: Guid(8ef7c0fbb1fbcd64e954e5eafe1652ad) Importer(815301076,1909f56bfc062723c751e8b465ee728b)
Start importing Packages/com.unity.visualscripting/Editor/VisualScripting.Core/IconMap/VariablesSaver@32x.png using Guid(8ef7c0fbb1fbcd64e954e5eafe1652ad) Importer(815301076,1909f56bfc062723c751e8b465ee728b)  -> (artifact id: '6d56134e3d9cd4d672ec4b6b1d351db3') in 0.010126 seconds 
========================================================================
Received Import Request.
  Time since last request: 0.000031 seconds.
  path: Packages/com.unity.probuilder/Content/Icons/Toolbar/Vert_Collapse_disabled.png
  artifactKey: Guid(caffb61cabfd24d8a9f552826409dd9c) Importer(815301076,1909f56bfc062723c751e8b465ee728b)
Start importing Packages/com.unity.probuilder/Content/Icons/Toolbar/Vert_Collapse_disabled.png using Guid(caffb61cabfd24d8a9f552826409dd9c) Importer(815301076,1909f56bfc062723c751e8b465ee728b)  -> (artifact id: 'fd5a8c8a4d9dd5a5a0ba2a8351dedd8a') in 0.010753 seconds 
========================================================================
Received Import Request.
  Time since last request: 0.000047 seconds.
  path: Packages/com.unity.probuilder/Content/Icons/Toolbar/Vert_Weld_disabled.png
  artifactKey: Guid(e80a17b3ac06e4a09b213b658fb3a2da) Importer(815301076,1909f56bfc062723c751e8b465ee728b)
Start importing Packages/com.unity.probuilder/Content/Icons/Toolbar/Vert_Weld_disabled.png using Guid(e80a17b3ac06e4a09b213b658fb3a2da) Importer(815301076,1909f56bfc062723c751e8b465ee728b)  -> (artifact id: 'ec0ee197096f78d638379ced1c9da766') in 0.013174 seconds 
========================================================================
Received Import Request.
  Time since last request: 0.941890 seconds.
  path: Packages/com.unity.timeline/Editor/StyleSheets/Images/Shared/TimelineDisplay.png
  artifactKey: Guid(03ae22b9de3989144a9bebf8972b4fad) Importer(815301076,1909f56bfc062723c751e8b465ee728b)
Start importing Packages/com.unity.timeline/Editor/StyleSheets/Images/Shared/TimelineDisplay.png using Guid(03ae22b9de3989144a9bebf8972b4fad) Importer(815301076,1909f56bfc062723c751e8b465ee728b)  -> (artifact id: '70824cbcdbc703addd382b5117fd221c') in 0.010767 seconds 
========================================================================
Received Import Request.
  Time since last request: 2.884260 seconds.
  path: Packages/com.unity.probuilder/Content/Icons/Toolbar/Background/AccentBar_Bottom.png
  artifactKey: Guid(19fabf6370255433fa736008910e1bf2) Importer(815301076,1909f56bfc062723c751e8b465ee728b)
Start importing Packages/com.unity.probuilder/Content/Icons/Toolbar/Background/AccentBar_Bottom.png using Guid(19fabf6370255433fa736008910e1bf2) Importer(815301076,1909f56bfc062723c751e8b465ee728b)  -> (artifact id: '85928d53f74219796795e42b4fe8e9fb') in 0.012373 seconds 
========================================================================
Received Import Request.
  Time since last request: 0.000041 seconds.
  path: Packages/com.unity.render-pipelines.core/Editor/Lighting/Icons/LightUnitIcons/BlueSky.png
  artifactKey: Guid(60d4d0573fefbf24198d33863004e7f9) Importer(815301076,1909f56bfc062723c751e8b465ee728b)
Start importing Packages/com.unity.render-pipelines.core/Editor/Lighting/Icons/LightUnitIcons/BlueSky.png using Guid(60d4d0573fefbf24198d33863004e7f9) Importer(815301076,1909f56bfc062723c751e8b465ee728b)  -> (artifact id: '95962deb0c8201ace283c3de73b3788b') in 0.010382 seconds 
========================================================================
Received Import Request.
  Time since last request: 0.000045 seconds.
  path: Packages/com.unity.shadergraph/Editor/Resources/GraphView/Nodes/BlackboardFieldPillBackground.png
  artifactKey: Guid(56603bbe7a2b54640bbd90104bea4981) Importer(815301076,1909f56bfc062723c751e8b465ee728b)
Start importing Packages/com.unity.shadergraph/Editor/Resources/GraphView/Nodes/BlackboardFieldPillBackground.png using Guid(56603bbe7a2b54640bbd90104bea4981) Importer(815301076,1909f56bfc062723c751e8b465ee728b)  -> (artifact id: 'addbfe8b3de0a47dee6026539cea102f') in 0.011407 seconds 
========================================================================
Received Import Request.
  Time since last request: 0.000051 seconds.
  path: Packages/com.unity.visualscripting/Editor/VisualScripting.Core/IconMap/AnimatorMessageListener@32x.png
  artifactKey: Guid(9059e055aa673b3469a5c2896c0b8fb5) Importer(815301076,1909f56bfc062723c751e8b465ee728b)
Start importing Packages/com.unity.visualscripting/Editor/VisualScripting.Core/IconMap/AnimatorMessageListener@32x.png using Guid(9059e055aa673b3469a5c2896c0b8fb5) Importer(815301076,1909f56bfc062723c751e8b465ee728b)  -> (artifact id: '41236f0d0506ac49f8184e522cb84cf2') in 0.009848 seconds 
========================================================================
Received Import Request.
  Time since last request: 0.000039 seconds.
  path: Packages/com.unity.render-pipelines.core/Editor/Lighting/Icons/LightUnitIcons/BlueSky@2x.png
  artifactKey: Guid(42382485181c7b4429560828f54a2bae) Importer(815301076,1909f56bfc062723c751e8b465ee728b)
Start importing Packages/com.unity.render-pipelines.core/Editor/Lighting/Icons/LightUnitIcons/BlueSky@2x.png using Guid(42382485181c7b4429560828f54a2bae) Importer(815301076,1909f56bfc062723c751e8b465ee728b)  -> (artifact id: 'bb1e05160967a781f7d0c2f76df2d9d9') in 0.011960 seconds 
========================================================================
Received Import Request.
  Time since last request: 0.000041 seconds.
  path: Packages/com.unity.probuilder/Content/Icons/Toolbar/AltButton_Normal.png
  artifactKey: Guid(c175d9b0ccfa2428ea936c9c6b654bd1) Importer(815301076,1909f56bfc062723c751e8b465ee728b)
Start importing Packages/com.unity.probuilder/Content/Icons/Toolbar/AltButton_Normal.png using Guid(c175d9b0ccfa2428ea936c9c6b654bd1) Importer(815301076,1909f56bfc062723c751e8b465ee728b)  -> (artifact id: 'b4ac2f9b88ea509facc65a221b936509') in 0.011589 seconds 
========================================================================
Received Import Request.
  Time since last request: 0.000032 seconds.
  path: Packages/com.unity.probuilder/Content/Icons/Tools/ShapeTool/Arch.png
  artifactKey: Guid(daaddaa51d20cb14a971727d2576c391) Importer(815301076,1909f56bfc062723c751e8b465ee728b)
Start importing Packages/com.unity.probuilder/Content/Icons/Tools/ShapeTool/Arch.png using Guid(daaddaa51d20cb14a971727d2576c391) Importer(815301076,1909f56bfc062723c751e8b465ee728b)  -> (artifact id: '0b94bec217241c2d0ea1134602fab127') in 0.011156 seconds 
========================================================================
Received Import Request.
  Time since last request: 0.000041 seconds.
  path: Packages/com.unity.visualeffectgraph/Editor/UIResources/VFX/bitfield-bit.png
  artifactKey: Guid(dba25e3261c16e34b848637315b82d6d) Importer(815301076,1909f56bfc062723c751e8b465ee728b)
Start importing Packages/com.unity.visualeffectgraph/Editor/UIResources/VFX/bitfield-bit.png using Guid(dba25e3261c16e34b848637315b82d6d) Importer(815301076,1909f56bfc062723c751e8b465ee728b)  -> (artifact id: '94e6d08238d40091a3feedd9e056b568') in 0.010730 seconds 
========================================================================
Received Import Request.
  Time since last request: 1.091635 seconds.
  path: Packages/com.unity.textmeshpro/Editor Resources/Textures/btn_AlignBottom.psd
  artifactKey: Guid(ca51b19024094d1b87f3e07edb0a75fb) Importer(815301076,1909f56bfc062723c751e8b465ee728b)
Start importing Packages/com.unity.textmeshpro/Editor Resources/Textures/btn_AlignBottom.psd using Guid(ca51b19024094d1b87f3e07edb0a75fb) Importer(815301076,1909f56bfc062723c751e8b465ee728b)  -> (artifact id: '9f02208dd59a95c32195207c54941dab') in 0.019222 seconds 
========================================================================
Received Import Request.
  Time since last request: 0.000034 seconds.
  path: Packages/com.unity.textmeshpro/Editor Resources/Textures/btn_AlignFlush.psd
  artifactKey: Guid(691475c57a824010be0c6f474caeb7e1) Importer(815301076,1909f56bfc062723c751e8b465ee728b)
Start importing Packages/com.unity.textmeshpro/Editor Resources/Textures/btn_AlignFlush.psd using Guid(691475c57a824010be0c6f474caeb7e1) Importer(815301076,1909f56bfc062723c751e8b465ee728b)  -> (artifact id: 'b86ee40a66cd1a2aafe7b7bb9ef8ec28') in 0.010174 seconds 
========================================================================
Received Import Request.
  Time since last request: 0.100148 seconds.
  path: Packages/com.unity.textmeshpro/Editor Resources/Textures/btn_AlignJustified.psd
  artifactKey: Guid(92027f7f8cfc4feaa477da0dc38d3d46) Importer(815301076,1909f56bfc062723c751e8b465ee728b)
Start importing Packages/com.unity.textmeshpro/Editor Resources/Textures/btn_AlignJustified.psd using Guid(92027f7f8cfc4feaa477da0dc38d3d46) Importer(815301076,1909f56bfc062723c751e8b465ee728b)  -> (artifact id: '97773431c1fbee84c2d51222b42a6eed') in 0.011953 seconds 
========================================================================
Received Import Request.
  Time since last request: 0.000048 seconds.
  path: Packages/com.unity.textmeshpro/Editor Resources/Textures/btn_AlignMidLine.psd
  artifactKey: Guid(c2f7f6a88b4c4f20a53deb72f3d9144c) Importer(815301076,1909f56bfc062723c751e8b465ee728b)
Start importing Packages/com.unity.textmeshpro/Editor Resources/Textures/btn_AlignMidLine.psd using Guid(c2f7f6a88b4c4f20a53deb72f3d9144c) Importer(815301076,1909f56bfc062723c751e8b465ee728b)  -> (artifact id: 'a51effb5defb980e4658fd82a39c3b6e') in 0.010023 seconds 
========================================================================
Received Import Request.
  Time since last request: 0.000045 seconds.
  path: Packages/com.unity.textmeshpro/Editor Resources/Textures/btn_AlignMiddle_Light.psd
  artifactKey: Guid(066619c9c9c84f89acb1b48c11a7efe2) Importer(815301076,1909f56bfc062723c751e8b465ee728b)
Start importing Packages/com.unity.textmeshpro/Editor Resources/Textures/btn_AlignMiddle_Light.psd using Guid(066619c9c9c84f89acb1b48c11a7efe2) Importer(815301076,1909f56bfc062723c751e8b465ee728b)  -> (artifact id: 'b1744a1f0d080150940e55f9f87798f6') in 0.011375 seconds 
========================================================================
Received Import Request.
  Time since last request: 11.715223 seconds.
  path: Assets/SUPER Character Controller/Demo Assets/Textures/Characters/Character_1/Character_1_Albedo.png
  artifactKey: Guid(bac397e31bd900b46b641d5ca6e1916b) Importer(815301076,1909f56bfc062723c751e8b465ee728b)
Start importing Assets/SUPER Character Controller/Demo Assets/Textures/Characters/Character_1/Character_1_Albedo.png using Guid(bac397e31bd900b46b641d5ca6e1916b) Importer(815301076,1909f56bfc062723c751e8b465ee728b)  -> (artifact id: 'c229367ebd2908d84bea01ee646da27c') in 0.025929 seconds 
========================================================================
Received Import Request.
  Time since last request: 0.000048 seconds.
  path: Assets/SUPER Character Controller/SUPER Character Controller/Crosshairs/Crosshair.002.png
  artifactKey: Guid(18150e58101fc4b45afa20a23e1dda70) Importer(815301076,1909f56bfc062723c751e8b465ee728b)
Start importing Assets/SUPER Character Controller/SUPER Character Controller/Crosshairs/Crosshair.002.png using Guid(18150e58101fc4b45afa20a23e1dda70) Importer(815301076,1909f56bfc062723c751e8b465ee728b)  -> (artifact id: '3a1ecbc76aa26e42d5e6efef86f2a65f') in 0.019283 seconds 
========================================================================
Received Import Request.
  Time since last request: 0.000045 seconds.
  path: Assets/SUPER Character Controller/SUPER Character Controller/Crosshairs/Crosshair.001.png
  artifactKey: Guid(1cd876775e6966c4da5af74d9b53390d) Importer(815301076,1909f56bfc062723c751e8b465ee728b)
Start importing Assets/SUPER Character Controller/SUPER Character Controller/Crosshairs/Crosshair.001.png using Guid(1cd876775e6966c4da5af74d9b53390d) Importer(815301076,1909f56bfc062723c751e8b465ee728b)  -> (artifact id: '3d5bd3d6466c77d22e405528e3fa7844') in 0.018876 seconds 
========================================================================
Received Import Request.
  Time since last request: 0.000061 seconds.
  path: Assets/SUPER Character Controller/Demo Assets/Materials/Structural/Constuction Props_MaskMap.png
  artifactKey: Guid(844b2ebc067289648940a5c7db3a3112) Importer(815301076,1909f56bfc062723c751e8b465ee728b)
Start importing Assets/SUPER Character Controller/Demo Assets/Materials/Structural/Constuction Props_MaskMap.png using Guid(844b2ebc067289648940a5c7db3a3112) Importer(815301076,1909f56bfc062723c751e8b465ee728b)  -> (artifact id: 'e898a479c4efdb592d709239e4119f4a') in 0.010826 seconds 
========================================================================
Received Import Request.
  Time since last request: 25.345771 seconds.
  path: Assets/Effects/Fire.vfx
  artifactKey: Guid(9fb095f58f3bae345a1455faf1e6e7e5) Importer(815301076,1909f56bfc062723c751e8b465ee728b)
Start importing Assets/Effects/Fire.vfx using Guid(9fb095f58f3bae345a1455faf1e6e7e5) Importer(815301076,1909f56bfc062723c751e8b465ee728b)  -> (artifact id: 'e1df815e032284f57fe3fbd88ae527fd') in 0.031866 seconds 
========================================================================
Received Import Request.
  Time since last request: 68.858770 seconds.
  path: Assets/Effects/Fire.vfx
  artifactKey: Guid(9fb095f58f3bae345a1455faf1e6e7e5) Importer(815301076,1909f56bfc062723c751e8b465ee728b)
Start importing Assets/Effects/Fire.vfx using Guid(9fb095f58f3bae345a1455faf1e6e7e5) Importer(815301076,1909f56bfc062723c751e8b465ee728b)  -> (artifact id: '43c29ac79a92cc54def988eb1689881d') in 0.296051 seconds 
========================================================================
Received Import Request.
  Time since last request: 5.427895 seconds.
  path: Assets/Effects/Fire.vfx
  artifactKey: Guid(9fb095f58f3bae345a1455faf1e6e7e5) Importer(815301076,1909f56bfc062723c751e8b465ee728b)
Start importing Assets/Effects/Fire.vfx using Guid(9fb095f58f3bae345a1455faf1e6e7e5) Importer(815301076,1909f56bfc062723c751e8b465ee728b)  -> (artifact id: '245d6d9506fdf19f812a3444042e8666') in 0.294857 seconds 
========================================================================
Received Import Request.
  Time since last request: 11.852360 seconds.
  path: Assets/Effects/Fire.vfx
  artifactKey: Guid(9fb095f58f3bae345a1455faf1e6e7e5) Importer(815301076,1909f56bfc062723c751e8b465ee728b)
Start importing Assets/Effects/Fire.vfx using Guid(9fb095f58f3bae345a1455faf1e6e7e5) Importer(815301076,1909f56bfc062723c751e8b465ee728b)  -> (artifact id: '11f7203ac31e5b12eaa01e20ecd93b5c') in 0.278921 seconds 
========================================================================
Received Import Request.
  Time since last request: 21.094967 seconds.
  path: Assets/Effects/Fire.vfx
  artifactKey: Guid(9fb095f58f3bae345a1455faf1e6e7e5) Importer(815301076,1909f56bfc062723c751e8b465ee728b)
Start importing Assets/Effects/Fire.vfx using Guid(9fb095f58f3bae345a1455faf1e6e7e5) Importer(815301076,1909f56bfc062723c751e8b465ee728b)  -> (artifact id: 'bde1bc5a5487c6af771f67c6fe143ac0') in 0.164307 seconds 
========================================================================
Received Import Request.
  Time since last request: 10.663522 seconds.
  path: Assets/Effects/Fire.vfx
  artifactKey: Guid(9fb095f58f3bae345a1455faf1e6e7e5) Importer(815301076,1909f56bfc062723c751e8b465ee728b)
Start importing Assets/Effects/Fire.vfx using Guid(9fb095f58f3bae345a1455faf1e6e7e5) Importer(815301076,1909f56bfc062723c751e8b465ee728b)  -> (artifact id: '22fafd7ae14f52bdf9f88f0cc262ebf5') in 0.267424 seconds 
========================================================================
Received Import Request.
  Time since last request: 32.170638 seconds.
  path: Assets/Effects/Fire.vfx
  artifactKey: Guid(9fb095f58f3bae345a1455faf1e6e7e5) Importer(815301076,1909f56bfc062723c751e8b465ee728b)
Start importing Assets/Effects/Fire.vfx using Guid(9fb095f58f3bae345a1455faf1e6e7e5) Importer(815301076,1909f56bfc062723c751e8b465ee728b)  -> (artifact id: 'b936a09097c29a412b0dfa1d605255e7') in 0.156357 seconds 
========================================================================
Received Import Request.
  Time since last request: 8.532396 seconds.
  path: Assets/Effects/Fire.vfx
  artifactKey: Guid(9fb095f58f3bae345a1455faf1e6e7e5) Importer(815301076,1909f56bfc062723c751e8b465ee728b)
Start importing Assets/Effects/Fire.vfx using Guid(9fb095f58f3bae345a1455faf1e6e7e5) Importer(815301076,1909f56bfc062723c751e8b465ee728b)  -> (artifact id: 'd4fac40916e73e0dde325b520cd408af') in 0.282040 seconds 
========================================================================
Received Import Request.
  Time since last request: 23.730044 seconds.
  path: Assets/Effects/Fire.vfx
  artifactKey: Guid(9fb095f58f3bae345a1455faf1e6e7e5) Importer(815301076,1909f56bfc062723c751e8b465ee728b)
Start importing Assets/Effects/Fire.vfx using Guid(9fb095f58f3bae345a1455faf1e6e7e5) Importer(815301076,1909f56bfc062723c751e8b465ee728b)  -> (artifact id: '509e6898ffe086e3e52350c7349e176f') in 0.146686 seconds 
========================================================================
Received Import Request.
  Time since last request: 1.936847 seconds.
  path: Assets/Effects/Fire.vfx
  artifactKey: Guid(9fb095f58f3bae345a1455faf1e6e7e5) Importer(815301076,1909f56bfc062723c751e8b465ee728b)
Start importing Assets/Effects/Fire.vfx using Guid(9fb095f58f3bae345a1455faf1e6e7e5) Importer(815301076,1909f56bfc062723c751e8b465ee728b)  -> (artifact id: '2a4c510eb5ba5323bf35706021974723') in 0.146083 seconds 
========================================================================
Received Import Request.
  Time since last request: 93.482974 seconds.
  path: Assets/Effects/Fire.vfx
  artifactKey: Guid(9fb095f58f3bae345a1455faf1e6e7e5) Importer(815301076,1909f56bfc062723c751e8b465ee728b)
Start importing Assets/Effects/Fire.vfx using Guid(9fb095f58f3bae345a1455faf1e6e7e5) Importer(815301076,1909f56bfc062723c751e8b465ee728b)  -> (artifact id: '33f887d0eb2093c602990485cb199648') in 0.015487 seconds 
========================================================================
Received Import Request.
  Time since last request: 53.688042 seconds.
  path: Assets/Effects/Fire.vfx
  artifactKey: Guid(9fb095f58f3bae345a1455faf1e6e7e5) Importer(815301076,1909f56bfc062723c751e8b465ee728b)
Start importing Assets/Effects/Fire.vfx using Guid(9fb095f58f3bae345a1455faf1e6e7e5) Importer(815301076,1909f56bfc062723c751e8b465ee728b)  -> (artifact id: 'd41234be0aaa7a1e0bb2f842232cb0f2') in 0.316299 seconds 
========================================================================
Received Import Request.
  Time since last request: 18.799460 seconds.
  path: Assets/Effects/Fire.vfx
  artifactKey: Guid(9fb095f58f3bae345a1455faf1e6e7e5) Importer(815301076,1909f56bfc062723c751e8b465ee728b)
Start importing Assets/Effects/Fire.vfx using Guid(9fb095f58f3bae345a1455faf1e6e7e5) Importer(815301076,1909f56bfc062723c751e8b465ee728b)  -> (artifact id: '409847623ea2c9772e5a4924b5063c31') in 0.158568 seconds 
========================================================================
Received Import Request.
  Time since last request: 6.715336 seconds.
  path: Assets/Effects/Fire.vfx
  artifactKey: Guid(9fb095f58f3bae345a1455faf1e6e7e5) Importer(815301076,1909f56bfc062723c751e8b465ee728b)
Start importing Assets/Effects/Fire.vfx using Guid(9fb095f58f3bae345a1455faf1e6e7e5) Importer(815301076,1909f56bfc062723c751e8b465ee728b)  -> (artifact id: 'e1f3918fbce14f7502dc171ba151170c') in 0.149559 seconds 
========================================================================
Received Import Request.
  Time since last request: 68.230723 seconds.
  path: Assets/Effects/Fire.vfx
  artifactKey: Guid(9fb095f58f3bae345a1455faf1e6e7e5) Importer(815301076,1909f56bfc062723c751e8b465ee728b)
Start importing Assets/Effects/Fire.vfx using Guid(9fb095f58f3bae345a1455faf1e6e7e5) Importer(815301076,1909f56bfc062723c751e8b465ee728b)  -> (artifact id: '6d5bff6357a6d136fd2ee94d73d9b99a') in 0.152640 seconds 
========================================================================
Received Import Request.
  Time since last request: 8.267620 seconds.
  path: Assets/Effects/Fire.vfx
  artifactKey: Guid(9fb095f58f3bae345a1455faf1e6e7e5) Importer(815301076,1909f56bfc062723c751e8b465ee728b)
Start importing Assets/Effects/Fire.vfx using Guid(9fb095f58f3bae345a1455faf1e6e7e5) Importer(815301076,1909f56bfc062723c751e8b465ee728b)  -> (artifact id: '9e887de3180716e4da81fea86191988b') in 0.154129 seconds 
========================================================================
Received Import Request.
  Time since last request: 2.127830 seconds.
  path: Assets/Effects/Fire.vfx
  artifactKey: Guid(9fb095f58f3bae345a1455faf1e6e7e5) Importer(815301076,1909f56bfc062723c751e8b465ee728b)
Start importing Assets/Effects/Fire.vfx using Guid(9fb095f58f3bae345a1455faf1e6e7e5) Importer(815301076,1909f56bfc062723c751e8b465ee728b)  -> (artifact id: 'deb7b8067b38d77c808b17e3a7cfb3f1') in 0.152481 seconds 
========================================================================
Received Import Request.
  Time since last request: 18.532791 seconds.
  path: Assets/Effects/Fire.vfx
  artifactKey: Guid(9fb095f58f3bae345a1455faf1e6e7e5) Importer(815301076,1909f56bfc062723c751e8b465ee728b)
Start importing Assets/Effects/Fire.vfx using Guid(9fb095f58f3bae345a1455faf1e6e7e5) Importer(815301076,1909f56bfc062723c751e8b465ee728b)  -> (artifact id: 'ca682c9e9432752bf364c659d32c3927') in 0.186608 seconds 
========================================================================
Received Import Request.
  Time since last request: 25.283237 seconds.
  path: Packages/com.unity.visualeffectgraph/Editor/SceneWindow/Textures/Step.png
  artifactKey: Guid(591c9a98be9f00f418516de3d2ff09e6) Importer(815301076,1909f56bfc062723c751e8b465ee728b)
Start importing Packages/com.unity.visualeffectgraph/Editor/SceneWindow/Textures/Step.png using Guid(591c9a98be9f00f418516de3d2ff09e6) Importer(815301076,1909f56bfc062723c751e8b465ee728b)  -> (artifact id: 'e9a423ab453cb63dbf2229f6c3755058') in 0.010595 seconds 
========================================================================
Received Import Request.
  Time since last request: 0.000041 seconds.
  path: Packages/com.unity.collab-proxy/Editor/PlasticSCM/Assets/Images/step2.png
  artifactKey: Guid(cd0b17b71a5c498428ee91dee8a78a88) Importer(815301076,1909f56bfc062723c751e8b465ee728b)
Start importing Packages/com.unity.collab-proxy/Editor/PlasticSCM/Assets/Images/step2.png using Guid(cd0b17b71a5c498428ee91dee8a78a88) Importer(815301076,1909f56bfc062723c751e8b465ee728b)  -> (artifact id: '640333f92948d2cc7de660f61ef763a6') in 0.015689 seconds 
========================================================================
Received Import Request.
  Time since last request: 0.000029 seconds.
  path: Packages/com.unity.collab-proxy/Editor/PlasticSCM/Assets/Images/step3.png
  artifactKey: Guid(69899ed144c8eea4baea48b858b37746) Importer(815301076,1909f56bfc062723c751e8b465ee728b)
Start importing Packages/com.unity.collab-proxy/Editor/PlasticSCM/Assets/Images/step3.png using Guid(69899ed144c8eea4baea48b858b37746) Importer(815301076,1909f56bfc062723c751e8b465ee728b)  -> (artifact id: '2392e1bfdcdd6162409ac81f2c7d9afd') in 0.015604 seconds 
========================================================================
Received Import Request.
  Time since last request: 0.000051 seconds.
  path: Packages/com.unity.collab-proxy/Editor/PlasticSCM/Assets/Images/step2@2x.png
  artifactKey: Guid(0029170d14ce6c04c9f45c22cdae5559) Importer(815301076,1909f56bfc062723c751e8b465ee728b)
Start importing Packages/com.unity.collab-proxy/Editor/PlasticSCM/Assets/Images/step2@2x.png using Guid(0029170d14ce6c04c9f45c22cdae5559) Importer(815301076,1909f56bfc062723c751e8b465ee728b)  -> (artifact id: '4bad9221b9658caf9d3fb1b20250bcdd') in 0.014316 seconds 
========================================================================
Received Import Request.
  Time since last request: 0.000041 seconds.
  path: Packages/com.unity.collab-proxy/Editor/PlasticSCM/Assets/Images/step1@2x.png
  artifactKey: Guid(affeade9874cf2347abb155e8d0db4d8) Importer(815301076,1909f56bfc062723c751e8b465ee728b)
Start importing Packages/com.unity.collab-proxy/Editor/PlasticSCM/Assets/Images/step1@2x.png using Guid(affeade9874cf2347abb155e8d0db4d8) Importer(815301076,1909f56bfc062723c751e8b465ee728b)  -> (artifact id: 'ae5d04b9fe11fae17f4aa636cbea0d21') in 0.011621 seconds 
========================================================================
Received Import Request.
  Time since last request: 0.126979 seconds.
  path: Assets/SUPER Character Controller/Demo Assets/Textures/Stone/Stone_1.png
  artifactKey: Guid(442ddc5a8d848dc4a910150b80ab2bed) Importer(815301076,1909f56bfc062723c751e8b465ee728b)
Start importing Assets/SUPER Character Controller/Demo Assets/Textures/Stone/Stone_1.png using Guid(442ddc5a8d848dc4a910150b80ab2bed) Importer(815301076,1909f56bfc062723c751e8b465ee728b)  -> (artifact id: '59c04c844d50b6b2ff86865d81b8774a') in 0.011065 seconds 
========================================================================
Received Import Request.
  Time since last request: 0.000029 seconds.
  path: Packages/com.unity.visualeffectgraph/Editor/SceneWindow/Textures/Stop.png
  artifactKey: Guid(5f85611a83a49bb43aee8d670b460941) Importer(815301076,1909f56bfc062723c751e8b465ee728b)
Start importing Packages/com.unity.visualeffectgraph/Editor/SceneWindow/Textures/Stop.png using Guid(5f85611a83a49bb43aee8d670b460941) Importer(815301076,1909f56bfc062723c751e8b465ee728b)  -> (artifact id: '7c349c84548e27938ab26c823c7d86a0') in 0.009266 seconds 
========================================================================
Received Import Request.
  Time since last request: 0.000036 seconds.
  path: Packages/com.unity.render-pipelines.core/Editor/LookDev/Icons/SunPosition.png
  artifactKey: Guid(aa1dfcb67e8bf664d8d8a1821c118281) Importer(815301076,1909f56bfc062723c751e8b465ee728b)
Start importing Packages/com.unity.render-pipelines.core/Editor/LookDev/Icons/SunPosition.png using Guid(aa1dfcb67e8bf664d8d8a1821c118281) Importer(815301076,1909f56bfc062723c751e8b465ee728b)  -> (artifact id: '4eba01f0e64d2e23007b871b0d68a135') in 0.012829 seconds 
========================================================================
Received Import Request.
  Time since last request: 0.000037 seconds.
  path: Packages/com.unity.probuilder/Content/Icons/Scene/TextBackground.png
  artifactKey: Guid(efe0b4c986d4c46eaa935b7306936ebf) Importer(815301076,1909f56bfc062723c751e8b465ee728b)
Start importing Packages/com.unity.probuilder/Content/Icons/Scene/TextBackground.png using Guid(efe0b4c986d4c46eaa935b7306936ebf) Importer(815301076,1909f56bfc062723c751e8b465ee728b)  -> (artifact id: 'b7f1fdf817739d8a9e63087c5b0ada07') in 0.010961 seconds 
========================================================================
Received Import Request.
  Time since last request: 0.000038 seconds.
  path: Packages/com.unity.render-pipelines.core/Editor/Lighting/Icons/LightUnitIcons/SunriseSunset.png
  artifactKey: Guid(d8ee4aa2fab810242a1ff465e662bc09) Importer(815301076,1909f56bfc062723c751e8b465ee728b)
Start importing Packages/com.unity.render-pipelines.core/Editor/Lighting/Icons/LightUnitIcons/SunriseSunset.png using Guid(d8ee4aa2fab810242a1ff465e662bc09) Importer(815301076,1909f56bfc062723c751e8b465ee728b)  -> (artifact id: '715650e0f2aa40f2ecfff86d54fb33fd') in 0.013024 seconds 
========================================================================
Received Import Request.
  Time since last request: 0.623041 seconds.
  path: Packages/com.unity.shadergraph/Editor/Resources/Icons/SettingsIcons_hover@2x.png
  artifactKey: Guid(b1b079d053c3d0c41952dadf32a89ffd) Importer(815301076,1909f56bfc062723c751e8b465ee728b)
Start importing Packages/com.unity.shadergraph/Editor/Resources/Icons/SettingsIcons_hover@2x.png using Guid(b1b079d053c3d0c41952dadf32a89ffd) Importer(815301076,1909f56bfc062723c751e8b465ee728b)  -> (artifact id: '6ec9b651f57278d8e9648a1a8bf1bc72') in 0.010211 seconds 
========================================================================
Received Import Request.
  Time since last request: 0.000032 seconds.
  path: Packages/com.unity.shadergraph/Editor/Resources/Icons/sg_subgraph_icon.png
  artifactKey: Guid(2f2e2190c36a7b54295d734e567b3e44) Importer(815301076,1909f56bfc062723c751e8b465ee728b)
Start importing Packages/com.unity.shadergraph/Editor/Resources/Icons/sg_subgraph_icon.png using Guid(2f2e2190c36a7b54295d734e567b3e44) Importer(815301076,1909f56bfc062723c751e8b465ee728b)  -> (artifact id: 'bdcdbe05860a6ea05e06da7f5eb0a505') in 0.013301 seconds 
========================================================================
Received Import Request.
  Time since last request: 0.000038 seconds.
  path: Packages/com.unity.shadergraph/Editor/Resources/Icons/sg_subgraph_icon_gray_light.png
  artifactKey: Guid(82b6560ff26e58d48aa33e2869ad14e4) Importer(815301076,1909f56bfc062723c751e8b465ee728b)
Start importing Packages/com.unity.shadergraph/Editor/Resources/Icons/sg_subgraph_icon_gray_light.png using Guid(82b6560ff26e58d48aa33e2869ad14e4) Importer(815301076,1909f56bfc062723c751e8b465ee728b)  -> (artifact id: '0f438f2d1a61eef1f29beb7301384f83') in 0.008886 seconds 
========================================================================
Received Import Request.
  Time since last request: 0.000027 seconds.
  path: Packages/com.unity.render-pipelines.core/Editor/Lighting/Icons/LightUnitIcons/Shade@2x.png
  artifactKey: Guid(1f20ae185bcb2254a844ed304955beb3) Importer(815301076,1909f56bfc062723c751e8b465ee728b)
Start importing Packages/com.unity.render-pipelines.core/Editor/Lighting/Icons/LightUnitIcons/Shade@2x.png using Guid(1f20ae185bcb2254a844ed304955beb3) Importer(815301076,1909f56bfc062723c751e8b465ee728b)  -> (artifact id: 'b15c010464448c1bd529f2b3bca0d230') in 0.011482 seconds 
========================================================================
Received Import Request.
  Time since last request: 0.000030 seconds.
  path: Packages/com.unity.shadergraph/Editor/Resources/Icons/sg_subgraph_icon_gray_dark.png
  artifactKey: Guid(18c6490536702e840b89a326d93a92a1) Importer(815301076,1909f56bfc062723c751e8b465ee728b)
Start importing Packages/com.unity.shadergraph/Editor/Resources/Icons/sg_subgraph_icon_gray_dark.png using Guid(18c6490536702e840b89a326d93a92a1) Importer(815301076,1909f56bfc062723c751e8b465ee728b)  -> (artifact id: '46e40c99a8163548c0a591647994713c') in 0.009998 seconds 
========================================================================
Received Import Request.
  Time since last request: 0.367082 seconds.
  path: Packages/com.unity.probuilder/Content/Icons/Toolbar/Selection_Shrink_disabled.png
  artifactKey: Guid(eb755aec2837044cb8f7ced981795b9d) Importer(815301076,1909f56bfc062723c751e8b465ee728b)
Start importing Packages/com.unity.probuilder/Content/Icons/Toolbar/Selection_Shrink_disabled.png using Guid(eb755aec2837044cb8f7ced981795b9d) Importer(815301076,1909f56bfc062723c751e8b465ee728b)  -> (artifact id: 'a0c6f23e28f133c659a10e8de2502ba1') in 0.010896 seconds 
========================================================================
Received Import Request.
  Time since last request: 0.000044 seconds.
  path: Packages/com.unity.probuilder/Content/Icons/Scene/SelectionRect@2x.png
  artifactKey: Guid(8a71d1d5ecfb449c1a4a70d7fb021d04) Importer(815301076,1909f56bfc062723c751e8b465ee728b)
Start importing Packages/com.unity.probuilder/Content/Icons/Scene/SelectionRect@2x.png using Guid(8a71d1d5ecfb449c1a4a70d7fb021d04) Importer(815301076,1909f56bfc062723c751e8b465ee728b)  -> (artifact id: '41cc0f51cd50b4cf46754d0e112ae921') in 0.009708 seconds 
========================================================================
Received Import Request.
  Time since last request: 0.000028 seconds.
  path: Packages/com.unity.shadergraph/Editor/Resources/Icons/SettingsIcons.png
  artifactKey: Guid(53bf71ace226b574d88c828e8b631aae) Importer(815301076,1909f56bfc062723c751e8b465ee728b)
Start importing Packages/com.unity.shadergraph/Editor/Resources/Icons/SettingsIcons.png using Guid(53bf71ace226b574d88c828e8b631aae) Importer(815301076,1909f56bfc062723c751e8b465ee728b)  -> (artifact id: 'e4e9e5537398afa806dbedc0b418469e') in 0.009990 seconds 
========================================================================
Received Import Request.
  Time since last request: 0.000037 seconds.
  path: Packages/com.unity.shadergraph/Editor/Resources/Icons/SettingsIcons_hover.png
  artifactKey: Guid(6bfd5f3c15e1ee7498657be747544985) Importer(815301076,1909f56bfc062723c751e8b465ee728b)
Start importing Packages/com.unity.shadergraph/Editor/Resources/Icons/SettingsIcons_hover.png using Guid(6bfd5f3c15e1ee7498657be747544985) Importer(815301076,1909f56bfc062723c751e8b465ee728b)  -> (artifact id: 'f406a47e6799e872502358915dff3ca8') in 0.010685 seconds 
========================================================================
Received Import Request.
  Time since last request: 0.000050 seconds.
  path: Packages/com.unity.shadergraph/Editor/Resources/Icons/Settings_Flyout_9slice@2x.png
  artifactKey: Guid(a6abafca3e442ca4d970a1f8a2c70b0a) Importer(815301076,1909f56bfc062723c751e8b465ee728b)
Start importing Packages/com.unity.shadergraph/Editor/Resources/Icons/Settings_Flyout_9slice@2x.png using Guid(a6abafca3e442ca4d970a1f8a2c70b0a) Importer(815301076,1909f56bfc062723c751e8b465ee728b)  -> (artifact id: '70028b993b1a52befc297c2f70778caa') in 0.012883 seconds 
========================================================================
Received Import Request.
  Time since last request: 5.666965 seconds.
  path: Packages/com.unity.visualeffectgraph/Textures/DefaultParticle.tga
  artifactKey: Guid(276d9e395ae18fe40a9b4988549f2349) Importer(815301076,1909f56bfc062723c751e8b465ee728b)
Start importing Packages/com.unity.visualeffectgraph/Textures/DefaultParticle.tga using Guid(276d9e395ae18fe40a9b4988549f2349) Importer(815301076,1909f56bfc062723c751e8b465ee728b)  -> (artifact id: '1c9e92f84b21ddde6e7ecaac8ffa2bda') in 0.012872 seconds 
========================================================================
Received Import Request.
  Time since last request: 0.000026 seconds.
  path: Packages/com.unity.visualeffectgraph/Editor/UIResources/VFX/ParticleStrips@2x.png
  artifactKey: Guid(de530d026654cde48a2d1d5735c979ad) Importer(815301076,1909f56bfc062723c751e8b465ee728b)
Start importing Packages/com.unity.visualeffectgraph/Editor/UIResources/VFX/ParticleStrips@2x.png using Guid(de530d026654cde48a2d1d5735c979ad) Importer(815301076,1909f56bfc062723c751e8b465ee728b)  -> (artifact id: 'b406bd797db40d0eb2fb7aa12a688b85') in 0.010746 seconds 
========================================================================
Received Import Request.
  Time since last request: 32.371828 seconds.
  path: Assets/Effects/Fire.vfx
  artifactKey: Guid(9fb095f58f3bae345a1455faf1e6e7e5) Importer(815301076,1909f56bfc062723c751e8b465ee728b)
Start importing Assets/Effects/Fire.vfx using Guid(9fb095f58f3bae345a1455faf1e6e7e5) Importer(815301076,1909f56bfc062723c751e8b465ee728b)  -> (artifact id: 'd5e0bc2c31776d6889948a29dfdc38f4') in 0.476959 seconds 
========================================================================
Received Import Request.
  Time since last request: 4.761049 seconds.
  path: Assets/Effects/Fire.vfx
  artifactKey: Guid(9fb095f58f3bae345a1455faf1e6e7e5) Importer(815301076,1909f56bfc062723c751e8b465ee728b)
Start importing Assets/Effects/Fire.vfx using Guid(9fb095f58f3bae345a1455faf1e6e7e5) Importer(815301076,1909f56bfc062723c751e8b465ee728b)  -> (artifact id: '5a8de2701ec7c86bcabe4b534717280c') in 0.335886 seconds 
========================================================================
Received Import Request.
  Time since last request: 2.987338 seconds.
  path: Assets/Effects/Fire.vfx
  artifactKey: Guid(9fb095f58f3bae345a1455faf1e6e7e5) Importer(815301076,1909f56bfc062723c751e8b465ee728b)
Start importing Assets/Effects/Fire.vfx using Guid(9fb095f58f3bae345a1455faf1e6e7e5) Importer(815301076,1909f56bfc062723c751e8b465ee728b)  -> (artifact id: '6a1c5997c6174b973e6eff3c896de7e4') in 0.180883 seconds 
========================================================================
Received Import Request.
  Time since last request: 26.806466 seconds.
  path: Assets/Effects/Fire.vfx
  artifactKey: Guid(9fb095f58f3bae345a1455faf1e6e7e5) Importer(815301076,1909f56bfc062723c751e8b465ee728b)
Start importing Assets/Effects/Fire.vfx using Guid(9fb095f58f3bae345a1455faf1e6e7e5) Importer(815301076,1909f56bfc062723c751e8b465ee728b)  -> (artifact id: 'ca88fae5fac03b4a8bc7b1dfa6844cc9') in 0.303518 seconds 
========================================================================
Received Import Request.
  Time since last request: 4.477427 seconds.
  path: Assets/Effects/Fire.vfx
  artifactKey: Guid(9fb095f58f3bae345a1455faf1e6e7e5) Importer(815301076,1909f56bfc062723c751e8b465ee728b)
Start importing Assets/Effects/Fire.vfx using Guid(9fb095f58f3bae345a1455faf1e6e7e5) Importer(815301076,1909f56bfc062723c751e8b465ee728b)  -> (artifact id: '6ba93cdc598db3e37e833a1462ff529a') in 0.302759 seconds 
========================================================================
Received Import Request.
  Time since last request: 3.172960 seconds.
  path: Assets/Effects/Fire.vfx
  artifactKey: Guid(9fb095f58f3bae345a1455faf1e6e7e5) Importer(815301076,1909f56bfc062723c751e8b465ee728b)
Start importing Assets/Effects/Fire.vfx using Guid(9fb095f58f3bae345a1455faf1e6e7e5) Importer(815301076,1909f56bfc062723c751e8b465ee728b)  -> (artifact id: '96587c8f8d8b0e29097be6c7a7ae9561') in 0.164985 seconds 
========================================================================
Received Import Request.
  Time since last request: 13.562803 seconds.
  path: Assets/Effects/Fire.vfx
  artifactKey: Guid(9fb095f58f3bae345a1455faf1e6e7e5) Importer(815301076,1909f56bfc062723c751e8b465ee728b)
Start importing Assets/Effects/Fire.vfx using Guid(9fb095f58f3bae345a1455faf1e6e7e5) Importer(815301076,1909f56bfc062723c751e8b465ee728b)  -> (artifact id: '07cc87839f618d7329f8bd5378e165ef') in 0.144630 seconds 
========================================================================
Received Import Request.
  Time since last request: 5.999078 seconds.
  path: Assets/Effects/Fire.vfx
  artifactKey: Guid(9fb095f58f3bae345a1455faf1e6e7e5) Importer(815301076,1909f56bfc062723c751e8b465ee728b)
Start importing Assets/Effects/Fire.vfx using Guid(9fb095f58f3bae345a1455faf1e6e7e5) Importer(815301076,1909f56bfc062723c751e8b465ee728b)  -> (artifact id: 'd18a49d21948ecd8cd87a953327edf08') in 0.164617 seconds 
========================================================================
Received Import Request.
  Time since last request: 8.252279 seconds.
  path: Assets/Effects/Fire.vfx
  artifactKey: Guid(9fb095f58f3bae345a1455faf1e6e7e5) Importer(815301076,1909f56bfc062723c751e8b465ee728b)
Start importing Assets/Effects/Fire.vfx using Guid(9fb095f58f3bae345a1455faf1e6e7e5) Importer(815301076,1909f56bfc062723c751e8b465ee728b)  -> (artifact id: 'fbff02c55bc892b64b9ae5cca3a3af13') in 0.159385 seconds 
========================================================================
Received Import Request.
  Time since last request: 14.102193 seconds.
  path: Assets/Effects/Fire.vfx
  artifactKey: Guid(9fb095f58f3bae345a1455faf1e6e7e5) Importer(815301076,1909f56bfc062723c751e8b465ee728b)
Start importing Assets/Effects/Fire.vfx using Guid(9fb095f58f3bae345a1455faf1e6e7e5) Importer(815301076,1909f56bfc062723c751e8b465ee728b)  -> (artifact id: '5d9dbbbe2893f037afa02fbb8b78b387') in 0.141603 seconds 
========================================================================
Received Import Request.
  Time since last request: 6.178031 seconds.
  path: Assets/Effects/Fire.vfx
  artifactKey: Guid(9fb095f58f3bae345a1455faf1e6e7e5) Importer(815301076,1909f56bfc062723c751e8b465ee728b)
Start importing Assets/Effects/Fire.vfx using Guid(9fb095f58f3bae345a1455faf1e6e7e5) Importer(815301076,1909f56bfc062723c751e8b465ee728b)  -> (artifact id: '85e06c63c64de0ceba1ab6a6ee813826') in 0.148332 seconds 
========================================================================
Received Import Request.
  Time since last request: 38.972846 seconds.
  path: Assets/Effects/Fire.vfx
  artifactKey: Guid(9fb095f58f3bae345a1455faf1e6e7e5) Importer(815301076,1909f56bfc062723c751e8b465ee728b)
Start importing Assets/Effects/Fire.vfx using Guid(9fb095f58f3bae345a1455faf1e6e7e5) Importer(815301076,1909f56bfc062723c751e8b465ee728b)  -> (artifact id: 'c545b6599a08953d4d39c65c96a512a3') in 0.151228 seconds 
========================================================================
Received Import Request.
  Time since last request: 35.259879 seconds.
  path: Assets/Effects/Fire.vfx
  artifactKey: Guid(9fb095f58f3bae345a1455faf1e6e7e5) Importer(815301076,1909f56bfc062723c751e8b465ee728b)
Start importing Assets/Effects/Fire.vfx using Guid(9fb095f58f3bae345a1455faf1e6e7e5) Importer(815301076,1909f56bfc062723c751e8b465ee728b)  -> (artifact id: 'ec558a4f5a912d12d67006ed41e3325b') in 0.145312 seconds 
========================================================================
Received Import Request.
  Time since last request: 21.785289 seconds.
  path: Assets/Effects/Fire.vfx
  artifactKey: Guid(9fb095f58f3bae345a1455faf1e6e7e5) Importer(815301076,1909f56bfc062723c751e8b465ee728b)
Start importing Assets/Effects/Fire.vfx using Guid(9fb095f58f3bae345a1455faf1e6e7e5) Importer(815301076,1909f56bfc062723c751e8b465ee728b)  -> (artifact id: '7c8d013bd0635162a22248ae98401ffe') in 0.238806 seconds 
========================================================================
Received Import Request.
  Time since last request: 6.503991 seconds.
  path: Assets/Effects/Fire.vfx
  artifactKey: Guid(9fb095f58f3bae345a1455faf1e6e7e5) Importer(815301076,1909f56bfc062723c751e8b465ee728b)
Start importing Assets/Effects/Fire.vfx using Guid(9fb095f58f3bae345a1455faf1e6e7e5) Importer(815301076,1909f56bfc062723c751e8b465ee728b)  -> (artifact id: '3e13b2836e58523856e81c6b24442280') in 0.155237 seconds 
========================================================================
Received Import Request.
  Time since last request: 59.204416 seconds.
  path: Assets/Effects/Fire.vfx
  artifactKey: Guid(9fb095f58f3bae345a1455faf1e6e7e5) Importer(815301076,1909f56bfc062723c751e8b465ee728b)
Start importing Assets/Effects/Fire.vfx using Guid(9fb095f58f3bae345a1455faf1e6e7e5) Importer(815301076,1909f56bfc062723c751e8b465ee728b)  -> (artifact id: '658d50856e9f1e8a6fc9e83e687a5a56') in 0.237304 seconds 
========================================================================
Received Import Request.
  Time since last request: 2.377526 seconds.
  path: Assets/Effects/Fire.vfx
  artifactKey: Guid(9fb095f58f3bae345a1455faf1e6e7e5) Importer(815301076,1909f56bfc062723c751e8b465ee728b)
Start importing Assets/Effects/Fire.vfx using Guid(9fb095f58f3bae345a1455faf1e6e7e5) Importer(815301076,1909f56bfc062723c751e8b465ee728b)  -> (artifact id: 'e7e0f515ef5f497c3fa0c17e2dab48bf') in 0.159001 seconds 
========================================================================
Received Import Request.
  Time since last request: 16.022764 seconds.
  path: Assets/Effects/Fire.vfx
  artifactKey: Guid(9fb095f58f3bae345a1455faf1e6e7e5) Importer(815301076,1909f56bfc062723c751e8b465ee728b)
Start importing Assets/Effects/Fire.vfx using Guid(9fb095f58f3bae345a1455faf1e6e7e5) Importer(815301076,1909f56bfc062723c751e8b465ee728b)  -> (artifact id: '5522f466eba307c5c13d92c7351a7b79') in 0.291245 seconds 
========================================================================
Received Import Request.
  Time since last request: 35.871343 seconds.
  path: Assets/Effects/Fire.vfx
  artifactKey: Guid(9fb095f58f3bae345a1455faf1e6e7e5) Importer(815301076,1909f56bfc062723c751e8b465ee728b)
Start importing Assets/Effects/Fire.vfx using Guid(9fb095f58f3bae345a1455faf1e6e7e5) Importer(815301076,1909f56bfc062723c751e8b465ee728b)  -> (artifact id: '15bdf480a28176252d2439c9801792bc') in 0.346235 seconds 
========================================================================
Received Import Request.
  Time since last request: 86.197847 seconds.
  path: Assets/Effects/Fire.vfx
  artifactKey: Guid(9fb095f58f3bae345a1455faf1e6e7e5) Importer(815301076,1909f56bfc062723c751e8b465ee728b)
Start importing Assets/Effects/Fire.vfx using Guid(9fb095f58f3bae345a1455faf1e6e7e5) Importer(815301076,1909f56bfc062723c751e8b465ee728b)  -> (artifact id: '83aa99d2d793ea8b95f9a568824eb5ee') in 0.170377 seconds 
========================================================================
Received Import Request.
  Time since last request: 13.190749 seconds.
  path: Assets/Effects/Fire.vfx
  artifactKey: Guid(9fb095f58f3bae345a1455faf1e6e7e5) Importer(815301076,1909f56bfc062723c751e8b465ee728b)
Start importing Assets/Effects/Fire.vfx using Guid(9fb095f58f3bae345a1455faf1e6e7e5) Importer(815301076,1909f56bfc062723c751e8b465ee728b)  -> (artifact id: '7979b749aec91f5b0d3da803d2e78822') in 0.141341 seconds 
========================================================================
Received Import Request.
  Time since last request: 4.491263 seconds.
  path: Assets/Effects/Fire.vfx
  artifactKey: Guid(9fb095f58f3bae345a1455faf1e6e7e5) Importer(815301076,1909f56bfc062723c751e8b465ee728b)
Start importing Assets/Effects/Fire.vfx using Guid(9fb095f58f3bae345a1455faf1e6e7e5) Importer(815301076,1909f56bfc062723c751e8b465ee728b)  -> (artifact id: '471ee338ef995815b6c596e37e78405b') in 0.156863 seconds 
========================================================================
Received Import Request.
  Time since last request: 2.742789 seconds.
  path: Assets/Effects/Fire.vfx
  artifactKey: Guid(9fb095f58f3bae345a1455faf1e6e7e5) Importer(815301076,1909f56bfc062723c751e8b465ee728b)
Start importing Assets/Effects/Fire.vfx using Guid(9fb095f58f3bae345a1455faf1e6e7e5) Importer(815301076,1909f56bfc062723c751e8b465ee728b)  -> (artifact id: 'f99d68a2fed86790ec17c7fe80ba7333') in 0.164361 seconds 
========================================================================
Received Import Request.
  Time since last request: 5.430996 seconds.
  path: Assets/Effects/Fire.vfx
  artifactKey: Guid(9fb095f58f3bae345a1455faf1e6e7e5) Importer(815301076,1909f56bfc062723c751e8b465ee728b)
Start importing Assets/Effects/Fire.vfx using Guid(9fb095f58f3bae345a1455faf1e6e7e5) Importer(815301076,1909f56bfc062723c751e8b465ee728b)  -> (artifact id: '2be5842d5a75df081651c45c35cd9750') in 0.170936 seconds 
========================================================================
Received Import Request.
  Time since last request: 25.398583 seconds.
  path: Assets/Effects/Fire.vfx
  artifactKey: Guid(9fb095f58f3bae345a1455faf1e6e7e5) Importer(815301076,1909f56bfc062723c751e8b465ee728b)
Start importing Assets/Effects/Fire.vfx using Guid(9fb095f58f3bae345a1455faf1e6e7e5) Importer(815301076,1909f56bfc062723c751e8b465ee728b)  -> (artifact id: '16020f6825788216423e292a4ca99078') in 0.141452 seconds 
========================================================================
Received Import Request.
  Time since last request: 11.928971 seconds.
  path: Assets/Effects/Fire.vfx
  artifactKey: Guid(9fb095f58f3bae345a1455faf1e6e7e5) Importer(815301076,1909f56bfc062723c751e8b465ee728b)
Start importing Assets/Effects/Fire.vfx using Guid(9fb095f58f3bae345a1455faf1e6e7e5) Importer(815301076,1909f56bfc062723c751e8b465ee728b)  -> (artifact id: '111243e590a89944db59459adf2a8f49') in 0.161484 seconds 
========================================================================
Received Import Request.
  Time since last request: 3.152519 seconds.
  path: Assets/Effects/Fire.vfx
  artifactKey: Guid(9fb095f58f3bae345a1455faf1e6e7e5) Importer(815301076,1909f56bfc062723c751e8b465ee728b)
Start importing Assets/Effects/Fire.vfx using Guid(9fb095f58f3bae345a1455faf1e6e7e5) Importer(815301076,1909f56bfc062723c751e8b465ee728b)  -> (artifact id: 'f3d0d76aa7666bc093268bbb890b1b30') in 0.246096 seconds 
========================================================================
Received Import Request.
  Time since last request: 197.884614 seconds.
  path: Assets/Effects/Fire.vfx
  artifactKey: Guid(9fb095f58f3bae345a1455faf1e6e7e5) Importer(815301076,1909f56bfc062723c751e8b465ee728b)
Start importing Assets/Effects/Fire.vfx using Guid(9fb095f58f3bae345a1455faf1e6e7e5) Importer(815301076,1909f56bfc062723c751e8b465ee728b)  -> (artifact id: 'f77577abd20c763fc724d63668b284e1') in 0.288091 seconds 
========================================================================
Received Import Request.
  Time since last request: 127.420541 seconds.
  path: Assets/Effects/Fire.vfx
  artifactKey: Guid(9fb095f58f3bae345a1455faf1e6e7e5) Importer(815301076,1909f56bfc062723c751e8b465ee728b)
Start importing Assets/Effects/Fire.vfx using Guid(9fb095f58f3bae345a1455faf1e6e7e5) Importer(815301076,1909f56bfc062723c751e8b465ee728b)  -> (artifact id: '30a07e98ef77a13bf42d0ca1b2d4e6e9') in 0.150505 seconds 
========================================================================
Received Import Request.
  Time since last request: 6.075943 seconds.
  path: Assets/Effects/Fire.vfx
  artifactKey: Guid(9fb095f58f3bae345a1455faf1e6e7e5) Importer(815301076,1909f56bfc062723c751e8b465ee728b)
Start importing Assets/Effects/Fire.vfx using Guid(9fb095f58f3bae345a1455faf1e6e7e5) Importer(815301076,1909f56bfc062723c751e8b465ee728b)  -> (artifact id: '394194cb6e21552e0e1c62fc5f62cc84') in 0.150174 seconds 
========================================================================
Received Import Request.
  Time since last request: 45.798818 seconds.
  path: Assets/Effects/Fire.vfx
  artifactKey: Guid(9fb095f58f3bae345a1455faf1e6e7e5) Importer(815301076,1909f56bfc062723c751e8b465ee728b)
Start importing Assets/Effects/Fire.vfx using Guid(9fb095f58f3bae345a1455faf1e6e7e5) Importer(815301076,1909f56bfc062723c751e8b465ee728b)  -> (artifact id: '305c74d89fc537cbc8ec77f3c589fd33') in 0.014120 seconds 
========================================================================
Received Import Request.
  Time since last request: 13.566458 seconds.
  path: Assets/Effects/Fire.vfx
  artifactKey: Guid(9fb095f58f3bae345a1455faf1e6e7e5) Importer(815301076,1909f56bfc062723c751e8b465ee728b)
Start importing Assets/Effects/Fire.vfx using Guid(9fb095f58f3bae345a1455faf1e6e7e5) Importer(815301076,1909f56bfc062723c751e8b465ee728b)  -> (artifact id: 'c940ed545c1691cc7a7f8220d4204de2') in 0.147711 seconds 
========================================================================
Received Import Request.
  Time since last request: 108.072867 seconds.
  path: Assets/Effects/Fire.vfx
  artifactKey: Guid(9fb095f58f3bae345a1455faf1e6e7e5) Importer(815301076,1909f56bfc062723c751e8b465ee728b)
Start importing Assets/Effects/Fire.vfx using Guid(9fb095f58f3bae345a1455faf1e6e7e5) Importer(815301076,1909f56bfc062723c751e8b465ee728b)  -> (artifact id: '89a7bd913975bfa6dcd55fd3dd09e254') in 0.013937 seconds 
========================================================================
Received Import Request.
  Time since last request: 28.026436 seconds.
  path: Assets/Effects/Fire.vfx
  artifactKey: Guid(9fb095f58f3bae345a1455faf1e6e7e5) Importer(815301076,1909f56bfc062723c751e8b465ee728b)
Start importing Assets/Effects/Fire.vfx using Guid(9fb095f58f3bae345a1455faf1e6e7e5) Importer(815301076,1909f56bfc062723c751e8b465ee728b)  -> (artifact id: 'd73aacefd16b08c656892803a7a1529b') in 0.145952 seconds 
========================================================================
Received Import Request.
  Time since last request: 2.446213 seconds.
  path: Assets/Effects/Fire.vfx
  artifactKey: Guid(9fb095f58f3bae345a1455faf1e6e7e5) Importer(815301076,1909f56bfc062723c751e8b465ee728b)
Start importing Assets/Effects/Fire.vfx using Guid(9fb095f58f3bae345a1455faf1e6e7e5) Importer(815301076,1909f56bfc062723c751e8b465ee728b)  -> (artifact id: 'fd03e1c087be74ea995c5ec9630609c1') in 0.142802 seconds 
========================================================================
Received Import Request.
  Time since last request: 39.357670 seconds.
  path: Assets/Effects/Fire.vfx
  artifactKey: Guid(9fb095f58f3bae345a1455faf1e6e7e5) Importer(815301076,1909f56bfc062723c751e8b465ee728b)
Start importing Assets/Effects/Fire.vfx using Guid(9fb095f58f3bae345a1455faf1e6e7e5) Importer(815301076,1909f56bfc062723c751e8b465ee728b)  -> (artifact id: 'd7c48e035bb80315f0124ea7bafb87ff') in 0.013446 seconds 
========================================================================
Received Import Request.
  Time since last request: 17.340482 seconds.
  path: Assets/Effects/Fire.vfx
  artifactKey: Guid(9fb095f58f3bae345a1455faf1e6e7e5) Importer(815301076,1909f56bfc062723c751e8b465ee728b)
Start importing Assets/Effects/Fire.vfx using Guid(9fb095f58f3bae345a1455faf1e6e7e5) Importer(815301076,1909f56bfc062723c751e8b465ee728b)  -> (artifact id: 'e4892e683a4546fb885c826f08fef15b') in 0.141963 seconds 
========================================================================
Received Import Request.
  Time since last request: 37.783109 seconds.
  path: Assets/Effects/Fire.vfx
  artifactKey: Guid(9fb095f58f3bae345a1455faf1e6e7e5) Importer(815301076,1909f56bfc062723c751e8b465ee728b)
Start importing Assets/Effects/Fire.vfx using Guid(9fb095f58f3bae345a1455faf1e6e7e5) Importer(815301076,1909f56bfc062723c751e8b465ee728b)  -> (artifact id: 'c160d1f40772327d552d5e0b3cab5cdb') in 0.165581 seconds 
========================================================================
Received Import Request.
  Time since last request: 9.211389 seconds.
  path: Assets/Effects/Fire.vfx
  artifactKey: Guid(9fb095f58f3bae345a1455faf1e6e7e5) Importer(815301076,1909f56bfc062723c751e8b465ee728b)
Start importing Assets/Effects/Fire.vfx using Guid(9fb095f58f3bae345a1455faf1e6e7e5) Importer(815301076,1909f56bfc062723c751e8b465ee728b)  -> (artifact id: 'a3c9daf0d67b7187cb99dd4764b25426') in 0.344525 seconds 
========================================================================
Received Import Request.
  Time since last request: 21.436890 seconds.
  path: Assets/Effects/Fire.vfx
  artifactKey: Guid(9fb095f58f3bae345a1455faf1e6e7e5) Importer(815301076,1909f56bfc062723c751e8b465ee728b)
Start importing Assets/Effects/Fire.vfx using Guid(9fb095f58f3bae345a1455faf1e6e7e5) Importer(815301076,1909f56bfc062723c751e8b465ee728b)  -> (artifact id: '297cce3bb41aca1b3a9c68f5086b8521') in 0.020185 seconds 
========================================================================
Received Import Request.
  Time since last request: 122.464846 seconds.
  path: Assets/Effects/Fire.vfx
  artifactKey: Guid(9fb095f58f3bae345a1455faf1e6e7e5) Importer(815301076,1909f56bfc062723c751e8b465ee728b)
Start importing Assets/Effects/Fire.vfx using Guid(9fb095f58f3bae345a1455faf1e6e7e5) Importer(815301076,1909f56bfc062723c751e8b465ee728b)  -> (artifact id: '8e1ec9455abbecf9a22d17e312c4853a') in 0.323401 seconds 
========================================================================
Received Import Request.
  Time since last request: 19.871914 seconds.
  path: Assets/Effects/Fire.vfx
  artifactKey: Guid(9fb095f58f3bae345a1455faf1e6e7e5) Importer(815301076,1909f56bfc062723c751e8b465ee728b)
Start importing Assets/Effects/Fire.vfx using Guid(9fb095f58f3bae345a1455faf1e6e7e5) Importer(815301076,1909f56bfc062723c751e8b465ee728b)  -> (artifact id: '9081aae3d20ec6bcc6ae9a952d2acf45') in 0.158187 seconds 
========================================================================
Received Import Request.
  Time since last request: 8.086793 seconds.
  path: Assets/Effects/Fire.vfx
  artifactKey: Guid(9fb095f58f3bae345a1455faf1e6e7e5) Importer(815301076,1909f56bfc062723c751e8b465ee728b)
Start importing Assets/Effects/Fire.vfx using Guid(9fb095f58f3bae345a1455faf1e6e7e5) Importer(815301076,1909f56bfc062723c751e8b465ee728b)  -> (artifact id: 'b0ec754410f05ff865d6977b28ab7022') in 0.013303 seconds 
========================================================================
Received Import Request.
  Time since last request: 0.230725 seconds.
  path: Assets/Effects/Fire.vfx
  artifactKey: Guid(9fb095f58f3bae345a1455faf1e6e7e5) Importer(815301076,1909f56bfc062723c751e8b465ee728b)
Start importing Assets/Effects/Fire.vfx using Guid(9fb095f58f3bae345a1455faf1e6e7e5) Importer(815301076,1909f56bfc062723c751e8b465ee728b)  -> (artifact id: '5b4d2e3a58b3d5c87612eec0f8fc7d44') in 0.149000 seconds 
========================================================================
Received Prepare
Registering precompiled user dll's ...
Registered in 0.007443 seconds.
Begin MonoManager ReloadAssembly
Symbol file LoadedFromMemory doesn't match image C:\Users\ryker\Documents\GitHub\UnityProjfects\Particle Project\Library\PackageCache\com.unity.visualscripting@1.8.0\Editor\VisualScripting.Core\Dependencies\YamlDotNet\Unity.VisualScripting.YamlDotNet.dll
Symbol file LoadedFromMemory doesn't match image C:\Users\ryker\Documents\GitHub\UnityProjfects\Particle Project\Library\PackageCache\com.unity.visualscripting@1.8.0\Editor\VisualScripting.Core\Dependencies\DotNetZip\Unity.VisualScripting.IonicZip.dll
Native extension for WindowsStandalone target not found
Native extension for iOS target not found
Native extension for Android target not found
Refreshing native plugins compatible for Editor in 1.04 ms, found 3 plugins.
Preloading 0 native plugins for Editor in 0.00 ms.
Mono: successfully reloaded assembly
- Completed reload, in  1.634 seconds
Domain Reload Profiling:
	ReloadAssembly (1635ms)
		BeginReloadAssembly (253ms)
			ExecutionOrderSort (1ms)
			DisableScriptedObjects (46ms)
			BackupInstance (0ms)
			ReleaseScriptingObjects (0ms)
			CreateAndSetChildDomain (85ms)
		EndReloadAssembly (1265ms)
			LoadAssemblies (106ms)
			RebuildTransferFunctionScriptingTraits (0ms)
			SetupTypeCache (393ms)
			ReleaseScriptCaches (2ms)
			RebuildScriptCaches (89ms)
			SetupLoadedEditorAssemblies (461ms)
				LogAssemblyErrors (0ms)
				InitializePlatformSupportModulesInManaged (30ms)
				SetLoadedEditorAssemblies (0ms)
				RefreshPlugins (1ms)
				BeforeProcessingInitializeOnLoad (106ms)
				ProcessInitializeOnLoadAttributes (288ms)
				ProcessInitializeOnLoadMethodAttributes (25ms)
				AfterProcessingInitializeOnLoad (11ms)
				EditorAssembliesLoaded (0ms)
			ExecutionOrderSort2 (0ms)
			AwakeInstancesAfterBackupRestoration (54ms)
Platform modules already initialized, skipping
Refreshing native plugins compatible for Editor in 2.43 ms, found 3 plugins.
Preloading 0 native plugins for Editor in 0.00 ms.
Unloading 5980 Unused Serialized files (Serialized files now loaded: 0)
Unloading 45 unused Assets / (3.9 MB). Loaded Objects now: 6957.
Memory consumption went from 278.4 MB to 274.6 MB.
Total: 5.197600 ms (FindLiveObjects: 0.440500 ms CreateObjectMapping: 0.388700 ms MarkObjects: 3.645500 ms  DeleteObjects: 0.722200 ms)

AssetImportParameters requested are different than current active one (requested -> active):
  custom:video-decoder-ogg-theora: a1e56fd34408186e4bbccfd4996cb3dc -> 
  custom:container-muxer-webm: aa71ff27fc2769a1b78a27578f13a17b -> 
  custom:container-demuxer-webm: 4f35f7cbe854078d1ac9338744f61a02 -> 
  custom:video-encoder-webm-vp8: eb34c28f22e8b96e1ab97ce403110664 -> 
  custom:video-codec-MediaFoundation-h265: 746d11721c4dcdbdad8f713fa42b33f4 -> 
  custom:audio-encoder-webm-vorbis: bf7c407c2cedff20999df2af8eb42d56 -> 
  custom:framework-win-MediaFoundation: 216162199b28c13a410421893ffa2e32 -> 
  custom:container-demuxer-ogg: 62fdf1f143b41e24485cea50d1cbac27 -> 
  custom:video-decoder-webm-vp8: 9c59270c3fd7afecdb556c50c9e8de78 -> 
  custom:audio-decoder-ogg-vorbis: bf7c407c2cedff20999df2af8eb42d56 -> 
========================================================================
Received Import Request.
  Time since last request: 157.335226 seconds.
  path: Assets/Effects/Fire.vfx
  artifactKey: Guid(9fb095f58f3bae345a1455faf1e6e7e5) Importer(815301076,1909f56bfc062723c751e8b465ee728b)
Start importing Assets/Effects/Fire.vfx using Guid(9fb095f58f3bae345a1455faf1e6e7e5) Importer(815301076,1909f56bfc062723c751e8b465ee728b)  -> (artifact id: '5b4d2e3a58b3d5c87612eec0f8fc7d44') in 0.809351 seconds 
========================================================================
Received Import Request.
  Time since last request: 23.353312 seconds.
  path: Assets/Effects/Fire.vfx
  artifactKey: Guid(9fb095f58f3bae345a1455faf1e6e7e5) Importer(815301076,1909f56bfc062723c751e8b465ee728b)
Start importing Assets/Effects/Fire.vfx using Guid(9fb095f58f3bae345a1455faf1e6e7e5) Importer(815301076,1909f56bfc062723c751e8b465ee728b)  -> (artifact id: 'fbe238ef45efb0f92de8c99318a44ef4') in 0.027043 seconds 
========================================================================
Received Import Request.
  Time since last request: 74.572209 seconds.
  path: Assets/Effects/Fire.vfx
  artifactKey: Guid(9fb095f58f3bae345a1455faf1e6e7e5) Importer(815301076,1909f56bfc062723c751e8b465ee728b)
Start importing Assets/Effects/Fire.vfx using Guid(9fb095f58f3bae345a1455faf1e6e7e5) Importer(815301076,1909f56bfc062723c751e8b465ee728b)  -> (artifact id: 'cc575fa3e5b3adfa2874e4ec9a5d9db5') in 0.014455 seconds 
========================================================================
Received Import Request.
  Time since last request: 3.664460 seconds.
  path: Assets/Effects/Fire.vfx
  artifactKey: Guid(9fb095f58f3bae345a1455faf1e6e7e5) Importer(815301076,1909f56bfc062723c751e8b465ee728b)
Start importing Assets/Effects/Fire.vfx using Guid(9fb095f58f3bae345a1455faf1e6e7e5) Importer(815301076,1909f56bfc062723c751e8b465ee728b)  -> (artifact id: '6680097993564aa4d45e8b145cfa9f8b') in 0.018090 seconds 
========================================================================
Received Import Request.
  Time since last request: 20.214869 seconds.
  path: Assets/Effects/Fire.vfx
  artifactKey: Guid(9fb095f58f3bae345a1455faf1e6e7e5) Importer(815301076,1909f56bfc062723c751e8b465ee728b)
Start importing Assets/Effects/Fire.vfx using Guid(9fb095f58f3bae345a1455faf1e6e7e5) Importer(815301076,1909f56bfc062723c751e8b465ee728b)  -> (artifact id: '13172246e46884fc2083e9e1cfd6f394') in 0.015100 seconds 
========================================================================
Received Import Request.
  Time since last request: 28.492918 seconds.
  path: Assets/Effects/Fire.vfx
  artifactKey: Guid(9fb095f58f3bae345a1455faf1e6e7e5) Importer(815301076,1909f56bfc062723c751e8b465ee728b)
Start importing Assets/Effects/Fire.vfx using Guid(9fb095f58f3bae345a1455faf1e6e7e5) Importer(815301076,1909f56bfc062723c751e8b465ee728b)  -> (artifact id: '477cb9eb2e54b7ed467e474757fce085') in 0.012807 seconds 
========================================================================
Received Import Request.
  Time since last request: 85.963138 seconds.
  path: Assets/Effects/Fire.vfx
  artifactKey: Guid(9fb095f58f3bae345a1455faf1e6e7e5) Importer(815301076,1909f56bfc062723c751e8b465ee728b)
Start importing Assets/Effects/Fire.vfx using Guid(9fb095f58f3bae345a1455faf1e6e7e5) Importer(815301076,1909f56bfc062723c751e8b465ee728b)  -> (artifact id: '30f97ef6bced530424eecc4198ca8a3d') in 0.015323 seconds 
========================================================================
Received Prepare
Registering precompiled user dll's ...
Registered in 0.007981 seconds.
Begin MonoManager ReloadAssembly
Symbol file LoadedFromMemory doesn't match image C:\Users\ryker\Documents\GitHub\UnityProjfects\Particle Project\Library\PackageCache\com.unity.visualscripting@1.8.0\Editor\VisualScripting.Core\Dependencies\YamlDotNet\Unity.VisualScripting.YamlDotNet.dll
Symbol file LoadedFromMemory doesn't match image C:\Users\ryker\Documents\GitHub\UnityProjfects\Particle Project\Library\PackageCache\com.unity.visualscripting@1.8.0\Editor\VisualScripting.Core\Dependencies\DotNetZip\Unity.VisualScripting.IonicZip.dll
Native extension for WindowsStandalone target not found
Native extension for iOS target not found
Native extension for Android target not found
Refreshing native plugins compatible for Editor in 1.02 ms, found 3 plugins.
Preloading 0 native plugins for Editor in 0.00 ms.
Mono: successfully reloaded assembly
- Completed reload, in  1.724 seconds
Domain Reload Profiling:
	ReloadAssembly (1725ms)
		BeginReloadAssembly (218ms)
			ExecutionOrderSort (0ms)
			DisableScriptedObjects (37ms)
			BackupInstance (0ms)
			ReleaseScriptingObjects (0ms)
			CreateAndSetChildDomain (63ms)
		EndReloadAssembly (1379ms)
			LoadAssemblies (107ms)
			RebuildTransferFunctionScriptingTraits (0ms)
			SetupTypeCache (420ms)
			ReleaseScriptCaches (2ms)
			RebuildScriptCaches (106ms)
			SetupLoadedEditorAssemblies (529ms)
				LogAssemblyErrors (0ms)
				InitializePlatformSupportModulesInManaged (35ms)
				SetLoadedEditorAssemblies (0ms)
				RefreshPlugins (1ms)
				BeforeProcessingInitializeOnLoad (125ms)
				ProcessInitializeOnLoadAttributes (325ms)
				ProcessInitializeOnLoadMethodAttributes (34ms)
				AfterProcessingInitializeOnLoad (9ms)
				EditorAssembliesLoaded (0ms)
			ExecutionOrderSort2 (0ms)
			AwakeInstancesAfterBackupRestoration (49ms)
Platform modules already initialized, skipping
Refreshing native plugins compatible for Editor in 3.38 ms, found 3 plugins.
Preloading 0 native plugins for Editor in 0.00 ms.
Unloading 5979 Unused Serialized files (Serialized files now loaded: 0)
Unloading 45 unused Assets / (3.9 MB). Loaded Objects now: 7065.
Memory consumption went from 278.3 MB to 274.5 MB.
Total: 4.370500 ms (FindLiveObjects: 0.499600 ms CreateObjectMapping: 0.388000 ms MarkObjects: 2.752700 ms  DeleteObjects: 0.729400 ms)

AssetImportParameters requested are different than current active one (requested -> active):
  custom:video-decoder-ogg-theora: a1e56fd34408186e4bbccfd4996cb3dc -> 
  custom:container-muxer-webm: aa71ff27fc2769a1b78a27578f13a17b -> 
  custom:container-demuxer-webm: 4f35f7cbe854078d1ac9338744f61a02 -> 
  custom:video-encoder-webm-vp8: eb34c28f22e8b96e1ab97ce403110664 -> 
  custom:video-codec-MediaFoundation-h265: 746d11721c4dcdbdad8f713fa42b33f4 -> 
  custom:audio-encoder-webm-vorbis: bf7c407c2cedff20999df2af8eb42d56 -> 
  custom:framework-win-MediaFoundation: 216162199b28c13a410421893ffa2e32 -> 
  custom:container-demuxer-ogg: 62fdf1f143b41e24485cea50d1cbac27 -> 
  custom:video-decoder-webm-vp8: 9c59270c3fd7afecdb556c50c9e8de78 -> 
  custom:audio-decoder-ogg-vorbis: bf7c407c2cedff20999df2af8eb42d56 -> 
